wall=2026-04-24T15:38:18.777 t_ms=109 event=nav.open_tool_page.begin page_key='tools' current_cls='HomePage'
wall=2026-04-24T15:38:18.778 t_ms=109 event=nav.open_tool_page.done page_key='tools' current_cls='HomePage'
wall=2026-04-24T15:38:28.772 t_ms=10094 event=nav.open_jaws_view.begin mode='all' current_cls='HomePage'
wall=2026-04-24T15:38:28.773 t_ms=10094 event=nav.open_jaws_view.done mode='all' target='jaws_page'
wall=2026-04-24T15:38:33.154 t_ms=14484 event=models_tab.materialize.begin launch_id='jaw-edit-991c0b8a' dialog_cls='AddEditJawDialog'
wall=2026-04-24T15:38:33.191 t_ms=14516 event=models_tab.materialize.done launch_id='jaw-edit-991c0b8a' preview_cls='StlPreviewWidget' dialog_cls='AddEditJawDialog'
wall=2026-04-24T15:38:45.756 t_ms=27079 event=snapshot_for_save.enter_nested_loop timeout_ms='350'
wall=2026-04-24T15:38:45.758 t_ms=27079 event=snapshot_for_save.exit_nested_loop done='True'
wall=2026-04-24T15:38:45.758 t_ms=27094 event=jaw.accept.captured jaw_id='BG00913834-1' stl_len='259' model_table_rows='1' assembly_transform_enabled='True' models_tab_materialized='True'
wall=2026-04-24T15:38:48.582 t_ms=29907 event=models_tab.materialize.begin launch_id='jaw-edit-1de0db24' dialog_cls='AddEditJawDialog'
wall=2026-04-24T15:38:48.618 t_ms=29954 event=models_tab.materialize.done launch_id='jaw-edit-1de0db24' preview_cls='StlPreviewWidget' dialog_cls='AddEditJawDialog'
wall=2026-04-24T15:38:49.917 t_ms=31250 event=jaw.reject models_tab_materialized='True'
wall=2026-04-24T15:39:39.090 t_ms=108 event=nav.open_tool_page.begin page_key='tools' current_cls='HomePage'
wall=2026-04-24T15:39:39.091 t_ms=108 event=nav.open_tool_page.done page_key='tools' current_cls='HomePage'
wall=2026-04-24T15:39:41.920 t_ms=2936 event=nav.open_jaws_view.begin mode='all' current_cls='HomePage'
wall=2026-04-24T15:39:41.921 t_ms=2936 event=nav.open_jaws_view.done mode='all' target='jaws_page'
wall=2026-04-24T15:39:45.635 t_ms=6655 event=models_tab.materialize.begin launch_id='jaw-edit-711cf73f' dialog_cls='AddEditJawDialog'
wall=2026-04-24T15:39:45.673 t_ms=6686 event=models_tab.materialize.done launch_id='jaw-edit-711cf73f' preview_cls='StlPreviewWidget' dialog_cls='AddEditJawDialog'
wall=2026-04-24T15:39:52.811 t_ms=13827 event=snapshot_for_save.enter_nested_loop timeout_ms='350'
wall=2026-04-24T15:39:52.812 t_ms=13827 event=snapshot_for_save.exit_nested_loop done='True'
wall=2026-04-24T15:39:52.812 t_ms=13827 event=jaw.accept.captured jaw_id='BG00913834-1' stl_len='259' model_table_rows='1' assembly_transform_enabled='True' models_tab_materialized='True'
wall=2026-04-24T15:39:56.788 t_ms=17796 event=models_tab.materialize.begin launch_id='jaw-edit-229d3d9f' dialog_cls='AddEditJawDialog'
wall=2026-04-24T15:39:56.822 t_ms=17843 event=models_tab.materialize.done launch_id='jaw-edit-229d3d9f' preview_cls='StlPreviewWidget' dialog_cls='AddEditJawDialog'
wall=2026-04-24T15:39:58.418 t_ms=19436 event=jaw.reject models_tab_materialized='True'
wall=2026-04-24T15:40:10.840 t_ms=31858 event=jaw.copy.prompt.before source_jaw_id='BG00913834-1' prompt_func='prompt_line_text'
wall=2026-04-24T15:40:13.603 t_ms=34625 event=jaw.copy.prompt.after accepted='True' new_id='TEST33'
wall=2026-04-24T15:40:13.606 t_ms=34625 event=jaw.copy.save.exception err='Internal C++ object (PySide6.QtWidgets.QLineEdit) already deleted.' type='RuntimeError'
wall=2026-04-24T15:49:50.628 t_ms=94 event=nav.open_tool_page.begin page_key='tools' current_cls='HomePage'
wall=2026-04-24T15:49:50.628 t_ms=94 event=nav.open_tool_page.done page_key='tools' current_cls='HomePage'
wall=2026-04-24T15:50:04.281 t_ms=13750 event=nav.open_jaws_view.begin mode='all' current_cls='HomePage'
wall=2026-04-24T15:50:04.282 t_ms=13750 event=nav.open_jaws_view.done mode='all' target='jaws_page'
wall=2026-04-24T15:50:08.916 t_ms=18390 event=models_tab.materialize.begin launch_id='jaw-edit-9bea22a3' dialog_cls='AddEditJawDialog'
wall=2026-04-24T15:50:08.953 t_ms=18422 event=models_tab.materialize.done launch_id='jaw-edit-9bea22a3' preview_cls='StlPreviewWidget' dialog_cls='AddEditJawDialog'
wall=2026-04-24T15:50:09.190 t_ms=18656 event=jaw.edit.exec.returned result='0' accepted_const='1' has_accepted_data='False'
wall=2026-04-24T15:50:16.920 t_ms=26390 event=snapshot_for_save.enter_nested_loop timeout_ms='350'
wall=2026-04-24T15:50:16.921 t_ms=26390 event=snapshot_for_save.exit_nested_loop done='True'
wall=2026-04-24T15:50:16.922 t_ms=26390 event=jaw.accept.captured jaw_id='BG00913834-1' stl_len='174' model_table_rows='1' assembly_transform_enabled='True' models_tab_materialized='True'
wall=2026-04-24T15:50:19.728 t_ms=29203 event=models_tab.materialize.begin launch_id='jaw-edit-b18cb2e5' dialog_cls='AddEditJawDialog'
wall=2026-04-24T15:50:19.765 t_ms=29234 event=models_tab.materialize.done launch_id='jaw-edit-b18cb2e5' preview_cls='StlPreviewWidget' dialog_cls='AddEditJawDialog'
wall=2026-04-24T15:50:20.032 t_ms=29500 event=jaw.edit.exec.returned result='0' accepted_const='1' has_accepted_data='False'
wall=2026-04-24T15:50:21.851 t_ms=31312 event=jaw.reject models_tab_materialized='True'
wall=2026-04-24T15:50:25.902 t_ms=35375 event=jaw.delete.begin jaw_id='TEST12345' initial_load_done='True' page_visible='True'
wall=2026-04-24T15:50:29.081 t_ms=38547 event=jaw.copy.prompt.before source_jaw_id='TEST1234' prompt_func='prompt_line_text'
wall=2026-04-24T15:50:33.662 t_ms=43125 event=jaw.copy.prompt.after accepted='True' new_id='TEST12345'
wall=2026-04-24T15:50:33.663 t_ms=43125 event=jaw.copy.save.before_save new_id='TEST12345'
wall=2026-04-24T15:50:33.665 t_ms=43140 event=jaw.copy.save.after_save
wall=2026-04-24T15:50:33.666 t_ms=43140 event=jaw.copy.save.before_refresh
wall=2026-04-24T15:50:33.666 t_ms=43140 event=jaw.copy.save.exception err='Internal C++ object (PySide6.QtWidgets.QLineEdit) already deleted.' type='RuntimeError' tb='Traceback (most recent call last):\\n  File "C:\\Users\\Omistaja\\Desktop\\NTX Setup Manager\\Tools and jaws Library\\ui\\jaw_page_support\\crud_actions.py", line 421, in copy_jaw\\n    page.refresh_catalog()\\n  File "C:\\Users\\Omistaja\\Desktop\\NTX Setup Manager\\Tools and jaws Library\\ui\\jaw_page.py", line 513, in refresh_catalog\\n    items = self.apply_filters({\'search\': self.search_input.text().strip(), **filt...<truncated>'
wall=2026-04-24T15:50:40.582 t_ms=50047 event=jaw.delete.begin jaw_id='TEST1234' initial_load_done='True' page_visible='True'
wall=2026-04-24T15:55:32.268 t_ms=109 event=nav.open_tool_page.begin page_key='tools' current_cls='HomePage'
wall=2026-04-24T15:55:32.269 t_ms=109 event=nav.open_tool_page.done page_key='tools' current_cls='HomePage'
wall=2026-04-24T15:55:42.580 t_ms=10422 event=nav.open_jaws_view.begin mode='all' current_cls='HomePage'
wall=2026-04-24T15:55:42.581 t_ms=10422 event=nav.open_jaws_view.done mode='all' target='jaws_page'
wall=2026-04-24T15:55:44.303 t_ms=12140 event=jaw.edit.entry current_jaw_id='BG00913834-1'
wall=2026-04-24T15:55:44.348 t_ms=12187 event=jaw.edit.exec.before_call dlg_id='2686429216064'
wall=2026-04-24T15:55:45.263 t_ms=13109 event=models_tab.materialize.begin launch_id='jaw-edit-728d7cf7' dialog_cls='AddEditJawDialog'
wall=2026-04-24T15:55:45.300 t_ms=13140 event=models_tab.materialize.done launch_id='jaw-edit-728d7cf7' preview_cls='StlPreviewWidget' dialog_cls='AddEditJawDialog'
wall=2026-04-24T15:55:45.524 t_ms=13359 event=jaw.edit.exec.returned result='0' accepted_const='1' has_accepted_data='False' dlg_id='2686429216064'
wall=2026-04-24T15:55:49.438 t_ms=17281 event=jaw.accept.entry dlg_id='2686429216064' visible='True' jaw_id_text='BG00913834-1'
wall=2026-04-24T15:55:49.439 t_ms=17281 event=snapshot_for_save.enter_nested_loop timeout_ms='350'
wall=2026-04-24T15:55:49.440 t_ms=17281 event=snapshot_for_save.exit_nested_loop done='True'
wall=2026-04-24T15:55:49.441 t_ms=17281 event=jaw.accept.captured jaw_id='BG00913834-1' stl_len='259' model_table_rows='1' assembly_transform_enabled='True' models_tab_materialized='True'
wall=2026-04-24T15:55:52.799 t_ms=20640 event=jaw.edit.entry current_jaw_id='BG00913834-1'
wall=2026-04-24T15:55:52.836 t_ms=20672 event=jaw.edit.exec.before_call dlg_id='2686429428928'
wall=2026-04-24T15:55:53.756 t_ms=21594 event=models_tab.materialize.begin launch_id='jaw-edit-a738f45b' dialog_cls='AddEditJawDialog'
wall=2026-04-24T15:55:53.791 t_ms=21640 event=models_tab.materialize.done launch_id='jaw-edit-a738f45b' preview_cls='StlPreviewWidget' dialog_cls='AddEditJawDialog'
wall=2026-04-24T15:55:54.024 t_ms=21875 event=jaw.edit.exec.returned result='0' accepted_const='1' has_accepted_data='False' dlg_id='2686429428928'
wall=2026-04-24T15:55:55.043 t_ms=22890 event=jaw.accept.entry dlg_id='2686429428928' visible='True' jaw_id_text='BG00913834-1'
wall=2026-04-24T15:55:55.045 t_ms=22890 event=snapshot_for_save.enter_nested_loop timeout_ms='350'
wall=2026-04-24T15:55:55.046 t_ms=22890 event=snapshot_for_save.exit_nested_loop done='True'
wall=2026-04-24T15:55:55.046 t_ms=22890 event=jaw.accept.captured jaw_id='BG00913834-1' stl_len='165' model_table_rows='1' assembly_transform_enabled='True' models_tab_materialized='True'
wall=2026-04-24T15:56:02.333 t_ms=30172 event=jaw.accept.entry dlg_id='2686429425024' visible='True' jaw_id_text='TEST111'
wall=2026-04-24T15:56:02.334 t_ms=30172 event=snapshot_for_save.skip.bypassed_preview
wall=2026-04-24T15:56:02.335 t_ms=30172 event=jaw.accept.captured jaw_id='TEST111' stl_len='0' model_table_rows='0' assembly_transform_enabled='True' models_tab_materialized='False'
wall=2026-04-24T15:56:02.345 t_ms=30187 event=jaw.save_from_dialog.entry dlg_id='2686429425024' original_jaw_id='None' has_accepted_method='True' has_accepted_data='True'
wall=2026-04-24T15:56:02.346 t_ms=30187 event=jaw.save.begin original_jaw_id='None' new_jaw_id='TEST111' stl_path_len='0' has_accepted_method='True' keys="['clamping_diameter_text', 'clamping_length', 'jaw_id', 'jaw_type', 'last_modified', 'measurement_overlays', 'notes', 'preview_fine_transform', 'preview_plane', 'preview_rot_x', 'preview_rot_y', 'preview_rot_z', 'preview_selected_part', 'preview_selected_parts', 'preview_transform_mode', 'spindle_side', 'stl_path', 'turning_washer', 'used_in_work']"
wall=2026-04-24T15:56:02.347 t_ms=30187 event=jaw.save.pre_refresh new_jaw_id='TEST111' initial_load_done='True' page_visible='True'
wall=2026-04-24T15:56:02.348 t_ms=30187 event=jaw.save.post_refresh new_jaw_id='TEST111' readback_stl_len='0' readback_keys="['clamping_diameter_text', 'clamping_length', 'jaw_id', 'jaw_type', 'last_modified', 'measurement_overlays', 'notes', 'preview_fine_transform', 'preview_plane', 'preview_rot_x', 'preview_rot_y', 'preview_rot_z', 'preview_selected_part', 'preview_selected_parts', 'preview_transform_mode', 'spindle_side', 'stl_path', 'turning_washer', 'used_in_work']"
wall=2026-04-24T15:56:05.337 t_ms=33187 event=jaw.edit.entry current_jaw_id='TEST111'
wall=2026-04-24T15:56:05.373 t_ms=33219 event=jaw.edit.exec.before_call dlg_id='2686429632448'
wall=2026-04-24T15:56:06.101 t_ms=33937 event=models_tab.materialize.begin launch_id='jaw-edit-9549a900' dialog_cls='AddEditJawDialog'
wall=2026-04-24T15:56:06.135 t_ms=33984 event=models_tab.materialize.done launch_id='jaw-edit-9549a900' preview_cls='StlPreviewWidget' dialog_cls='AddEditJawDialog'
wall=2026-04-24T15:56:06.381 t_ms=34219 event=jaw.edit.exec.returned result='0' accepted_const='1' has_accepted_data='False' dlg_id='2686429632448'
wall=2026-04-24T15:56:09.125 t_ms=36969 event=jaw.accept.entry dlg_id='2686429632448' visible='True' jaw_id_text='TEST111'
wall=2026-04-24T15:56:09.126 t_ms=36969 event=snapshot_for_save.enter_nested_loop timeout_ms='350'
wall=2026-04-24T15:56:09.127 t_ms=36969 event=snapshot_for_save.exit_nested_loop done='True'
wall=2026-04-24T15:56:09.128 t_ms=36969 event=jaw.accept.captured jaw_id='TEST111' stl_len='174' model_table_rows='1' assembly_transform_enabled='True' models_tab_materialized='True'
wall=2026-04-24T15:56:17.751 t_ms=45594 event=jaw.delete.begin jaw_id='TEST111' initial_load_done='True' page_visible='True'
wall=2026-04-24T15:56:17.755 t_ms=45594 event=jaw.delete.post_refresh jaw_id='TEST111' before_rows='4' after_rows='3' initial_load_done='True' page_visible='True'
wall=2026-04-24T15:56:19.809 t_ms=47656 event=jaw.copy.prompt.before source_jaw_id='TEST12345' prompt_func='prompt_line_text'
wall=2026-04-24T15:56:22.870 t_ms=50719 event=jaw.copy.prompt.after accepted='True' new_id='TEST222'
wall=2026-04-24T15:56:22.870 t_ms=50719 event=jaw.copy.save.before_save new_id='TEST222'
wall=2026-04-24T15:56:22.872 t_ms=50719 event=jaw.copy.save.after_save
wall=2026-04-24T15:56:22.872 t_ms=50719 event=jaw.copy.save.before_refresh
wall=2026-04-24T15:56:22.874 t_ms=50719 event=jaw.copy.save.after_refresh
wall=2026-04-24T15:56:22.874 t_ms=50719 event=jaw.copy.save.before_populate got_keys="['clamping_diameter_text', 'clamping_length', 'jaw_id', 'jaw_type', 'last_modified', 'measurement_overlays', 'notes', 'preview_fine_transform', 'preview_plane', 'preview_rot_x', 'preview_rot_y', 'preview_rot_z', 'preview_selected_part', 'preview_selected_parts', 'preview_transform_mode', 'spindle_side', 'stl_path', 'turning_washer', 'used_in_work']"
wall=2026-04-24T15:56:22.879 t_ms=50719 event=jaw.copy.save.after_populate
wall=2026-04-24T15:56:33.845 t_ms=61687 event=jaw.accept.entry dlg_id='2686429639040' visible='True' jaw_id_text='TEST444'
wall=2026-04-24T15:56:33.846 t_ms=61687 event=snapshot_for_save.skip.bypassed_preview
wall=2026-04-24T15:56:33.846 t_ms=61687 event=jaw.accept.captured jaw_id='TEST444' stl_len='0' model_table_rows='0' assembly_transform_enabled='True' models_tab_materialized='False'
wall=2026-04-24T15:56:33.858 t_ms=61703 event=jaw.save_from_dialog.entry dlg_id='2686429639040' original_jaw_id='None' has_accepted_method='True' has_accepted_data='True'
wall=2026-04-24T15:56:33.858 t_ms=61703 event=jaw.save.begin original_jaw_id='None' new_jaw_id='TEST444' stl_path_len='0' has_accepted_method='True' keys="['clamping_diameter_text', 'clamping_length', 'jaw_id', 'jaw_type', 'last_modified', 'measurement_overlays', 'notes', 'preview_fine_transform', 'preview_plane', 'preview_rot_x', 'preview_rot_y', 'preview_rot_z', 'preview_selected_part', 'preview_selected_parts', 'preview_transform_mode', 'spindle_side', 'stl_path', 'turning_washer', 'used_in_work']"
wall=2026-04-24T15:56:33.860 t_ms=61703 event=jaw.save.pre_refresh new_jaw_id='TEST444' initial_load_done='True' page_visible='True'
wall=2026-04-24T15:56:33.861 t_ms=61703 event=jaw.save.post_refresh new_jaw_id='TEST444' readback_stl_len='0' readback_keys="['clamping_diameter_text', 'clamping_length', 'jaw_id', 'jaw_type', 'last_modified', 'measurement_overlays', 'notes', 'preview_fine_transform', 'preview_plane', 'preview_rot_x', 'preview_rot_y', 'preview_rot_z', 'preview_selected_part', 'preview_selected_parts', 'preview_transform_mode', 'spindle_side', 'stl_path', 'turning_washer', 'used_in_work']"
wall=2026-04-24T15:56:38.096 t_ms=65937 event=jaw.edit.entry current_jaw_id='TEST444'
wall=2026-04-24T15:56:38.132 t_ms=65969 event=jaw.edit.exec.before_call dlg_id='2686429777600'
wall=2026-04-24T15:56:38.605 t_ms=66453 event=models_tab.materialize.begin launch_id='jaw-edit-b4dd0c93' dialog_cls='AddEditJawDialog'
wall=2026-04-24T15:56:38.639 t_ms=66484 event=models_tab.materialize.done launch_id='jaw-edit-b4dd0c93' preview_cls='StlPreviewWidget' dialog_cls='AddEditJawDialog'
wall=2026-04-24T15:56:38.882 t_ms=66719 event=jaw.edit.exec.returned result='0' accepted_const='1' has_accepted_data='False' dlg_id='2686429777600'
wall=2026-04-24T15:56:42.674 t_ms=70515 event=jaw.accept.entry dlg_id='2686429777600' visible='True' jaw_id_text='TEST444'
wall=2026-04-24T15:56:42.675 t_ms=70515 event=snapshot_for_save.enter_nested_loop timeout_ms='350'
wall=2026-04-24T15:56:42.676 t_ms=70515 event=snapshot_for_save.exit_nested_loop done='True'
wall=2026-04-24T15:56:42.676 t_ms=70515 event=jaw.accept.captured jaw_id='TEST444' stl_len='174' model_table_rows='1' assembly_transform_enabled='True' models_tab_materialized='True'
wall=2026-04-24T15:56:44.855 t_ms=72703 event=jaw.edit.entry current_jaw_id='TEST444'
wall=2026-04-24T15:56:44.892 t_ms=72734 event=jaw.edit.exec.before_call dlg_id='2686158678912'
wall=2026-04-24T15:56:45.421 t_ms=73265 event=models_tab.materialize.begin launch_id='jaw-edit-17f7cad3' dialog_cls='AddEditJawDialog'
wall=2026-04-24T15:56:45.456 t_ms=73297 event=models_tab.materialize.done launch_id='jaw-edit-17f7cad3' preview_cls='StlPreviewWidget' dialog_cls='AddEditJawDialog'
wall=2026-04-24T15:56:45.690 t_ms=73531 event=jaw.edit.exec.returned result='0' accepted_const='1' has_accepted_data='False' dlg_id='2686158678912'
wall=2026-04-24T15:56:47.147 t_ms=74984 event=jaw.reject dlg_id='2686158678912' models_tab_materialized='True'
