2026-04-14 11:24:37,374 shared.services.localization_service WARNING localization: failed to load catalog C:\Users\pz9079\AppData\Local\Temp\tmpvx8iqm6j\i18n\en.json
Traceback (most recent call last):
  File "C:\Users\pz9079\NTX Setup Manager\shared\services\localization_service.py", line 53, in _read_catalog_file
    payload = json.loads(path.read_text(encoding="utf-8"))
  File "C:\Program Files\WindowsApps\PythonSoftwareFoundation.Python.3.13_3.13.3568.0_x64__qbz5n2kfra8p0\Lib\json\__init__.py", line 352, in loads
    return _default_decoder.decode(s)
           ~~~~~~~~~~~~~~~~~~~~~~~^^^
  File "C:\Program Files\WindowsApps\PythonSoftwareFoundation.Python.3.13_3.13.3568.0_x64__qbz5n2kfra8p0\Lib\json\decoder.py", line 345, in decode
    obj, end = self.raw_decode(s, idx=_w(s, 0).end())
               ~~~~~~~~~~~~~~~^^^^^^^^^^^^^^^^^^^^^^^
  File "C:\Program Files\WindowsApps\PythonSoftwareFoundation.Python.3.13_3.13.3568.0_x64__qbz5n2kfra8p0\Lib\json\decoder.py", line 363, in raw_decode
    raise JSONDecodeError("Expecting value", s, err.value) from None
json.decoder.JSONDecodeError: Expecting value: line 1 column 1 (char 0)
2026-04-14 11:24:37,380 shared.services.localization_service WARNING localization: failed to load catalog C:\Users\pz9079\AppData\Local\Temp\tmpvx8iqm6j\i18n\en.json
Traceback (most recent call last):
  File "C:\Users\pz9079\NTX Setup Manager\shared\services\localization_service.py", line 53, in _read_catalog_file
    payload = json.loads(path.read_text(encoding="utf-8"))
  File "C:\Program Files\WindowsApps\PythonSoftwareFoundation.Python.3.13_3.13.3568.0_x64__qbz5n2kfra8p0\Lib\json\__init__.py", line 352, in loads
    return _default_decoder.decode(s)
           ~~~~~~~~~~~~~~~~~~~~~~~^^^
  File "C:\Program Files\WindowsApps\PythonSoftwareFoundation.Python.3.13_3.13.3568.0_x64__qbz5n2kfra8p0\Lib\json\decoder.py", line 345, in decode
    obj, end = self.raw_decode(s, idx=_w(s, 0).end())
               ~~~~~~~~~~~~~~~^^^^^^^^^^^^^^^^^^^^^^^
  File "C:\Program Files\WindowsApps\PythonSoftwareFoundation.Python.3.13_3.13.3568.0_x64__qbz5n2kfra8p0\Lib\json\decoder.py", line 363, in raw_decode
    raise JSONDecodeError("Expecting value", s, err.value) from None
json.decoder.JSONDecodeError: Expecting value: line 1 column 1 (char 0)
2026-04-14 11:24:37,411 shared.services.localization_service DEBUG localization: format failed for key='msg' kwargs={'wrong_kwarg': 'x'}
2026-04-14 11:25:06,378 shared.services.localization_service WARNING localization: failed to load catalog C:\Users\pz9079\AppData\Local\Temp\tmpar5bbb1n\i18n\en.json
Traceback (most recent call last):
  File "C:\Users\pz9079\NTX Setup Manager\shared\services\localization_service.py", line 53, in _read_catalog_file
    payload = json.loads(path.read_text(encoding="utf-8"))
  File "C:\Program Files\WindowsApps\PythonSoftwareFoundation.Python.3.13_3.13.3568.0_x64__qbz5n2kfra8p0\Lib\json\__init__.py", line 352, in loads
    return _default_decoder.decode(s)
           ~~~~~~~~~~~~~~~~~~~~~~~^^^
  File "C:\Program Files\WindowsApps\PythonSoftwareFoundation.Python.3.13_3.13.3568.0_x64__qbz5n2kfra8p0\Lib\json\decoder.py", line 345, in decode
    obj, end = self.raw_decode(s, idx=_w(s, 0).end())
               ~~~~~~~~~~~~~~~^^^^^^^^^^^^^^^^^^^^^^^
  File "C:\Program Files\WindowsApps\PythonSoftwareFoundation.Python.3.13_3.13.3568.0_x64__qbz5n2kfra8p0\Lib\json\decoder.py", line 363, in raw_decode
    raise JSONDecodeError("Expecting value", s, err.value) from None
json.decoder.JSONDecodeError: Expecting value: line 1 column 1 (char 0)
2026-04-14 11:25:06,384 shared.services.localization_service WARNING localization: failed to load catalog C:\Users\pz9079\AppData\Local\Temp\tmpar5bbb1n\i18n\en.json
Traceback (most recent call last):
  File "C:\Users\pz9079\NTX Setup Manager\shared\services\localization_service.py", line 53, in _read_catalog_file
    payload = json.loads(path.read_text(encoding="utf-8"))
  File "C:\Program Files\WindowsApps\PythonSoftwareFoundation.Python.3.13_3.13.3568.0_x64__qbz5n2kfra8p0\Lib\json\__init__.py", line 352, in loads
    return _default_decoder.decode(s)
           ~~~~~~~~~~~~~~~~~~~~~~~^^^
  File "C:\Program Files\WindowsApps\PythonSoftwareFoundation.Python.3.13_3.13.3568.0_x64__qbz5n2kfra8p0\Lib\json\decoder.py", line 345, in decode
    obj, end = self.raw_decode(s, idx=_w(s, 0).end())
               ~~~~~~~~~~~~~~~^^^^^^^^^^^^^^^^^^^^^^^
  File "C:\Program Files\WindowsApps\PythonSoftwareFoundation.Python.3.13_3.13.3568.0_x64__qbz5n2kfra8p0\Lib\json\decoder.py", line 363, in raw_decode
    raise JSONDecodeError("Expecting value", s, err.value) from None
json.decoder.JSONDecodeError: Expecting value: line 1 column 1 (char 0)
2026-04-14 11:25:06,413 shared.services.localization_service DEBUG localization: format failed for key='msg' kwargs={'wrong_kwarg': 'x'}
2026-04-14 11:25:23,662 shared.services.localization_service WARNING localization: failed to load catalog C:\Users\pz9079\AppData\Local\Temp\tmpg2ezfx1e\i18n\en.json
Traceback (most recent call last):
  File "C:\Users\pz9079\NTX Setup Manager\shared\services\localization_service.py", line 53, in _read_catalog_file
    payload = json.loads(path.read_text(encoding="utf-8"))
  File "C:\Program Files\WindowsApps\PythonSoftwareFoundation.Python.3.13_3.13.3568.0_x64__qbz5n2kfra8p0\Lib\json\__init__.py", line 352, in loads
    return _default_decoder.decode(s)
           ~~~~~~~~~~~~~~~~~~~~~~~^^^
  File "C:\Program Files\WindowsApps\PythonSoftwareFoundation.Python.3.13_3.13.3568.0_x64__qbz5n2kfra8p0\Lib\json\decoder.py", line 345, in decode
    obj, end = self.raw_decode(s, idx=_w(s, 0).end())
               ~~~~~~~~~~~~~~~^^^^^^^^^^^^^^^^^^^^^^^
  File "C:\Program Files\WindowsApps\PythonSoftwareFoundation.Python.3.13_3.13.3568.0_x64__qbz5n2kfra8p0\Lib\json\decoder.py", line 363, in raw_decode
    raise JSONDecodeError("Expecting value", s, err.value) from None
json.decoder.JSONDecodeError: Expecting value: line 1 column 1 (char 0)
2026-04-14 11:25:23,667 shared.services.localization_service WARNING localization: failed to load catalog C:\Users\pz9079\AppData\Local\Temp\tmpg2ezfx1e\i18n\en.json
Traceback (most recent call last):
  File "C:\Users\pz9079\NTX Setup Manager\shared\services\localization_service.py", line 53, in _read_catalog_file
    payload = json.loads(path.read_text(encoding="utf-8"))
  File "C:\Program Files\WindowsApps\PythonSoftwareFoundation.Python.3.13_3.13.3568.0_x64__qbz5n2kfra8p0\Lib\json\__init__.py", line 352, in loads
    return _default_decoder.decode(s)
           ~~~~~~~~~~~~~~~~~~~~~~~^^^
  File "C:\Program Files\WindowsApps\PythonSoftwareFoundation.Python.3.13_3.13.3568.0_x64__qbz5n2kfra8p0\Lib\json\decoder.py", line 345, in decode
    obj, end = self.raw_decode(s, idx=_w(s, 0).end())
               ~~~~~~~~~~~~~~~^^^^^^^^^^^^^^^^^^^^^^^
  File "C:\Program Files\WindowsApps\PythonSoftwareFoundation.Python.3.13_3.13.3568.0_x64__qbz5n2kfra8p0\Lib\json\decoder.py", line 363, in raw_decode
    raise JSONDecodeError("Expecting value", s, err.value) from None
json.decoder.JSONDecodeError: Expecting value: line 1 column 1 (char 0)
2026-04-14 11:25:23,696 shared.services.localization_service DEBUG localization: format failed for key='msg' kwargs={'wrong_kwarg': 'x'}
2026-04-14 11:48:50,969 shared.services.localization_service WARNING localization: failed to load catalog C:\Users\pz9079\AppData\Local\Temp\tmpbpt6kodo\i18n\en.json
Traceback (most recent call last):
  File "C:\Users\pz9079\NTX Setup Manager\shared\services\localization_service.py", line 53, in _read_catalog_file
    payload = json.loads(path.read_text(encoding="utf-8"))
  File "C:\Program Files\WindowsApps\PythonSoftwareFoundation.Python.3.13_3.13.3568.0_x64__qbz5n2kfra8p0\Lib\json\__init__.py", line 352, in loads
    return _default_decoder.decode(s)
           ~~~~~~~~~~~~~~~~~~~~~~~^^^
  File "C:\Program Files\WindowsApps\PythonSoftwareFoundation.Python.3.13_3.13.3568.0_x64__qbz5n2kfra8p0\Lib\json\decoder.py", line 345, in decode
    obj, end = self.raw_decode(s, idx=_w(s, 0).end())
               ~~~~~~~~~~~~~~~^^^^^^^^^^^^^^^^^^^^^^^
  File "C:\Program Files\WindowsApps\PythonSoftwareFoundation.Python.3.13_3.13.3568.0_x64__qbz5n2kfra8p0\Lib\json\decoder.py", line 363, in raw_decode
    raise JSONDecodeError("Expecting value", s, err.value) from None
json.decoder.JSONDecodeError: Expecting value: line 1 column 1 (char 0)
2026-04-14 11:48:51,001 shared.services.localization_service WARNING localization: failed to load catalog C:\Users\pz9079\AppData\Local\Temp\tmpbpt6kodo\i18n\en.json
Traceback (most recent call last):
  File "C:\Users\pz9079\NTX Setup Manager\shared\services\localization_service.py", line 53, in _read_catalog_file
    payload = json.loads(path.read_text(encoding="utf-8"))
  File "C:\Program Files\WindowsApps\PythonSoftwareFoundation.Python.3.13_3.13.3568.0_x64__qbz5n2kfra8p0\Lib\json\__init__.py", line 352, in loads
    return _default_decoder.decode(s)
           ~~~~~~~~~~~~~~~~~~~~~~~^^^
  File "C:\Program Files\WindowsApps\PythonSoftwareFoundation.Python.3.13_3.13.3568.0_x64__qbz5n2kfra8p0\Lib\json\decoder.py", line 345, in decode
    obj, end = self.raw_decode(s, idx=_w(s, 0).end())
               ~~~~~~~~~~~~~~~^^^^^^^^^^^^^^^^^^^^^^^
  File "C:\Program Files\WindowsApps\PythonSoftwareFoundation.Python.3.13_3.13.3568.0_x64__qbz5n2kfra8p0\Lib\json\decoder.py", line 363, in raw_decode
    raise JSONDecodeError("Expecting value", s, err.value) from None
json.decoder.JSONDecodeError: Expecting value: line 1 column 1 (char 0)
2026-04-14 11:48:51,005 shared.services.localization_service DEBUG localization: format failed for key='msg' kwargs={'wrong_kwarg': 'x'}
2026-04-14 11:53:30,897 ui.main_window DEBUG selector: opening 'tools' dialog — head='HEAD1' spindle='main' show=True
2026-04-14 11:56:45,366 ui.main_window DEBUG selector: opening 'tools' dialog — head='HEAD1' spindle='main' show=True
2026-04-14 11:57:09,252 ui.main_window DEBUG selector: opening 'jaws' dialog — head='' spindle='main' show=True
2026-04-14 11:58:44,906 shared.services.localization_service WARNING localization: failed to load catalog C:\Users\pz9079\AppData\Local\Temp\tmpsaav49fu\i18n\en.json
Traceback (most recent call last):
  File "C:\Users\pz9079\NTX Setup Manager\shared\services\localization_service.py", line 53, in _read_catalog_file
    payload = json.loads(path.read_text(encoding="utf-8"))
  File "C:\Program Files\WindowsApps\PythonSoftwareFoundation.Python.3.13_3.13.3568.0_x64__qbz5n2kfra8p0\Lib\json\__init__.py", line 352, in loads
    return _default_decoder.decode(s)
           ~~~~~~~~~~~~~~~~~~~~~~~^^^
  File "C:\Program Files\WindowsApps\PythonSoftwareFoundation.Python.3.13_3.13.3568.0_x64__qbz5n2kfra8p0\Lib\json\decoder.py", line 345, in decode
    obj, end = self.raw_decode(s, idx=_w(s, 0).end())
               ~~~~~~~~~~~~~~~^^^^^^^^^^^^^^^^^^^^^^^
  File "C:\Program Files\WindowsApps\PythonSoftwareFoundation.Python.3.13_3.13.3568.0_x64__qbz5n2kfra8p0\Lib\json\decoder.py", line 363, in raw_decode
    raise JSONDecodeError("Expecting value", s, err.value) from None
json.decoder.JSONDecodeError: Expecting value: line 1 column 1 (char 0)
2026-04-14 11:58:44,911 shared.services.localization_service WARNING localization: failed to load catalog C:\Users\pz9079\AppData\Local\Temp\tmpsaav49fu\i18n\en.json
Traceback (most recent call last):
  File "C:\Users\pz9079\NTX Setup Manager\shared\services\localization_service.py", line 53, in _read_catalog_file
    payload = json.loads(path.read_text(encoding="utf-8"))
  File "C:\Program Files\WindowsApps\PythonSoftwareFoundation.Python.3.13_3.13.3568.0_x64__qbz5n2kfra8p0\Lib\json\__init__.py", line 352, in loads
    return _default_decoder.decode(s)
           ~~~~~~~~~~~~~~~~~~~~~~~^^^
  File "C:\Program Files\WindowsApps\PythonSoftwareFoundation.Python.3.13_3.13.3568.0_x64__qbz5n2kfra8p0\Lib\json\decoder.py", line 345, in decode
    obj, end = self.raw_decode(s, idx=_w(s, 0).end())
               ~~~~~~~~~~~~~~~^^^^^^^^^^^^^^^^^^^^^^^
  File "C:\Program Files\WindowsApps\PythonSoftwareFoundation.Python.3.13_3.13.3568.0_x64__qbz5n2kfra8p0\Lib\json\decoder.py", line 363, in raw_decode
    raise JSONDecodeError("Expecting value", s, err.value) from None
json.decoder.JSONDecodeError: Expecting value: line 1 column 1 (char 0)
2026-04-14 11:58:44,915 shared.services.localization_service DEBUG localization: format failed for key='msg' kwargs={'wrong_kwarg': 'x'}
2026-04-14 12:03:19,001 shared.services.localization_service WARNING localization: failed to load catalog C:\Users\pz9079\AppData\Local\Temp\tmpzqoe1tsy\i18n\en.json
Traceback (most recent call last):
  File "C:\Users\pz9079\NTX Setup Manager\shared\services\localization_service.py", line 53, in _read_catalog_file
    payload = json.loads(path.read_text(encoding="utf-8"))
  File "C:\Program Files\WindowsApps\PythonSoftwareFoundation.Python.3.13_3.13.3568.0_x64__qbz5n2kfra8p0\Lib\json\__init__.py", line 352, in loads
    return _default_decoder.decode(s)
           ~~~~~~~~~~~~~~~~~~~~~~~^^^
  File "C:\Program Files\WindowsApps\PythonSoftwareFoundation.Python.3.13_3.13.3568.0_x64__qbz5n2kfra8p0\Lib\json\decoder.py", line 345, in decode
    obj, end = self.raw_decode(s, idx=_w(s, 0).end())
               ~~~~~~~~~~~~~~~^^^^^^^^^^^^^^^^^^^^^^^
  File "C:\Program Files\WindowsApps\PythonSoftwareFoundation.Python.3.13_3.13.3568.0_x64__qbz5n2kfra8p0\Lib\json\decoder.py", line 363, in raw_decode
    raise JSONDecodeError("Expecting value", s, err.value) from None
json.decoder.JSONDecodeError: Expecting value: line 1 column 1 (char 0)
2026-04-14 12:03:19,008 shared.services.localization_service WARNING localization: failed to load catalog C:\Users\pz9079\AppData\Local\Temp\tmpzqoe1tsy\i18n\en.json
Traceback (most recent call last):
  File "C:\Users\pz9079\NTX Setup Manager\shared\services\localization_service.py", line 53, in _read_catalog_file
    payload = json.loads(path.read_text(encoding="utf-8"))
  File "C:\Program Files\WindowsApps\PythonSoftwareFoundation.Python.3.13_3.13.3568.0_x64__qbz5n2kfra8p0\Lib\json\__init__.py", line 352, in loads
    return _default_decoder.decode(s)
           ~~~~~~~~~~~~~~~~~~~~~~~^^^
  File "C:\Program Files\WindowsApps\PythonSoftwareFoundation.Python.3.13_3.13.3568.0_x64__qbz5n2kfra8p0\Lib\json\decoder.py", line 345, in decode
    obj, end = self.raw_decode(s, idx=_w(s, 0).end())
               ~~~~~~~~~~~~~~~^^^^^^^^^^^^^^^^^^^^^^^
  File "C:\Program Files\WindowsApps\PythonSoftwareFoundation.Python.3.13_3.13.3568.0_x64__qbz5n2kfra8p0\Lib\json\decoder.py", line 363, in raw_decode
    raise JSONDecodeError("Expecting value", s, err.value) from None
json.decoder.JSONDecodeError: Expecting value: line 1 column 1 (char 0)
2026-04-14 12:03:19,011 shared.services.localization_service DEBUG localization: format failed for key='msg' kwargs={'wrong_kwarg': 'x'}
2026-04-14 12:05:50,312 ui.main_window DEBUG selector: opening 'tools' dialog — head='HEAD1' spindle='main' show=True
2026-04-14 12:13:23,936 ui.main_window DEBUG selector: opening 'tools' dialog — head='HEAD1' spindle='main' show=True
2026-04-14 12:22:23,715 ui.main_window DEBUG selector: opening 'jaws' dialog — head='' spindle='main' show=True
2026-04-14 12:22:32,388 ui.main_window DEBUG selector: opening 'tools' dialog — head='HEAD1' spindle='main' show=True
2026-04-14 13:04:43,521 ui.main_window DEBUG selector: opening 'tools' dialog — head='HEAD1' spindle='main' show=True
