{"ts": "2026-04-18T12:33:19.344796+00:00", "session": "cfa2c62a-f9f9-4440-ac62-5fddcaccaba7", "from": "idle", "to": "opening", "caller": "request_open:tools"}
{"ts": "2026-04-18T12:33:19.615312+00:00", "session": "cfa2c62a-f9f9-4440-ac62-5fddcaccaba7", "from": "opening", "to": "active", "caller": "mount:tools"}
{"ts": "2026-04-18T12:33:21.515067+00:00", "session": "cfa2c62a-f9f9-4440-ac62-5fddcaccaba7", "from": "active", "to": "closing", "caller": "close:submit"}
{"ts": "2026-04-18T12:33:21.648588+00:00", "session": "cfa2c62a-f9f9-4440-ac62-5fddcaccaba7", "from": "closing", "to": "idle", "caller": "host.exit"}
{"ts": "2026-04-18T12:33:22.645307+00:00", "session": "aef52702-f640-4a82-8a91-de8dde42458f", "from": "idle", "to": "opening", "caller": "request_open:tools"}
{"ts": "2026-04-18T12:33:22.761325+00:00", "session": "aef52702-f640-4a82-8a91-de8dde42458f", "from": "opening", "to": "active", "caller": "mount:tools"}
{"ts": "2026-04-18T12:33:25.252203+00:00", "session": "aef52702-f640-4a82-8a91-de8dde42458f", "from": "active", "to": "closing", "caller": "close:submit"}
{"ts": "2026-04-18T12:33:25.387215+00:00", "session": "aef52702-f640-4a82-8a91-de8dde42458f", "from": "closing", "to": "idle", "caller": "host.exit"}
{"ts": "2026-04-18T13:56:55.973035+00:00", "session": "d6fe306b-99b9-43be-aaa1-0e2d9c76b8cd", "from": "idle", "to": "opening", "caller": "request_open:tools"}
{"ts": "2026-04-18T13:56:56.231572+00:00", "session": "d6fe306b-99b9-43be-aaa1-0e2d9c76b8cd", "from": "opening", "to": "active", "caller": "mount:tools"}
{"ts": "2026-04-18T13:56:58.463547+00:00", "session": "d6fe306b-99b9-43be-aaa1-0e2d9c76b8cd", "from": "active", "to": "closing", "caller": "close:submit"}
{"ts": "2026-04-18T13:56:58.628056+00:00", "session": "d6fe306b-99b9-43be-aaa1-0e2d9c76b8cd", "from": "closing", "to": "idle", "caller": "host.exit"}
{"ts": "2026-04-18T14:12:59.588717+00:00", "session": "a7e41508-a9c0-4af6-bc28-2a41a4421eda", "from": "idle", "to": "opening", "caller": "request_open:tools"}
{"ts": "2026-04-18T14:12:59.841722+00:00", "session": "a7e41508-a9c0-4af6-bc28-2a41a4421eda", "from": "opening", "to": "active", "caller": "mount:tools"}
{"ts": "2026-04-18T14:13:01.933813+00:00", "session": "a7e41508-a9c0-4af6-bc28-2a41a4421eda", "from": "active", "to": "closing", "caller": "close:submit"}
{"ts": "2026-04-18T14:13:02.104338+00:00", "session": "a7e41508-a9c0-4af6-bc28-2a41a4421eda", "from": "closing", "to": "idle", "caller": "host.exit"}
{"ts": "2026-04-18T14:40:18.357887+00:00", "session": "a54b5c78-0c00-4bf1-877b-c7e6495131bc", "from": "idle", "to": "opening", "caller": "request_open:tools"}
{"ts": "2026-04-18T14:40:18.615132+00:00", "session": "a54b5c78-0c00-4bf1-877b-c7e6495131bc", "from": "opening", "to": "active", "caller": "mount:tools"}
{"ts": "2026-04-18T14:40:20.484957+00:00", "session": "a54b5c78-0c00-4bf1-877b-c7e6495131bc", "from": "active", "to": "closing", "caller": "close:submit"}
{"ts": "2026-04-18T14:40:20.649964+00:00", "session": "a54b5c78-0c00-4bf1-877b-c7e6495131bc", "from": "closing", "to": "idle", "caller": "host.exit"}
{"ts": "2026-04-18T14:46:37.283984+00:00", "session": "d5eb8946-e090-4b49-b831-c14f97fbec56", "from": "idle", "to": "opening", "caller": "request_open:jaws"}
{"ts": "2026-04-18T14:46:37.395550+00:00", "session": "d5eb8946-e090-4b49-b831-c14f97fbec56", "from": "opening", "to": "active", "caller": "mount:jaws"}
{"ts": "2026-04-18T14:46:38.613586+00:00", "session": "d5eb8946-e090-4b49-b831-c14f97fbec56", "from": "active", "to": "closing", "caller": "close:submit"}
{"ts": "2026-04-18T14:46:38.644588+00:00", "session": "d5eb8946-e090-4b49-b831-c14f97fbec56", "from": "closing", "to": "idle", "caller": "host.exit"}
{"ts": "2026-04-18T14:46:43.610073+00:00", "session": "072b910b-788d-45dc-b07f-220e892661d2", "from": "idle", "to": "opening", "caller": "request_open:jaws"}
{"ts": "2026-04-18T14:46:43.658573+00:00", "session": "072b910b-788d-45dc-b07f-220e892661d2", "from": "opening", "to": "active", "caller": "mount:jaws"}
{"ts": "2026-04-18T14:46:50.404186+00:00", "session": "072b910b-788d-45dc-b07f-220e892661d2", "from": "active", "to": "closing", "caller": "close:submit"}
{"ts": "2026-04-18T14:46:50.435774+00:00", "session": "072b910b-788d-45dc-b07f-220e892661d2", "from": "closing", "to": "idle", "caller": "host.exit"}
{"ts": "2026-04-18T14:47:23.592387+00:00", "session": "7c4567ad-6c2b-4a73-af26-6e868f0a7241", "from": "idle", "to": "opening", "caller": "request_open:jaws"}
{"ts": "2026-04-18T14:47:23.644386+00:00", "session": "7c4567ad-6c2b-4a73-af26-6e868f0a7241", "from": "opening", "to": "active", "caller": "mount:jaws"}
{"ts": "2026-04-18T14:48:10.285007+00:00", "session": "7c4567ad-6c2b-4a73-af26-6e868f0a7241", "from": "active", "to": "closing", "caller": "host.exit:forced-closing"}
{"ts": "2026-04-18T14:48:10.285507+00:00", "session": "7c4567ad-6c2b-4a73-af26-6e868f0a7241", "from": "closing", "to": "idle", "caller": "host.exit"}
{"ts": "2026-04-18T14:55:13.227093+00:00", "session": "c6703519-53b2-43d8-949e-f5dc1796ef68", "from": "idle", "to": "opening", "caller": "request_open:tools"}
{"ts": "2026-04-18T14:55:14.091189+00:00", "session": "c6703519-53b2-43d8-949e-f5dc1796ef68", "from": "opening", "to": "active", "caller": "mount:tools"}
{"ts": "2026-04-18T14:55:16.995604+00:00", "session": "c6703519-53b2-43d8-949e-f5dc1796ef68", "from": "active", "to": "closing", "caller": "close:submit"}
{"ts": "2026-04-18T14:55:17.161120+00:00", "session": "c6703519-53b2-43d8-949e-f5dc1796ef68", "from": "closing", "to": "idle", "caller": "host.exit"}
{"ts": "2026-04-18T14:58:11.699677+00:00", "session": "ed601ced-c0d3-4800-9232-8d9912a07dab", "from": "idle", "to": "opening", "caller": "request_open:tools"}
{"ts": "2026-04-18T14:58:12.547419+00:00", "session": "ed601ced-c0d3-4800-9232-8d9912a07dab", "from": "opening", "to": "active", "caller": "mount:tools"}
{"ts": "2026-04-18T14:58:15.597509+00:00", "session": "ed601ced-c0d3-4800-9232-8d9912a07dab", "from": "active", "to": "closing", "caller": "close:submit"}
{"ts": "2026-04-18T14:58:15.767553+00:00", "session": "ed601ced-c0d3-4800-9232-8d9912a07dab", "from": "closing", "to": "idle", "caller": "host.exit"}
{"ts": "2026-04-18T15:04:37.789155+00:00", "session": "ece1f715-5116-4bdd-b890-c7e3dbad85f5", "from": "idle", "to": "opening", "caller": "request_open:tools"}
{"ts": "2026-04-18T15:04:37.990152+00:00", "session": "ece1f715-5116-4bdd-b890-c7e3dbad85f5", "from": "opening", "to": "active", "caller": "mount:tools"}
{"ts": "2026-04-18T15:04:41.568079+00:00", "session": "ece1f715-5116-4bdd-b890-c7e3dbad85f5", "from": "active", "to": "closing", "caller": "close:submit"}
{"ts": "2026-04-18T15:04:41.735578+00:00", "session": "ece1f715-5116-4bdd-b890-c7e3dbad85f5", "from": "closing", "to": "idle", "caller": "host.exit"}
{"ts": "2026-04-18T15:04:57.129328+00:00", "session": "544050bd-cd3e-4596-863a-f5b69d895f38", "from": "idle", "to": "opening", "caller": "request_open:jaws"}
{"ts": "2026-04-18T15:04:57.218489+00:00", "session": "544050bd-cd3e-4596-863a-f5b69d895f38", "from": "opening", "to": "active", "caller": "mount:jaws"}
{"ts": "2026-04-18T15:05:01.916892+00:00", "session": "544050bd-cd3e-4596-863a-f5b69d895f38", "from": "active", "to": "closing", "caller": "close:submit"}
{"ts": "2026-04-18T15:05:01.935891+00:00", "session": "544050bd-cd3e-4596-863a-f5b69d895f38", "from": "closing", "to": "idle", "caller": "host.exit"}
{"ts": "2026-04-18T15:05:08.447692+00:00", "session": "2e2a7a18-993c-4ae4-8bf3-25247688206b", "from": "idle", "to": "opening", "caller": "request_open:jaws"}
{"ts": "2026-04-18T15:05:08.497692+00:00", "session": "2e2a7a18-993c-4ae4-8bf3-25247688206b", "from": "opening", "to": "active", "caller": "mount:jaws"}
{"ts": "2026-04-18T15:05:10.973096+00:00", "session": "2e2a7a18-993c-4ae4-8bf3-25247688206b", "from": "active", "to": "closing", "caller": "close:submit"}
{"ts": "2026-04-18T15:05:10.999595+00:00", "session": "2e2a7a18-993c-4ae4-8bf3-25247688206b", "from": "closing", "to": "idle", "caller": "host.exit"}
{"ts": "2026-04-18T15:05:20.835744+00:00", "session": "4272f094-6684-4841-b100-5395cd9b38a4", "from": "idle", "to": "opening", "caller": "request_open:tools"}
{"ts": "2026-04-18T15:05:21.008250+00:00", "session": "4272f094-6684-4841-b100-5395cd9b38a4", "from": "opening", "to": "active", "caller": "mount:tools"}
{"ts": "2026-04-18T15:05:29.945757+00:00", "session": "4272f094-6684-4841-b100-5395cd9b38a4", "from": "active", "to": "closing", "caller": "close:submit"}
{"ts": "2026-04-18T15:05:30.090756+00:00", "session": "4272f094-6684-4841-b100-5395cd9b38a4", "from": "closing", "to": "idle", "caller": "host.exit"}
{"ts": "2026-04-18T15:05:33.937830+00:00", "session": "baa2f060-78d8-4f28-ae8b-ab2d442e1798", "from": "idle", "to": "opening", "caller": "request_open:tools"}
{"ts": "2026-04-18T15:05:34.039327+00:00", "session": "baa2f060-78d8-4f28-ae8b-ab2d442e1798", "from": "opening", "to": "active", "caller": "mount:tools"}
{"ts": "2026-04-18T15:05:36.798436+00:00", "session": "baa2f060-78d8-4f28-ae8b-ab2d442e1798", "from": "active", "to": "closing", "caller": "close:submit"}
{"ts": "2026-04-18T15:05:36.906938+00:00", "session": "baa2f060-78d8-4f28-ae8b-ab2d442e1798", "from": "closing", "to": "idle", "caller": "host.exit"}
{"ts": "2026-04-18T15:06:16.804695+00:00", "session": "29c8c3c1-e310-4958-9630-6a9bff700eb8", "from": "idle", "to": "opening", "caller": "request_open:tools"}
{"ts": "2026-04-18T15:06:16.969481+00:00", "session": "29c8c3c1-e310-4958-9630-6a9bff700eb8", "from": "opening", "to": "active", "caller": "mount:tools"}
{"ts": "2026-04-18T15:06:19.916226+00:00", "session": "29c8c3c1-e310-4958-9630-6a9bff700eb8", "from": "active", "to": "closing", "caller": "close:submit"}
{"ts": "2026-04-18T15:06:20.025225+00:00", "session": "29c8c3c1-e310-4958-9630-6a9bff700eb8", "from": "closing", "to": "idle", "caller": "host.exit"}
{"ts": "2026-04-18T15:06:27.654922+00:00", "session": "959bf450-d638-452e-90c1-fa8be4c375d2", "from": "idle", "to": "opening", "caller": "request_open:tools"}
{"ts": "2026-04-18T15:06:27.794426+00:00", "session": "959bf450-d638-452e-90c1-fa8be4c375d2", "from": "opening", "to": "active", "caller": "mount:tools"}
{"ts": "2026-04-18T15:06:35.549425+00:00", "session": "959bf450-d638-452e-90c1-fa8be4c375d2", "from": "active", "to": "closing", "caller": "close:submit"}
{"ts": "2026-04-18T15:06:35.699425+00:00", "session": "959bf450-d638-452e-90c1-fa8be4c375d2", "from": "closing", "to": "idle", "caller": "host.exit"}
{"ts": "2026-04-18T15:08:50.331343+00:00", "session": "7c2cb8ea-9b6d-4ad5-ac67-efd5c423da9f", "from": "idle", "to": "opening", "caller": "request_open:tools"}
{"ts": "2026-04-18T15:08:50.590378+00:00", "session": "7c2cb8ea-9b6d-4ad5-ac67-efd5c423da9f", "from": "opening", "to": "active", "caller": "mount:tools"}
{"ts": "2026-04-18T15:08:54.198233+00:00", "session": "7c2cb8ea-9b6d-4ad5-ac67-efd5c423da9f", "from": "active", "to": "closing", "caller": "close:submit"}
{"ts": "2026-04-18T15:08:54.321733+00:00", "session": "7c2cb8ea-9b6d-4ad5-ac67-efd5c423da9f", "from": "closing", "to": "idle", "caller": "host.exit"}
{"ts": "2026-04-18T15:09:22.494182+00:00", "session": "bf2f1ffc-1fee-4c64-a8bf-44a05cd2a648", "from": "idle", "to": "opening", "caller": "request_open:tools"}
{"ts": "2026-04-18T15:09:22.696164+00:00", "session": "bf2f1ffc-1fee-4c64-a8bf-44a05cd2a648", "from": "opening", "to": "active", "caller": "mount:tools"}
{"ts": "2026-04-18T15:09:26.173818+00:00", "session": "bf2f1ffc-1fee-4c64-a8bf-44a05cd2a648", "from": "active", "to": "closing", "caller": "close:submit"}
{"ts": "2026-04-18T15:09:26.304319+00:00", "session": "bf2f1ffc-1fee-4c64-a8bf-44a05cd2a648", "from": "closing", "to": "idle", "caller": "host.exit"}
{"ts": "2026-04-18T15:09:31.477779+00:00", "session": "03aed9f2-2041-469f-a438-f7642e67d377", "from": "idle", "to": "opening", "caller": "request_open:tools"}
{"ts": "2026-04-18T15:09:31.658279+00:00", "session": "03aed9f2-2041-469f-a438-f7642e67d377", "from": "opening", "to": "active", "caller": "mount:tools"}
{"ts": "2026-04-18T15:09:35.287706+00:00", "session": "03aed9f2-2041-469f-a438-f7642e67d377", "from": "active", "to": "closing", "caller": "close:submit"}
{"ts": "2026-04-18T15:09:35.420703+00:00", "session": "03aed9f2-2041-469f-a438-f7642e67d377", "from": "closing", "to": "idle", "caller": "host.exit"}
{"ts": "2026-04-18T15:13:19.584435+00:00", "session": "2a7cb0c7-1d91-4600-861f-25a84bfff707", "from": "idle", "to": "opening", "caller": "request_open:tools"}
{"ts": "2026-04-18T15:13:19.781042+00:00", "session": "2a7cb0c7-1d91-4600-861f-25a84bfff707", "from": "opening", "to": "active", "caller": "mount:tools"}
{"ts": "2026-04-18T15:13:25.713654+00:00", "session": "2a7cb0c7-1d91-4600-861f-25a84bfff707", "from": "active", "to": "closing", "caller": "close:submit"}
{"ts": "2026-04-18T15:13:25.846653+00:00", "session": "2a7cb0c7-1d91-4600-861f-25a84bfff707", "from": "closing", "to": "idle", "caller": "host.exit"}
{"ts": "2026-04-18T15:13:39.726539+00:00", "session": "5815d4c0-ecb4-4001-9bf5-da65844f5ab3", "from": "idle", "to": "opening", "caller": "request_open:tools"}
{"ts": "2026-04-18T15:13:39.910039+00:00", "session": "5815d4c0-ecb4-4001-9bf5-da65844f5ab3", "from": "opening", "to": "active", "caller": "mount:tools"}
{"ts": "2026-04-18T15:14:02.393117+00:00", "session": "5815d4c0-ecb4-4001-9bf5-da65844f5ab3", "from": "active", "to": "closing", "caller": "close:cancel"}
{"ts": "2026-04-18T15:14:02.422211+00:00", "session": "5815d4c0-ecb4-4001-9bf5-da65844f5ab3", "from": "closing", "to": "idle", "caller": "host.exit"}
{"ts": "2026-04-18T15:14:03.699115+00:00", "session": "3a907bb3-ca7c-4f5d-84c9-b296887875ed", "from": "idle", "to": "opening", "caller": "request_open:tools"}
{"ts": "2026-04-18T15:14:03.818116+00:00", "session": "3a907bb3-ca7c-4f5d-84c9-b296887875ed", "from": "opening", "to": "active", "caller": "mount:tools"}
{"ts": "2026-04-18T15:14:39.839694+00:00", "session": "3a907bb3-ca7c-4f5d-84c9-b296887875ed", "from": "active", "to": "closing", "caller": "host.exit:forced-closing"}
{"ts": "2026-04-18T15:14:39.840193+00:00", "session": "3a907bb3-ca7c-4f5d-84c9-b296887875ed", "from": "closing", "to": "idle", "caller": "host.exit"}
{"ts": "2026-04-18T15:18:41.181667+00:00", "session": "cd0dd223-2e0a-406c-9b99-f8bab89b85f3", "from": "idle", "to": "opening", "caller": "request_open:tools"}
{"ts": "2026-04-18T15:18:41.427011+00:00", "session": "cd0dd223-2e0a-406c-9b99-f8bab89b85f3", "from": "opening", "to": "active", "caller": "mount:tools"}
{"ts": "2026-04-18T15:18:46.225861+00:00", "session": "cd0dd223-2e0a-406c-9b99-f8bab89b85f3", "from": "active", "to": "closing", "caller": "close:cancel"}
{"ts": "2026-04-18T15:18:46.252360+00:00", "session": "cd0dd223-2e0a-406c-9b99-f8bab89b85f3", "from": "closing", "to": "idle", "caller": "host.exit"}
{"ts": "2026-04-18T15:22:59.672421+00:00", "session": "6db161a7-01e6-4308-b66b-f4688d503bad", "from": "idle", "to": "opening", "caller": "request_open:tools"}
{"ts": "2026-04-18T15:22:59.925845+00:00", "session": "6db161a7-01e6-4308-b66b-f4688d503bad", "from": "opening", "to": "active", "caller": "mount:tools"}
{"ts": "2026-04-18T15:23:31.160460+00:00", "session": "6db161a7-01e6-4308-b66b-f4688d503bad", "from": "active", "to": "closing", "caller": "close:submit"}
{"ts": "2026-04-18T15:23:31.326885+00:00", "session": "6db161a7-01e6-4308-b66b-f4688d503bad", "from": "closing", "to": "idle", "caller": "host.exit"}
{"ts": "2026-04-18T15:27:11.319118+00:00", "session": "eafc580a-508a-4cb1-adf1-f2a154de7dda", "from": "idle", "to": "opening", "caller": "request_open:tools"}
{"ts": "2026-04-18T15:27:11.618651+00:00", "session": "eafc580a-508a-4cb1-adf1-f2a154de7dda", "from": "opening", "to": "active", "caller": "mount:tools"}
{"ts": "2026-04-18T15:27:26.350688+00:00", "session": "eafc580a-508a-4cb1-adf1-f2a154de7dda", "from": "active", "to": "closing", "caller": "close:submit"}
{"ts": "2026-04-18T15:27:26.505733+00:00", "session": "eafc580a-508a-4cb1-adf1-f2a154de7dda", "from": "closing", "to": "idle", "caller": "host.exit"}
{"ts": "2026-04-18T15:31:47.978045+00:00", "session": "c06db007-1ca0-400e-991e-f898d34444ca", "from": "idle", "to": "opening", "caller": "request_open:tools"}
{"ts": "2026-04-18T15:31:48.194232+00:00", "session": "c06db007-1ca0-400e-991e-f898d34444ca", "from": "opening", "to": "active", "caller": "mount:tools"}
{"ts": "2026-04-18T15:31:55.358039+00:00", "session": "c06db007-1ca0-400e-991e-f898d34444ca", "from": "active", "to": "closing", "caller": "close:submit"}
{"ts": "2026-04-18T15:31:55.533064+00:00", "session": "c06db007-1ca0-400e-991e-f898d34444ca", "from": "closing", "to": "idle", "caller": "host.exit"}
{"ts": "2026-04-18T15:32:48.514189+00:00", "session": "1780efa2-2d8c-46d7-8d74-b33cb6a7d63a", "from": "idle", "to": "opening", "caller": "request_open:tools"}
{"ts": "2026-04-18T15:32:48.678421+00:00", "session": "1780efa2-2d8c-46d7-8d74-b33cb6a7d63a", "from": "opening", "to": "active", "caller": "mount:tools"}
{"ts": "2026-04-18T15:33:03.406847+00:00", "session": "1780efa2-2d8c-46d7-8d74-b33cb6a7d63a", "from": "active", "to": "closing", "caller": "close:submit"}
{"ts": "2026-04-18T15:33:03.559504+00:00", "session": "1780efa2-2d8c-46d7-8d74-b33cb6a7d63a", "from": "closing", "to": "idle", "caller": "host.exit"}
{"ts": "2026-04-18T15:33:13.689110+00:00", "session": "84fd4500-3789-4e6f-9d45-e211a6d9e8c8", "from": "idle", "to": "opening", "caller": "request_open:jaws"}
{"ts": "2026-04-18T15:33:13.777623+00:00", "session": "84fd4500-3789-4e6f-9d45-e211a6d9e8c8", "from": "opening", "to": "active", "caller": "mount:jaws"}
{"ts": "2026-04-18T15:34:10.880142+00:00", "session": "84fd4500-3789-4e6f-9d45-e211a6d9e8c8", "from": "active", "to": "closing", "caller": "host.exit:forced-closing"}
{"ts": "2026-04-18T15:34:10.880642+00:00", "session": "84fd4500-3789-4e6f-9d45-e211a6d9e8c8", "from": "closing", "to": "idle", "caller": "host.exit"}
{"ts": "2026-04-18T15:37:16.782168+00:00", "session": "d05106d3-1916-41fb-ac67-2690efec763e", "from": "idle", "to": "opening", "caller": "request_open:jaws"}
{"ts": "2026-04-18T15:37:16.897334+00:00", "session": "d05106d3-1916-41fb-ac67-2690efec763e", "from": "opening", "to": "active", "caller": "mount:jaws"}
{"ts": "2026-04-18T15:37:19.045536+00:00", "session": "d05106d3-1916-41fb-ac67-2690efec763e", "from": "active", "to": "closing", "caller": "close:submit"}
{"ts": "2026-04-18T15:37:19.064541+00:00", "session": "d05106d3-1916-41fb-ac67-2690efec763e", "from": "closing", "to": "idle", "caller": "host.exit"}
{"ts": "2026-04-18T15:37:26.803693+00:00", "session": "bc737d82-19a4-4220-8fb7-df08b69e5edd", "from": "idle", "to": "opening", "caller": "request_open:tools"}
{"ts": "2026-04-18T15:37:26.904092+00:00", "session": "bc737d82-19a4-4220-8fb7-df08b69e5edd", "from": "opening", "to": "active", "caller": "mount:tools"}
{"ts": "2026-04-18T15:37:29.043681+00:00", "session": "bc737d82-19a4-4220-8fb7-df08b69e5edd", "from": "active", "to": "closing", "caller": "close:submit"}
{"ts": "2026-04-18T15:37:29.063683+00:00", "session": "bc737d82-19a4-4220-8fb7-df08b69e5edd", "from": "closing", "to": "idle", "caller": "host.exit"}
{"ts": "2026-04-18T15:37:30.587707+00:00", "session": "8264b61d-ed9a-4393-96fe-d330db2c9073", "from": "idle", "to": "opening", "caller": "request_open:tools"}
{"ts": "2026-04-18T15:37:30.640706+00:00", "session": "8264b61d-ed9a-4393-96fe-d330db2c9073", "from": "opening", "to": "active", "caller": "mount:tools"}
{"ts": "2026-04-18T15:37:32.101713+00:00", "session": "8264b61d-ed9a-4393-96fe-d330db2c9073", "from": "active", "to": "closing", "caller": "close:submit"}
{"ts": "2026-04-18T15:37:32.122714+00:00", "session": "8264b61d-ed9a-4393-96fe-d330db2c9073", "from": "closing", "to": "idle", "caller": "host.exit"}
{"ts": "2026-04-18T16:53:32.112175+00:00", "session": "fb0a6d65-14e5-43f7-8ef8-1d7c13743a15", "from": "idle", "to": "opening", "caller": "request_open:jaws"}
{"ts": "2026-04-18T16:53:32.231068+00:00", "session": "fb0a6d65-14e5-43f7-8ef8-1d7c13743a15", "from": "opening", "to": "active", "caller": "mount:jaws"}
{"ts": "2026-04-18T16:53:41.144114+00:00", "session": "fb0a6d65-14e5-43f7-8ef8-1d7c13743a15", "from": "active", "to": "closing", "caller": "close:submit"}
{"ts": "2026-04-18T16:53:41.178121+00:00", "session": "fb0a6d65-14e5-43f7-8ef8-1d7c13743a15", "from": "closing", "to": "idle", "caller": "host.exit"}
{"ts": "2026-04-18T16:53:44.972396+00:00", "session": "ed7d74fa-513d-44be-ad7c-bd07c81a89f7", "from": "idle", "to": "opening", "caller": "request_open:tools"}
{"ts": "2026-04-18T16:53:45.078578+00:00", "session": "ed7d74fa-513d-44be-ad7c-bd07c81a89f7", "from": "opening", "to": "active", "caller": "mount:tools"}
{"ts": "2026-04-18T16:53:56.930603+00:00", "session": "ed7d74fa-513d-44be-ad7c-bd07c81a89f7", "from": "active", "to": "closing", "caller": "close:submit"}
{"ts": "2026-04-18T16:53:57.077610+00:00", "session": "ed7d74fa-513d-44be-ad7c-bd07c81a89f7", "from": "closing", "to": "idle", "caller": "host.exit"}
{"ts": "2026-04-18T16:54:15.859224+00:00", "session": "e11f89b2-4048-4289-b56d-f2af039f2d9b", "from": "idle", "to": "opening", "caller": "request_open:tools"}
{"ts": "2026-04-18T16:54:15.969733+00:00", "session": "e11f89b2-4048-4289-b56d-f2af039f2d9b", "from": "opening", "to": "active", "caller": "mount:tools"}
{"ts": "2026-04-18T16:54:25.248589+00:00", "session": "e11f89b2-4048-4289-b56d-f2af039f2d9b", "from": "active", "to": "closing", "caller": "close:submit"}
{"ts": "2026-04-18T16:54:25.483619+00:00", "session": "e11f89b2-4048-4289-b56d-f2af039f2d9b", "from": "closing", "to": "idle", "caller": "host.exit"}
{"ts": "2026-04-18T16:59:28.287931+00:00", "session": "a47c086a-54b9-4c4e-a63a-f682f5ececcf", "from": "idle", "to": "opening", "caller": "request_open:tools"}
{"ts": "2026-04-18T16:59:28.437939+00:00", "session": "a47c086a-54b9-4c4e-a63a-f682f5ececcf", "from": "opening", "to": "active", "caller": "mount:tools"}
{"ts": "2026-04-18T17:00:41.938946+00:00", "session": "a47c086a-54b9-4c4e-a63a-f682f5ececcf", "from": "active", "to": "closing", "caller": "close:submit"}
{"ts": "2026-04-18T17:00:42.076258+00:00", "session": "a47c086a-54b9-4c4e-a63a-f682f5ececcf", "from": "closing", "to": "idle", "caller": "host.exit"}
{"ts": "2026-04-18T17:40:57.190801+00:00", "session": "9871ab17-e71f-4fac-9753-6bada735975e", "from": "idle", "to": "opening", "caller": "request_open:jaws"}
{"ts": "2026-04-18T17:40:57.303807+00:00", "session": "9871ab17-e71f-4fac-9753-6bada735975e", "from": "opening", "to": "active", "caller": "mount:jaws"}
{"ts": "2026-04-18T17:40:59.827861+00:00", "session": "9871ab17-e71f-4fac-9753-6bada735975e", "from": "active", "to": "closing", "caller": "close:submit"}
{"ts": "2026-04-18T17:40:59.862360+00:00", "session": "9871ab17-e71f-4fac-9753-6bada735975e", "from": "closing", "to": "idle", "caller": "host.exit"}
{"ts": "2026-04-18T17:41:08.834199+00:00", "session": "876c3f4c-3a17-4e0d-b5bc-cb9545e0c974", "from": "idle", "to": "opening", "caller": "request_open:tools"}
{"ts": "2026-04-18T17:41:08.971211+00:00", "session": "876c3f4c-3a17-4e0d-b5bc-cb9545e0c974", "from": "opening", "to": "active", "caller": "mount:tools"}
{"ts": "2026-04-18T17:41:10.218718+00:00", "session": "876c3f4c-3a17-4e0d-b5bc-cb9545e0c974", "from": "active", "to": "closing", "caller": "close:submit"}
{"ts": "2026-04-18T17:41:10.342729+00:00", "session": "876c3f4c-3a17-4e0d-b5bc-cb9545e0c974", "from": "closing", "to": "idle", "caller": "host.exit"}
{"ts": "2026-04-18T17:41:17.416651+00:00", "session": "d8445d65-b55a-4d35-9b10-6c6e7aecec17", "from": "idle", "to": "opening", "caller": "request_open:tools"}
{"ts": "2026-04-18T17:41:17.499658+00:00", "session": "d8445d65-b55a-4d35-9b10-6c6e7aecec17", "from": "opening", "to": "active", "caller": "mount:tools"}
{"ts": "2026-04-18T17:41:37.190499+00:00", "session": "d8445d65-b55a-4d35-9b10-6c6e7aecec17", "from": "active", "to": "closing", "caller": "close:submit"}
{"ts": "2026-04-18T17:41:37.400514+00:00", "session": "d8445d65-b55a-4d35-9b10-6c6e7aecec17", "from": "closing", "to": "idle", "caller": "host.exit"}
{"ts": "2026-04-18T17:41:59.257396+00:00", "session": "dc9f86d5-bdca-40b9-8fb6-2e899f621a68", "from": "idle", "to": "opening", "caller": "request_open:tools"}
{"ts": "2026-04-18T17:41:59.403405+00:00", "session": "dc9f86d5-bdca-40b9-8fb6-2e899f621a68", "from": "opening", "to": "active", "caller": "mount:tools"}
{"ts": "2026-04-18T17:42:19.664956+00:00", "session": "dc9f86d5-bdca-40b9-8fb6-2e899f621a68", "from": "active", "to": "closing", "caller": "close:submit"}
{"ts": "2026-04-18T17:42:19.908985+00:00", "session": "dc9f86d5-bdca-40b9-8fb6-2e899f621a68", "from": "closing", "to": "idle", "caller": "host.exit"}
{"ts": "2026-04-18T17:42:30.247743+00:00", "session": "594f1a04-6bd6-4028-b7ff-70277a216f79", "from": "idle", "to": "opening", "caller": "request_open:tools"}
{"ts": "2026-04-18T17:42:30.392252+00:00", "session": "594f1a04-6bd6-4028-b7ff-70277a216f79", "from": "opening", "to": "active", "caller": "mount:tools"}
{"ts": "2026-04-18T17:42:48.561261+00:00", "session": "594f1a04-6bd6-4028-b7ff-70277a216f79", "from": "active", "to": "closing", "caller": "close:submit"}
{"ts": "2026-04-18T17:42:48.848781+00:00", "session": "594f1a04-6bd6-4028-b7ff-70277a216f79", "from": "closing", "to": "idle", "caller": "host.exit"}
{"ts": "2026-04-18T17:43:11.832513+00:00", "session": "7d06cff6-6042-47e9-9e79-60292830e083", "from": "idle", "to": "opening", "caller": "request_open:tools"}
{"ts": "2026-04-18T17:43:12.005526+00:00", "session": "7d06cff6-6042-47e9-9e79-60292830e083", "from": "opening", "to": "active", "caller": "mount:tools"}
{"ts": "2026-04-18T17:43:14.268539+00:00", "session": "7d06cff6-6042-47e9-9e79-60292830e083", "from": "active", "to": "closing", "caller": "close:submit"}
{"ts": "2026-04-18T17:43:14.532565+00:00", "session": "7d06cff6-6042-47e9-9e79-60292830e083", "from": "closing", "to": "idle", "caller": "host.exit"}
{"ts": "2026-04-18T17:44:12.801878+00:00", "session": "61890f5b-497b-4e08-a10b-16ad5ee00bdb", "from": "idle", "to": "opening", "caller": "request_open:tools"}
{"ts": "2026-04-18T17:44:12.949387+00:00", "session": "61890f5b-497b-4e08-a10b-16ad5ee00bdb", "from": "opening", "to": "active", "caller": "mount:tools"}
{"ts": "2026-04-18T17:44:19.810372+00:00", "session": "61890f5b-497b-4e08-a10b-16ad5ee00bdb", "from": "active", "to": "closing", "caller": "close:submit"}
{"ts": "2026-04-18T17:44:20.059892+00:00", "session": "61890f5b-497b-4e08-a10b-16ad5ee00bdb", "from": "closing", "to": "idle", "caller": "host.exit"}
{"ts": "2026-04-18T17:44:25.428249+00:00", "session": "a0d601e9-fe78-4f0c-9066-9fd317c504a9", "from": "idle", "to": "opening", "caller": "request_open:tools"}
{"ts": "2026-04-18T17:44:25.570256+00:00", "session": "a0d601e9-fe78-4f0c-9066-9fd317c504a9", "from": "opening", "to": "active", "caller": "mount:tools"}
{"ts": "2026-04-18T17:44:30.537423+00:00", "session": "a0d601e9-fe78-4f0c-9066-9fd317c504a9", "from": "active", "to": "closing", "caller": "close:submit"}
{"ts": "2026-04-18T17:44:30.771942+00:00", "session": "a0d601e9-fe78-4f0c-9066-9fd317c504a9", "from": "closing", "to": "idle", "caller": "host.exit"}
{"ts": "2026-04-18T17:44:34.283908+00:00", "session": "53f71530-83b8-4b50-8660-aee0dc711251", "from": "idle", "to": "opening", "caller": "request_open:tools"}
{"ts": "2026-04-18T17:44:34.410914+00:00", "session": "53f71530-83b8-4b50-8660-aee0dc711251", "from": "opening", "to": "active", "caller": "mount:tools"}
{"ts": "2026-04-18T17:44:46.055726+00:00", "session": "53f71530-83b8-4b50-8660-aee0dc711251", "from": "active", "to": "closing", "caller": "close:submit"}
{"ts": "2026-04-18T17:44:46.263262+00:00", "session": "53f71530-83b8-4b50-8660-aee0dc711251", "from": "closing", "to": "idle", "caller": "host.exit"}
{"ts": "2026-04-18T17:45:31.885223+00:00", "session": "573a8eca-2183-4a3a-816e-8a42e2fdd7db", "from": "idle", "to": "opening", "caller": "request_open:tools"}
{"ts": "2026-04-18T17:45:32.009741+00:00", "session": "573a8eca-2183-4a3a-816e-8a42e2fdd7db", "from": "opening", "to": "active", "caller": "mount:tools"}
{"ts": "2026-04-18T17:45:36.960225+00:00", "session": "573a8eca-2183-4a3a-816e-8a42e2fdd7db", "from": "active", "to": "closing", "caller": "close:submit"}
{"ts": "2026-04-18T17:45:37.232251+00:00", "session": "573a8eca-2183-4a3a-816e-8a42e2fdd7db", "from": "closing", "to": "idle", "caller": "host.exit"}
{"ts": "2026-04-18T17:45:51.985283+00:00", "session": "d17b9aad-cfee-4a47-b747-db8665f0a6bd", "from": "idle", "to": "opening", "caller": "request_open:tools"}
{"ts": "2026-04-18T17:45:52.147307+00:00", "session": "d17b9aad-cfee-4a47-b747-db8665f0a6bd", "from": "opening", "to": "active", "caller": "mount:tools"}
{"ts": "2026-04-18T17:45:56.688720+00:00", "session": "d17b9aad-cfee-4a47-b747-db8665f0a6bd", "from": "active", "to": "closing", "caller": "close:submit"}
{"ts": "2026-04-18T17:45:56.965240+00:00", "session": "d17b9aad-cfee-4a47-b747-db8665f0a6bd", "from": "closing", "to": "idle", "caller": "host.exit"}
{"ts": "2026-04-18T17:46:17.124028+00:00", "session": "52dcb009-7148-4cf3-88e8-e79268f39404", "from": "idle", "to": "opening", "caller": "request_open:tools"}
{"ts": "2026-04-18T17:46:17.286049+00:00", "session": "52dcb009-7148-4cf3-88e8-e79268f39404", "from": "opening", "to": "active", "caller": "mount:tools"}
{"ts": "2026-04-18T17:46:34.736733+00:00", "session": "52dcb009-7148-4cf3-88e8-e79268f39404", "from": "active", "to": "closing", "caller": "close:submit"}
{"ts": "2026-04-18T17:46:35.021328+00:00", "session": "52dcb009-7148-4cf3-88e8-e79268f39404", "from": "closing", "to": "idle", "caller": "host.exit"}
{"ts": "2026-04-18T17:48:44.870561+00:00", "session": "b071cee5-51e0-4908-ac2d-e7408e950f6a", "from": "idle", "to": "opening", "caller": "request_open:tools"}
{"ts": "2026-04-18T17:48:45.026082+00:00", "session": "b071cee5-51e0-4908-ac2d-e7408e950f6a", "from": "opening", "to": "active", "caller": "mount:tools"}
{"ts": "2026-04-18T17:48:50.168630+00:00", "session": "b071cee5-51e0-4908-ac2d-e7408e950f6a", "from": "active", "to": "closing", "caller": "close:submit"}
{"ts": "2026-04-18T17:48:50.411644+00:00", "session": "b071cee5-51e0-4908-ac2d-e7408e950f6a", "from": "closing", "to": "idle", "caller": "host.exit"}
{"ts": "2026-04-18T18:19:28.707081+00:00", "session": "0d91a9c7-0aff-4368-8a3e-f29e47016a47", "from": "idle", "to": "opening", "caller": "request_open:tools"}
{"ts": "2026-04-18T18:19:28.962611+00:00", "session": "0d91a9c7-0aff-4368-8a3e-f29e47016a47", "from": "opening", "to": "active", "caller": "mount:tools"}
{"ts": "2026-04-18T18:20:03.336455+00:00", "session": "0d91a9c7-0aff-4368-8a3e-f29e47016a47", "from": "active", "to": "closing", "caller": "close:submit"}
{"ts": "2026-04-18T18:20:03.601527+00:00", "session": "0d91a9c7-0aff-4368-8a3e-f29e47016a47", "from": "closing", "to": "idle", "caller": "host.exit"}
{"ts": "2026-04-18T18:20:16.395826+00:00", "session": "e1620efb-8141-4725-9894-339a1ac86013", "from": "idle", "to": "opening", "caller": "request_open:tools"}
{"ts": "2026-04-18T18:20:16.559843+00:00", "session": "e1620efb-8141-4725-9894-339a1ac86013", "from": "opening", "to": "active", "caller": "mount:tools"}
{"ts": "2026-04-18T18:20:27.918277+00:00", "session": "e1620efb-8141-4725-9894-339a1ac86013", "from": "active", "to": "closing", "caller": "host.exit:forced-closing"}
{"ts": "2026-04-18T18:20:27.918778+00:00", "session": "e1620efb-8141-4725-9894-339a1ac86013", "from": "closing", "to": "idle", "caller": "host.exit"}
{"ts": "2026-04-18T18:25:34.437471+00:00", "session": "e4c7c6f0-488a-42c3-bcd7-70a435750e1e", "from": "idle", "to": "opening", "caller": "request_open:tools"}
{"ts": "2026-04-18T18:25:34.695241+00:00", "session": "e4c7c6f0-488a-42c3-bcd7-70a435750e1e", "from": "opening", "to": "active", "caller": "mount:tools"}
{"ts": "2026-04-18T18:25:42.408046+00:00", "session": "e4c7c6f0-488a-42c3-bcd7-70a435750e1e", "from": "active", "to": "closing", "caller": "host.exit:forced-closing"}
{"ts": "2026-04-18T18:25:42.408546+00:00", "session": "e4c7c6f0-488a-42c3-bcd7-70a435750e1e", "from": "closing", "to": "idle", "caller": "host.exit"}
{"ts": "2026-04-18T19:06:49.366867+00:00", "session": "3e47caa3-199a-419b-baa6-b56ce05a67d5", "from": "idle", "to": "opening", "caller": "request_open:tools"}
{"ts": "2026-04-18T19:06:49.640170+00:00", "session": "3e47caa3-199a-419b-baa6-b56ce05a67d5", "from": "opening", "to": "active", "caller": "mount:tools"}
{"ts": "2026-04-18T19:07:23.202971+00:00", "session": "3e47caa3-199a-419b-baa6-b56ce05a67d5", "from": "active", "to": "closing", "caller": "close:submit"}
{"ts": "2026-04-18T19:07:23.472053+00:00", "session": "3e47caa3-199a-419b-baa6-b56ce05a67d5", "from": "closing", "to": "idle", "caller": "host.exit"}
{"ts": "2026-04-18T19:07:42.324166+00:00", "session": "be7f7a6d-0931-478d-ba9d-36aa2606ea27", "from": "idle", "to": "opening", "caller": "request_open:tools"}
{"ts": "2026-04-18T19:07:42.487767+00:00", "session": "be7f7a6d-0931-478d-ba9d-36aa2606ea27", "from": "opening", "to": "active", "caller": "mount:tools"}
{"ts": "2026-04-18T19:08:39.892555+00:00", "session": "be7f7a6d-0931-478d-ba9d-36aa2606ea27", "from": "active", "to": "closing", "caller": "close:submit"}
{"ts": "2026-04-18T19:08:40.157335+00:00", "session": "be7f7a6d-0931-478d-ba9d-36aa2606ea27", "from": "closing", "to": "idle", "caller": "host.exit"}
{"ts": "2026-04-18T19:11:04.771313+00:00", "session": "a7563f90-8f12-41e3-8c25-6f5254fe1ef4", "from": "idle", "to": "opening", "caller": "request_open:tools"}
{"ts": "2026-04-18T19:11:05.027514+00:00", "session": "a7563f90-8f12-41e3-8c25-6f5254fe1ef4", "from": "opening", "to": "active", "caller": "mount:tools"}
{"ts": "2026-04-18T19:11:06.586612+00:00", "session": "a7563f90-8f12-41e3-8c25-6f5254fe1ef4", "from": "active", "to": "closing", "caller": "close:submit"}
{"ts": "2026-04-18T19:11:06.851626+00:00", "session": "a7563f90-8f12-41e3-8c25-6f5254fe1ef4", "from": "closing", "to": "idle", "caller": "host.exit"}
{"ts": "2026-04-18T19:11:07.737701+00:00", "session": "ac42cf50-dee2-486d-b350-6a890e802799", "from": "idle", "to": "opening", "caller": "request_open:tools"}
{"ts": "2026-04-18T19:11:07.899213+00:00", "session": "ac42cf50-dee2-486d-b350-6a890e802799", "from": "opening", "to": "active", "caller": "mount:tools"}
{"ts": "2026-04-18T19:11:09.862887+00:00", "session": "ac42cf50-dee2-486d-b350-6a890e802799", "from": "active", "to": "closing", "caller": "close:submit"}
{"ts": "2026-04-18T19:11:10.127428+00:00", "session": "ac42cf50-dee2-486d-b350-6a890e802799", "from": "closing", "to": "idle", "caller": "host.exit"}
{"ts": "2026-04-18T19:11:31.784137+00:00", "session": "21a76f0b-881f-42e3-8c0b-b38c511cc04b", "from": "idle", "to": "opening", "caller": "request_open:tools"}
{"ts": "2026-04-18T19:11:32.041192+00:00", "session": "21a76f0b-881f-42e3-8c0b-b38c511cc04b", "from": "opening", "to": "active", "caller": "mount:tools"}
{"ts": "2026-04-18T19:12:14.652349+00:00", "session": "21a76f0b-881f-42e3-8c0b-b38c511cc04b", "from": "active", "to": "closing", "caller": "close:submit"}
{"ts": "2026-04-18T19:12:14.912866+00:00", "session": "21a76f0b-881f-42e3-8c0b-b38c511cc04b", "from": "closing", "to": "idle", "caller": "host.exit"}
{"ts": "2026-04-18T19:12:16.262861+00:00", "session": "5af0374d-d546-4841-9139-c07ce6c448ab", "from": "idle", "to": "opening", "caller": "request_open:tools"}
{"ts": "2026-04-18T19:12:16.422367+00:00", "session": "5af0374d-d546-4841-9139-c07ce6c448ab", "from": "opening", "to": "active", "caller": "mount:tools"}
{"ts": "2026-04-18T19:12:46.574521+00:00", "session": "5af0374d-d546-4841-9139-c07ce6c448ab", "from": "active", "to": "closing", "caller": "close:submit"}
{"ts": "2026-04-18T19:12:46.835045+00:00", "session": "5af0374d-d546-4841-9139-c07ce6c448ab", "from": "closing", "to": "idle", "caller": "host.exit"}
{"ts": "2026-04-18T19:14:03.671171+00:00", "session": "503056a2-f3ba-48de-aeea-3a7708944c29", "from": "idle", "to": "opening", "caller": "request_open:tools"}
{"ts": "2026-04-18T19:14:03.934610+00:00", "session": "503056a2-f3ba-48de-aeea-3a7708944c29", "from": "opening", "to": "active", "caller": "mount:tools"}
{"ts": "2026-04-18T19:14:05.622205+00:00", "session": "503056a2-f3ba-48de-aeea-3a7708944c29", "from": "active", "to": "closing", "caller": "close:submit"}
{"ts": "2026-04-18T19:14:05.886778+00:00", "session": "503056a2-f3ba-48de-aeea-3a7708944c29", "from": "closing", "to": "idle", "caller": "host.exit"}
{"ts": "2026-04-18T19:14:06.681111+00:00", "session": "df60b00c-e825-4731-8c16-1d05d5e0608b", "from": "idle", "to": "opening", "caller": "request_open:tools"}
{"ts": "2026-04-18T19:14:06.848902+00:00", "session": "df60b00c-e825-4731-8c16-1d05d5e0608b", "from": "opening", "to": "active", "caller": "mount:tools"}
{"ts": "2026-04-18T19:14:22.005848+00:00", "session": "df60b00c-e825-4731-8c16-1d05d5e0608b", "from": "active", "to": "closing", "caller": "close:submit"}
{"ts": "2026-04-18T19:14:22.271994+00:00", "session": "df60b00c-e825-4731-8c16-1d05d5e0608b", "from": "closing", "to": "idle", "caller": "host.exit"}
{"ts": "2026-04-18T19:14:48.375955+00:00", "session": "f12ea9b1-c5a9-4679-b8f6-f1a36584d136", "from": "idle", "to": "opening", "caller": "request_open:tools"}
{"ts": "2026-04-18T19:14:48.553428+00:00", "session": "f12ea9b1-c5a9-4679-b8f6-f1a36584d136", "from": "opening", "to": "active", "caller": "mount:tools"}
{"ts": "2026-04-18T19:15:19.965236+00:00", "session": "f12ea9b1-c5a9-4679-b8f6-f1a36584d136", "from": "active", "to": "closing", "caller": "close:submit"}
{"ts": "2026-04-18T19:15:20.248002+00:00", "session": "f12ea9b1-c5a9-4679-b8f6-f1a36584d136", "from": "closing", "to": "idle", "caller": "host.exit"}
{"ts": "2026-04-18T19:15:21.676468+00:00", "session": "4b555e5c-f334-46c5-bc05-5b9f773d5d02", "from": "idle", "to": "opening", "caller": "request_open:tools"}
{"ts": "2026-04-18T19:15:21.849463+00:00", "session": "4b555e5c-f334-46c5-bc05-5b9f773d5d02", "from": "opening", "to": "active", "caller": "mount:tools"}
{"ts": "2026-04-18T19:15:23.663845+00:00", "session": "4b555e5c-f334-46c5-bc05-5b9f773d5d02", "from": "active", "to": "closing", "caller": "host.exit:forced-closing"}
{"ts": "2026-04-18T19:15:23.664846+00:00", "session": "4b555e5c-f334-46c5-bc05-5b9f773d5d02", "from": "closing", "to": "idle", "caller": "host.exit"}
{"ts": "2026-04-18T19:18:05.325233+00:00", "session": "94bd3e6f-d8a4-4ff6-a91c-71256a8be682", "from": "idle", "to": "opening", "caller": "request_open:tools"}
{"ts": "2026-04-18T19:18:05.565394+00:00", "session": "94bd3e6f-d8a4-4ff6-a91c-71256a8be682", "from": "opening", "to": "active", "caller": "mount:tools"}
{"ts": "2026-04-18T19:18:08.343574+00:00", "session": "94bd3e6f-d8a4-4ff6-a91c-71256a8be682", "from": "active", "to": "closing", "caller": "close:submit"}
{"ts": "2026-04-18T19:18:08.613828+00:00", "session": "94bd3e6f-d8a4-4ff6-a91c-71256a8be682", "from": "closing", "to": "idle", "caller": "host.exit"}
{"ts": "2026-04-18T19:18:11.187237+00:00", "session": "5b556368-adae-4538-9a40-5b76275894c5", "from": "idle", "to": "opening", "caller": "request_open:tools"}
{"ts": "2026-04-18T19:18:11.355857+00:00", "session": "5b556368-adae-4538-9a40-5b76275894c5", "from": "opening", "to": "active", "caller": "mount:tools"}
{"ts": "2026-04-18T19:19:25.463940+00:00", "session": "5b556368-adae-4538-9a40-5b76275894c5", "from": "active", "to": "closing", "caller": "close:submit"}
{"ts": "2026-04-18T19:19:25.752206+00:00", "session": "5b556368-adae-4538-9a40-5b76275894c5", "from": "closing", "to": "idle", "caller": "host.exit"}
{"ts": "2026-04-18T19:24:42.229972+00:00", "session": "2f2f1da4-7ee2-42d4-9315-4b80b3e8b5a9", "from": "idle", "to": "opening", "caller": "request_open:tools"}
{"ts": "2026-04-18T19:24:42.478812+00:00", "session": "2f2f1da4-7ee2-42d4-9315-4b80b3e8b5a9", "from": "opening", "to": "active", "caller": "mount:tools"}
{"ts": "2026-04-18T19:25:21.905731+00:00", "session": "2f2f1da4-7ee2-42d4-9315-4b80b3e8b5a9", "from": "active", "to": "closing", "caller": "host.exit:forced-closing"}
{"ts": "2026-04-18T19:25:21.906231+00:00", "session": "2f2f1da4-7ee2-42d4-9315-4b80b3e8b5a9", "from": "closing", "to": "idle", "caller": "host.exit"}
{"ts": "2026-04-18T19:26:08.329525+00:00", "session": "0b9e47fe-96d1-4feb-8775-c6431ab29d2b", "from": "idle", "to": "opening", "caller": "request_open:tools"}
{"ts": "2026-04-18T19:26:08.556273+00:00", "session": "0b9e47fe-96d1-4feb-8775-c6431ab29d2b", "from": "opening", "to": "active", "caller": "mount:tools"}
{"ts": "2026-04-18T19:26:16.352665+00:00", "session": "0b9e47fe-96d1-4feb-8775-c6431ab29d2b", "from": "active", "to": "closing", "caller": "host.exit:forced-closing"}
{"ts": "2026-04-18T19:26:16.353165+00:00", "session": "0b9e47fe-96d1-4feb-8775-c6431ab29d2b", "from": "closing", "to": "idle", "caller": "host.exit"}
{"ts": "2026-04-18T19:26:19.018082+00:00", "session": "f98c0711-d634-4605-839e-232d78e8f25d", "from": "idle", "to": "opening", "caller": "request_open:tools"}
{"ts": "2026-04-18T19:26:19.241455+00:00", "session": "f98c0711-d634-4605-839e-232d78e8f25d", "from": "opening", "to": "active", "caller": "mount:tools"}
{"ts": "2026-04-18T19:26:28.009585+00:00", "session": "f98c0711-d634-4605-839e-232d78e8f25d", "from": "active", "to": "closing", "caller": "close:cancel"}
{"ts": "2026-04-18T19:26:28.044621+00:00", "session": "f98c0711-d634-4605-839e-232d78e8f25d", "from": "closing", "to": "idle", "caller": "host.exit"}
{"ts": "2026-04-18T19:27:20.078290+00:00", "session": "7b691dfa-7054-4c28-bb04-7e22f53b5d08", "from": "idle", "to": "opening", "caller": "request_open:tools"}
{"ts": "2026-04-18T19:27:20.330599+00:00", "session": "7b691dfa-7054-4c28-bb04-7e22f53b5d08", "from": "opening", "to": "active", "caller": "mount:tools"}
{"ts": "2026-04-18T19:29:27.368543+00:00", "session": "7b691dfa-7054-4c28-bb04-7e22f53b5d08", "from": "active", "to": "closing", "caller": "host.exit:forced-closing"}
{"ts": "2026-04-18T19:29:27.369041+00:00", "session": "7b691dfa-7054-4c28-bb04-7e22f53b5d08", "from": "closing", "to": "idle", "caller": "host.exit"}
{"ts": "2026-04-18T19:30:07.913426+00:00", "session": "b3601a18-a9fb-4f0b-8a09-5dd3b86711c6", "from": "idle", "to": "opening", "caller": "request_open:tools"}
{"ts": "2026-04-18T19:30:08.166465+00:00", "session": "b3601a18-a9fb-4f0b-8a09-5dd3b86711c6", "from": "opening", "to": "active", "caller": "mount:tools"}
{"ts": "2026-04-18T19:31:23.923724+00:00", "session": "b3601a18-a9fb-4f0b-8a09-5dd3b86711c6", "from": "active", "to": "closing", "caller": "host.exit:forced-closing"}
{"ts": "2026-04-18T19:31:23.925231+00:00", "session": "b3601a18-a9fb-4f0b-8a09-5dd3b86711c6", "from": "closing", "to": "idle", "caller": "host.exit"}
{"ts": "2026-04-18T19:32:06.883309+00:00", "session": "97427152-5ed3-4a8f-b643-709aecf32fc7", "from": "idle", "to": "opening", "caller": "request_open:tools"}
{"ts": "2026-04-18T19:32:07.139701+00:00", "session": "97427152-5ed3-4a8f-b643-709aecf32fc7", "from": "opening", "to": "active", "caller": "mount:tools"}
{"ts": "2026-04-18T19:33:25.263227+00:00", "session": "97427152-5ed3-4a8f-b643-709aecf32fc7", "from": "active", "to": "closing", "caller": "host.exit:forced-closing"}
{"ts": "2026-04-18T19:33:25.263726+00:00", "session": "97427152-5ed3-4a8f-b643-709aecf32fc7", "from": "closing", "to": "idle", "caller": "host.exit"}
{"ts": "2026-04-18T19:41:27.740068+00:00", "session": "2c5be80c-b240-41dd-ae1a-b9ca1ae9f9c4", "from": "idle", "to": "opening", "caller": "request_open:tools"}
{"ts": "2026-04-18T19:41:28.001299+00:00", "session": "2c5be80c-b240-41dd-ae1a-b9ca1ae9f9c4", "from": "opening", "to": "active", "caller": "mount:tools"}
{"ts": "2026-04-18T19:41:32.816971+00:00", "session": "2c5be80c-b240-41dd-ae1a-b9ca1ae9f9c4", "from": "active", "to": "closing", "caller": "close:submit"}
{"ts": "2026-04-18T19:41:33.077135+00:00", "session": "2c5be80c-b240-41dd-ae1a-b9ca1ae9f9c4", "from": "closing", "to": "idle", "caller": "host.exit"}
{"ts": "2026-04-18T19:41:34.669988+00:00", "session": "01b32082-4052-489c-bb45-1f898b963997", "from": "idle", "to": "opening", "caller": "request_open:jaws"}
{"ts": "2026-04-18T19:41:34.758839+00:00", "session": "01b32082-4052-489c-bb45-1f898b963997", "from": "opening", "to": "active", "caller": "mount:jaws"}
{"ts": "2026-04-18T19:41:40.531904+00:00", "session": "01b32082-4052-489c-bb45-1f898b963997", "from": "active", "to": "closing", "caller": "close:submit"}
{"ts": "2026-04-18T19:41:40.562925+00:00", "session": "01b32082-4052-489c-bb45-1f898b963997", "from": "closing", "to": "idle", "caller": "host.exit"}
{"ts": "2026-04-18T19:41:46.108208+00:00", "session": "b390c22f-29cc-49d3-baa9-f1bb0865f7b0", "from": "idle", "to": "opening", "caller": "request_open:tools"}
{"ts": "2026-04-18T19:41:46.274308+00:00", "session": "b390c22f-29cc-49d3-baa9-f1bb0865f7b0", "from": "opening", "to": "active", "caller": "mount:tools"}
{"ts": "2026-04-18T19:42:02.590475+00:00", "session": "b390c22f-29cc-49d3-baa9-f1bb0865f7b0", "from": "active", "to": "closing", "caller": "close:submit"}
{"ts": "2026-04-18T19:42:02.849889+00:00", "session": "b390c22f-29cc-49d3-baa9-f1bb0865f7b0", "from": "closing", "to": "idle", "caller": "host.exit"}
{"ts": "2026-04-18T19:44:15.640813+00:00", "session": "9740670c-96c3-4bd0-a990-95f08d455b0c", "from": "idle", "to": "opening", "caller": "request_open:tools"}
{"ts": "2026-04-18T19:44:15.897490+00:00", "session": "9740670c-96c3-4bd0-a990-95f08d455b0c", "from": "opening", "to": "active", "caller": "mount:tools"}
{"ts": "2026-04-18T19:44:21.828756+00:00", "session": "9740670c-96c3-4bd0-a990-95f08d455b0c", "from": "active", "to": "closing", "caller": "close:submit"}
{"ts": "2026-04-18T19:44:22.089437+00:00", "session": "9740670c-96c3-4bd0-a990-95f08d455b0c", "from": "closing", "to": "idle", "caller": "host.exit"}
{"ts": "2026-04-18T19:44:23.674922+00:00", "session": "bec6059d-5270-4db7-bf58-989db1589c63", "from": "idle", "to": "opening", "caller": "request_open:jaws"}
{"ts": "2026-04-18T19:44:23.763126+00:00", "session": "bec6059d-5270-4db7-bf58-989db1589c63", "from": "opening", "to": "active", "caller": "mount:jaws"}
{"ts": "2026-04-18T19:44:25.398730+00:00", "session": "bec6059d-5270-4db7-bf58-989db1589c63", "from": "active", "to": "closing", "caller": "close:submit"}
{"ts": "2026-04-18T19:44:25.430262+00:00", "session": "bec6059d-5270-4db7-bf58-989db1589c63", "from": "closing", "to": "idle", "caller": "host.exit"}
{"ts": "2026-04-18T19:47:00.685763+00:00", "session": "497a506a-f6a9-4b3c-8580-5d8757161a5b", "from": "idle", "to": "opening", "caller": "request_open:tools"}
{"ts": "2026-04-18T19:47:00.939010+00:00", "session": "497a506a-f6a9-4b3c-8580-5d8757161a5b", "from": "opening", "to": "active", "caller": "mount:tools"}
{"ts": "2026-04-18T19:47:06.111252+00:00", "session": "497a506a-f6a9-4b3c-8580-5d8757161a5b", "from": "active", "to": "closing", "caller": "close:submit"}
{"ts": "2026-04-18T19:47:06.368971+00:00", "session": "497a506a-f6a9-4b3c-8580-5d8757161a5b", "from": "closing", "to": "idle", "caller": "host.exit"}
{"ts": "2026-04-18T19:47:07.157841+00:00", "session": "ea246b66-c53b-4e24-baa0-79e13ba914f8", "from": "idle", "to": "opening", "caller": "request_open:tools"}
{"ts": "2026-04-18T19:47:07.317934+00:00", "session": "ea246b66-c53b-4e24-baa0-79e13ba914f8", "from": "opening", "to": "active", "caller": "mount:tools"}
{"ts": "2026-04-18T19:47:22.651302+00:00", "session": "ea246b66-c53b-4e24-baa0-79e13ba914f8", "from": "active", "to": "closing", "caller": "host.exit:forced-closing"}
{"ts": "2026-04-18T19:47:22.651802+00:00", "session": "ea246b66-c53b-4e24-baa0-79e13ba914f8", "from": "closing", "to": "idle", "caller": "host.exit"}
{"ts": "2026-04-18T19:49:56.566931+00:00", "session": "471148d9-6ad4-458a-ac59-f4d0f07519e6", "from": "idle", "to": "opening", "caller": "request_open:tools"}
{"ts": "2026-04-18T19:49:56.832627+00:00", "session": "471148d9-6ad4-458a-ac59-f4d0f07519e6", "from": "opening", "to": "active", "caller": "mount:tools"}
{"ts": "2026-04-18T19:51:27.599792+00:00", "session": "471148d9-6ad4-458a-ac59-f4d0f07519e6", "from": "active", "to": "closing", "caller": "close:cancel"}
{"ts": "2026-04-18T19:51:27.640897+00:00", "session": "471148d9-6ad4-458a-ac59-f4d0f07519e6", "from": "closing", "to": "idle", "caller": "host.exit"}
{"ts": "2026-04-18T19:51:43.011074+00:00", "session": "bf7c7df3-63ea-4aab-8dff-a06c5ad46918", "from": "idle", "to": "opening", "caller": "request_open:tools"}
{"ts": "2026-04-18T19:51:43.280677+00:00", "session": "bf7c7df3-63ea-4aab-8dff-a06c5ad46918", "from": "opening", "to": "active", "caller": "mount:tools"}
{"ts": "2026-04-18T19:55:22.300200+00:00", "session": "bf7c7df3-63ea-4aab-8dff-a06c5ad46918", "from": "active", "to": "closing", "caller": "close:cancel"}
{"ts": "2026-04-18T19:55:22.334699+00:00", "session": "bf7c7df3-63ea-4aab-8dff-a06c5ad46918", "from": "closing", "to": "idle", "caller": "host.exit"}
{"ts": "2026-04-18T19:56:48.729774+00:00", "session": "11b698f7-cf57-4d93-b1c3-6227afd6b0ef", "from": "idle", "to": "opening", "caller": "request_open:tools"}
{"ts": "2026-04-18T19:56:48.991032+00:00", "session": "11b698f7-cf57-4d93-b1c3-6227afd6b0ef", "from": "opening", "to": "active", "caller": "mount:tools"}
{"ts": "2026-04-18T19:56:54.971906+00:00", "session": "11b698f7-cf57-4d93-b1c3-6227afd6b0ef", "from": "active", "to": "closing", "caller": "close:cancel"}
{"ts": "2026-04-18T19:56:55.005591+00:00", "session": "11b698f7-cf57-4d93-b1c3-6227afd6b0ef", "from": "closing", "to": "idle", "caller": "host.exit"}
{"ts": "2026-04-18T19:56:56.716090+00:00", "session": "6ac0a5c3-ce23-45c8-b50b-3d1536aa59e0", "from": "idle", "to": "opening", "caller": "request_open:jaws"}
{"ts": "2026-04-18T19:56:56.807575+00:00", "session": "6ac0a5c3-ce23-45c8-b50b-3d1536aa59e0", "from": "opening", "to": "active", "caller": "mount:jaws"}
{"ts": "2026-04-18T19:56:58.033515+00:00", "session": "6ac0a5c3-ce23-45c8-b50b-3d1536aa59e0", "from": "active", "to": "closing", "caller": "close:submit"}
{"ts": "2026-04-18T19:56:58.064512+00:00", "session": "6ac0a5c3-ce23-45c8-b50b-3d1536aa59e0", "from": "closing", "to": "idle", "caller": "host.exit"}
{"ts": "2026-04-18T20:03:22.036914+00:00", "session": "baf1e628-88b0-4ca8-868b-0cebf52825ee", "from": "idle", "to": "opening", "caller": "request_open:tools"}
{"ts": "2026-04-18T20:03:22.296551+00:00", "session": "baf1e628-88b0-4ca8-868b-0cebf52825ee", "from": "opening", "to": "active", "caller": "mount:tools"}
{"ts": "2026-04-18T20:03:29.477183+00:00", "session": "baf1e628-88b0-4ca8-868b-0cebf52825ee", "from": "active", "to": "closing", "caller": "host.exit:forced-closing"}
{"ts": "2026-04-18T20:03:29.477685+00:00", "session": "baf1e628-88b0-4ca8-868b-0cebf52825ee", "from": "closing", "to": "idle", "caller": "host.exit"}
{"ts": "2026-04-18T20:06:08.417652+00:00", "session": "73a68779-27ae-4392-a7c2-75116332764d", "from": "idle", "to": "opening", "caller": "request_open:tools"}
{"ts": "2026-04-18T20:06:08.676861+00:00", "session": "73a68779-27ae-4392-a7c2-75116332764d", "from": "opening", "to": "active", "caller": "mount:tools"}
{"ts": "2026-04-18T20:06:14.378688+00:00", "session": "73a68779-27ae-4392-a7c2-75116332764d", "from": "active", "to": "closing", "caller": "host.exit:forced-closing"}
{"ts": "2026-04-18T20:06:14.379188+00:00", "session": "73a68779-27ae-4392-a7c2-75116332764d", "from": "closing", "to": "idle", "caller": "host.exit"}
{"ts": "2026-04-18T20:09:27.343514+00:00", "session": "9ab87698-5dc0-4e75-949b-731ed1b4ee01", "from": "idle", "to": "opening", "caller": "request_open:tools"}
{"ts": "2026-04-18T20:09:27.609046+00:00", "session": "9ab87698-5dc0-4e75-949b-731ed1b4ee01", "from": "opening", "to": "active", "caller": "mount:tools"}
{"ts": "2026-04-18T20:12:16.177805+00:00", "session": "9ab87698-5dc0-4e75-949b-731ed1b4ee01", "from": "active", "to": "closing", "caller": "close:cancel"}
{"ts": "2026-04-18T20:12:16.215269+00:00", "session": "9ab87698-5dc0-4e75-949b-731ed1b4ee01", "from": "closing", "to": "idle", "caller": "host.exit"}
{"ts": "2026-04-18T20:23:11.909795+00:00", "session": "72893cf5-bde4-44d4-9eaa-f3c5821b0dc8", "from": "idle", "to": "opening", "caller": "request_open:tools"}
{"ts": "2026-04-18T20:25:09.387537+00:00", "session": "67748776-1682-4a3e-8eec-59837d90fca4", "from": "idle", "to": "opening", "caller": "request_open:tools"}
{"ts": "2026-04-18T20:25:09.657673+00:00", "session": "67748776-1682-4a3e-8eec-59837d90fca4", "from": "opening", "to": "active", "caller": "mount:tools"}
{"ts": "2026-04-18T20:25:17.581106+00:00", "session": "67748776-1682-4a3e-8eec-59837d90fca4", "from": "active", "to": "closing", "caller": "close:submit"}
{"ts": "2026-04-18T20:25:17.849323+00:00", "session": "67748776-1682-4a3e-8eec-59837d90fca4", "from": "closing", "to": "idle", "caller": "host.exit"}
{"ts": "2026-04-18T20:25:20.311967+00:00", "session": "7db7ef06-16db-4ba9-8755-7b73af1f3524", "from": "idle", "to": "opening", "caller": "request_open:jaws"}
{"ts": "2026-04-18T20:25:20.406162+00:00", "session": "7db7ef06-16db-4ba9-8755-7b73af1f3524", "from": "opening", "to": "active", "caller": "mount:jaws"}
{"ts": "2026-04-18T20:25:22.055793+00:00", "session": "7db7ef06-16db-4ba9-8755-7b73af1f3524", "from": "active", "to": "closing", "caller": "close:submit"}
{"ts": "2026-04-18T20:25:22.087811+00:00", "session": "7db7ef06-16db-4ba9-8755-7b73af1f3524", "from": "closing", "to": "idle", "caller": "host.exit"}
{"ts": "2026-04-18T20:27:46.404812+00:00", "session": "6e7057fc-fc06-4bff-8947-0442a7c2e05a", "from": "idle", "to": "opening", "caller": "request_open:tools"}
{"ts": "2026-04-18T20:27:46.669479+00:00", "session": "6e7057fc-fc06-4bff-8947-0442a7c2e05a", "from": "opening", "to": "active", "caller": "mount:tools"}
{"ts": "2026-04-18T20:27:55.796031+00:00", "session": "6e7057fc-fc06-4bff-8947-0442a7c2e05a", "from": "active", "to": "closing", "caller": "host.exit:forced-closing"}
{"ts": "2026-04-18T20:27:55.797031+00:00", "session": "6e7057fc-fc06-4bff-8947-0442a7c2e05a", "from": "closing", "to": "idle", "caller": "host.exit"}
{"ts": "2026-04-18T20:42:08.945897+00:00", "session": "be09b6bb-c27e-4cee-9926-d7b2ce5d60f2", "from": "idle", "to": "opening", "caller": "request_open:tools"}
{"ts": "2026-04-18T20:42:09.216112+00:00", "session": "be09b6bb-c27e-4cee-9926-d7b2ce5d60f2", "from": "opening", "to": "active", "caller": "mount:tools"}
{"ts": "2026-04-18T20:42:14.486855+00:00", "session": "be09b6bb-c27e-4cee-9926-d7b2ce5d60f2", "from": "active", "to": "closing", "caller": "close:submit"}
{"ts": "2026-04-18T20:42:14.742880+00:00", "session": "be09b6bb-c27e-4cee-9926-d7b2ce5d60f2", "from": "closing", "to": "idle", "caller": "host.exit"}
{"ts": "2026-04-18T20:45:16.183585+00:00", "session": "73a5c6e2-92b4-4b02-985f-9f38276771ac", "from": "idle", "to": "opening", "caller": "request_open:tools"}
{"ts": "2026-04-18T20:45:16.454888+00:00", "session": "73a5c6e2-92b4-4b02-985f-9f38276771ac", "from": "opening", "to": "active", "caller": "mount:tools"}
{"ts": "2026-04-18T20:45:22.803109+00:00", "session": "73a5c6e2-92b4-4b02-985f-9f38276771ac", "from": "active", "to": "closing", "caller": "close:submit"}
{"ts": "2026-04-18T20:45:23.065914+00:00", "session": "73a5c6e2-92b4-4b02-985f-9f38276771ac", "from": "closing", "to": "idle", "caller": "host.exit"}
{"ts": "2026-04-18T20:47:37.515429+00:00", "session": "9d205490-7ea7-4e1d-8c04-7a95e3ffb791", "from": "idle", "to": "opening", "caller": "request_open:tools"}
{"ts": "2026-04-18T20:47:37.778752+00:00", "session": "9d205490-7ea7-4e1d-8c04-7a95e3ffb791", "from": "opening", "to": "active", "caller": "mount:tools"}
{"ts": "2026-04-18T20:47:45.622846+00:00", "session": "9d205490-7ea7-4e1d-8c04-7a95e3ffb791", "from": "active", "to": "closing", "caller": "host.exit:forced-closing"}
{"ts": "2026-04-18T20:47:45.623346+00:00", "session": "9d205490-7ea7-4e1d-8c04-7a95e3ffb791", "from": "closing", "to": "idle", "caller": "host.exit"}
{"ts": "2026-04-19T10:39:47.314059+00:00", "session": "0bc84390-3ef4-49b6-88c5-78d434c04ba4", "from": "idle", "to": "opening", "caller": "request_open:tools"}
{"ts": "2026-04-19T10:39:47.587631+00:00", "session": "0bc84390-3ef4-49b6-88c5-78d434c04ba4", "from": "opening", "to": "active", "caller": "mount:tools"}
{"ts": "2026-04-19T10:39:53.503049+00:00", "session": "0bc84390-3ef4-49b6-88c5-78d434c04ba4", "from": "active", "to": "closing", "caller": "host.exit:forced-closing"}
{"ts": "2026-04-19T10:39:53.503549+00:00", "session": "0bc84390-3ef4-49b6-88c5-78d434c04ba4", "from": "closing", "to": "idle", "caller": "host.exit"}
{"ts": "2026-04-19T10:41:00.029867+00:00", "session": "6d0d06b1-ced3-4de9-bcce-2bee9d507196", "from": "idle", "to": "opening", "caller": "request_open:tools"}
{"ts": "2026-04-19T10:41:00.293867+00:00", "session": "6d0d06b1-ced3-4de9-bcce-2bee9d507196", "from": "opening", "to": "active", "caller": "mount:tools"}
{"ts": "2026-04-19T10:41:08.097804+00:00", "session": "6d0d06b1-ced3-4de9-bcce-2bee9d507196", "from": "active", "to": "closing", "caller": "host.exit:forced-closing"}
{"ts": "2026-04-19T10:41:08.098306+00:00", "session": "6d0d06b1-ced3-4de9-bcce-2bee9d507196", "from": "closing", "to": "idle", "caller": "host.exit"}
{"ts": "2026-04-19T10:42:40.303451+00:00", "session": "b170f648-54d3-4203-9fd4-444178a094cc", "from": "idle", "to": "opening", "caller": "request_open:tools"}
{"ts": "2026-04-19T10:42:40.562819+00:00", "session": "b170f648-54d3-4203-9fd4-444178a094cc", "from": "opening", "to": "active", "caller": "mount:tools"}
{"ts": "2026-04-19T10:42:53.697849+00:00", "session": "b170f648-54d3-4203-9fd4-444178a094cc", "from": "active", "to": "closing", "caller": "host.exit:forced-closing"}
{"ts": "2026-04-19T10:42:53.698350+00:00", "session": "b170f648-54d3-4203-9fd4-444178a094cc", "from": "closing", "to": "idle", "caller": "host.exit"}
{"ts": "2026-04-19T10:44:34.815856+00:00", "session": "55de9984-069a-48f8-928c-4e7d73774c98", "from": "idle", "to": "opening", "caller": "request_open:tools"}
{"ts": "2026-04-19T10:44:35.070722+00:00", "session": "55de9984-069a-48f8-928c-4e7d73774c98", "from": "opening", "to": "active", "caller": "mount:tools"}
{"ts": "2026-04-19T10:44:41.155596+00:00", "session": "55de9984-069a-48f8-928c-4e7d73774c98", "from": "active", "to": "closing", "caller": "close:submit"}
{"ts": "2026-04-19T10:44:41.411742+00:00", "session": "55de9984-069a-48f8-928c-4e7d73774c98", "from": "closing", "to": "idle", "caller": "host.exit"}
{"ts": "2026-04-19T10:45:24.212196+00:00", "session": "9d0ce7fc-25a6-4049-9a7d-1d9455542662", "from": "idle", "to": "opening", "caller": "request_open:tools"}
{"ts": "2026-04-19T10:45:24.473815+00:00", "session": "9d0ce7fc-25a6-4049-9a7d-1d9455542662", "from": "opening", "to": "active", "caller": "mount:tools"}
{"ts": "2026-04-19T10:46:07.620965+00:00", "session": "9d0ce7fc-25a6-4049-9a7d-1d9455542662", "from": "active", "to": "closing", "caller": "close:submit"}
{"ts": "2026-04-19T10:46:07.883983+00:00", "session": "9d0ce7fc-25a6-4049-9a7d-1d9455542662", "from": "closing", "to": "idle", "caller": "host.exit"}
{"ts": "2026-04-19T10:46:09.923205+00:00", "session": "8b0a9eba-38a7-4f70-ba38-7710310ddb00", "from": "idle", "to": "opening", "caller": "request_open:jaws"}
{"ts": "2026-04-19T10:46:10.017172+00:00", "session": "8b0a9eba-38a7-4f70-ba38-7710310ddb00", "from": "opening", "to": "active", "caller": "mount:jaws"}
{"ts": "2026-04-19T10:46:43.750717+00:00", "session": "8b0a9eba-38a7-4f70-ba38-7710310ddb00", "from": "active", "to": "closing", "caller": "close:submit"}
{"ts": "2026-04-19T10:46:43.784744+00:00", "session": "8b0a9eba-38a7-4f70-ba38-7710310ddb00", "from": "closing", "to": "idle", "caller": "host.exit"}
{"ts": "2026-04-19T10:46:45.620447+00:00", "session": "3c8f6dfa-f4bb-4c4e-a926-ac3e70f87716", "from": "idle", "to": "opening", "caller": "request_open:tools"}
{"ts": "2026-04-19T10:46:45.786463+00:00", "session": "3c8f6dfa-f4bb-4c4e-a926-ac3e70f87716", "from": "opening", "to": "active", "caller": "mount:tools"}
{"ts": "2026-04-19T10:46:57.980862+00:00", "session": "3c8f6dfa-f4bb-4c4e-a926-ac3e70f87716", "from": "active", "to": "closing", "caller": "host.exit:forced-closing"}
{"ts": "2026-04-19T10:46:57.981363+00:00", "session": "3c8f6dfa-f4bb-4c4e-a926-ac3e70f87716", "from": "closing", "to": "idle", "caller": "host.exit"}
{"ts": "2026-04-19T10:47:41.852865+00:00", "session": "45b58436-614e-42f3-82d0-24abd931867f", "from": "idle", "to": "opening", "caller": "request_open:jaws"}
{"ts": "2026-04-19T10:47:41.969879+00:00", "session": "45b58436-614e-42f3-82d0-24abd931867f", "from": "opening", "to": "active", "caller": "mount:jaws"}
{"ts": "2026-04-19T10:47:45.028722+00:00", "session": "45b58436-614e-42f3-82d0-24abd931867f", "from": "active", "to": "closing", "caller": "close:submit"}
{"ts": "2026-04-19T10:47:45.060738+00:00", "session": "45b58436-614e-42f3-82d0-24abd931867f", "from": "closing", "to": "idle", "caller": "host.exit"}
{"ts": "2026-04-19T10:47:50.592784+00:00", "session": "7a6e355b-4ad8-4e61-8330-ba84f7ebea1e", "from": "idle", "to": "opening", "caller": "request_open:tools"}
{"ts": "2026-04-19T10:47:50.835778+00:00", "session": "7a6e355b-4ad8-4e61-8330-ba84f7ebea1e", "from": "opening", "to": "active", "caller": "mount:tools"}
{"ts": "2026-04-19T10:47:53.530647+00:00", "session": "7a6e355b-4ad8-4e61-8330-ba84f7ebea1e", "from": "active", "to": "closing", "caller": "close:submit"}
{"ts": "2026-04-19T10:47:53.800173+00:00", "session": "7a6e355b-4ad8-4e61-8330-ba84f7ebea1e", "from": "closing", "to": "idle", "caller": "host.exit"}
{"ts": "2026-04-19T10:48:40.499802+00:00", "session": "15ce6586-7648-4ccb-8fe2-ebeb3a706d18", "from": "idle", "to": "opening", "caller": "request_open:tools"}
{"ts": "2026-04-19T10:48:40.761832+00:00", "session": "15ce6586-7648-4ccb-8fe2-ebeb3a706d18", "from": "opening", "to": "active", "caller": "mount:tools"}
{"ts": "2026-04-19T10:49:14.772243+00:00", "session": "15ce6586-7648-4ccb-8fe2-ebeb3a706d18", "from": "active", "to": "closing", "caller": "close:submit"}
{"ts": "2026-04-19T10:49:15.052274+00:00", "session": "15ce6586-7648-4ccb-8fe2-ebeb3a706d18", "from": "closing", "to": "idle", "caller": "host.exit"}
{"ts": "2026-04-19T10:49:27.896656+00:00", "session": "81250e8f-3592-4096-8415-5f9060565b2d", "from": "idle", "to": "opening", "caller": "request_open:jaws"}
{"ts": "2026-04-19T10:49:28.010058+00:00", "session": "81250e8f-3592-4096-8415-5f9060565b2d", "from": "opening", "to": "active", "caller": "mount:jaws"}
{"ts": "2026-04-19T10:49:36.490651+00:00", "session": "81250e8f-3592-4096-8415-5f9060565b2d", "from": "active", "to": "closing", "caller": "close:submit"}
{"ts": "2026-04-19T10:49:36.522150+00:00", "session": "81250e8f-3592-4096-8415-5f9060565b2d", "from": "closing", "to": "idle", "caller": "host.exit"}
{"ts": "2026-04-19T10:49:38.746915+00:00", "session": "bb19061c-678c-4885-b6eb-8795610db3d2", "from": "idle", "to": "opening", "caller": "request_open:tools"}
{"ts": "2026-04-19T10:49:38.989458+00:00", "session": "bb19061c-678c-4885-b6eb-8795610db3d2", "from": "opening", "to": "active", "caller": "mount:tools"}
{"ts": "2026-04-19T10:49:52.112177+00:00", "session": "bb19061c-678c-4885-b6eb-8795610db3d2", "from": "active", "to": "closing", "caller": "close:submit"}
{"ts": "2026-04-19T10:49:52.381972+00:00", "session": "bb19061c-678c-4885-b6eb-8795610db3d2", "from": "closing", "to": "idle", "caller": "host.exit"}
{"ts": "2026-04-19T10:54:03.466852+00:00", "session": "bae803b4-eae1-4507-9d95-35e5db4b4487", "from": "idle", "to": "opening", "caller": "request_open:tools"}
{"ts": "2026-04-19T10:54:03.710426+00:00", "session": "bae803b4-eae1-4507-9d95-35e5db4b4487", "from": "opening", "to": "active", "caller": "mount:tools"}
{"ts": "2026-04-19T10:54:18.734289+00:00", "session": "bae803b4-eae1-4507-9d95-35e5db4b4487", "from": "active", "to": "closing", "caller": "host.exit:forced-closing"}
{"ts": "2026-04-19T10:54:18.734789+00:00", "session": "bae803b4-eae1-4507-9d95-35e5db4b4487", "from": "closing", "to": "idle", "caller": "host.exit"}
{"ts": "2026-04-19T10:55:15.810541+00:00", "session": "a86c9a0c-78f5-4a08-a854-9f2079b5d226", "from": "idle", "to": "opening", "caller": "request_open:tools"}
{"ts": "2026-04-19T10:55:16.053114+00:00", "session": "a86c9a0c-78f5-4a08-a854-9f2079b5d226", "from": "opening", "to": "active", "caller": "mount:tools"}
{"ts": "2026-04-19T10:55:22.122011+00:00", "session": "a86c9a0c-78f5-4a08-a854-9f2079b5d226", "from": "active", "to": "closing", "caller": "host.exit:forced-closing"}
{"ts": "2026-04-19T10:55:22.122513+00:00", "session": "a86c9a0c-78f5-4a08-a854-9f2079b5d226", "from": "closing", "to": "idle", "caller": "host.exit"}
{"ts": "2026-04-19T10:58:20.100430+00:00", "session": "805ce522-ccd9-46a8-8be2-2d29a431a1ff", "from": "idle", "to": "opening", "caller": "request_open:tools"}
{"ts": "2026-04-19T10:58:20.372966+00:00", "session": "805ce522-ccd9-46a8-8be2-2d29a431a1ff", "from": "opening", "to": "active", "caller": "mount:tools"}
{"ts": "2026-04-19T10:58:50.017984+00:00", "session": "805ce522-ccd9-46a8-8be2-2d29a431a1ff", "from": "active", "to": "closing", "caller": "host.exit:forced-closing"}
{"ts": "2026-04-19T10:58:50.018485+00:00", "session": "805ce522-ccd9-46a8-8be2-2d29a431a1ff", "from": "closing", "to": "idle", "caller": "host.exit"}
{"ts": "2026-04-19T10:59:47.087412+00:00", "session": "5bf62c50-4767-4dd9-9912-d0812702c243", "from": "idle", "to": "opening", "caller": "request_open:tools"}
{"ts": "2026-04-19T10:59:47.350448+00:00", "session": "5bf62c50-4767-4dd9-9912-d0812702c243", "from": "opening", "to": "active", "caller": "mount:tools"}
{"ts": "2026-04-19T11:00:01.022561+00:00", "session": "5bf62c50-4767-4dd9-9912-d0812702c243", "from": "active", "to": "closing", "caller": "close:submit"}
{"ts": "2026-04-19T11:00:01.300086+00:00", "session": "5bf62c50-4767-4dd9-9912-d0812702c243", "from": "closing", "to": "idle", "caller": "host.exit"}
{"ts": "2026-04-19T11:18:14.338926+00:00", "session": "1e145659-e1fb-467a-b550-6c80f0f173e4", "from": "idle", "to": "opening", "caller": "request_open:tools"}
{"ts": "2026-04-19T11:18:14.602719+00:00", "session": "1e145659-e1fb-467a-b550-6c80f0f173e4", "from": "opening", "to": "active", "caller": "mount:tools"}
{"ts": "2026-04-19T11:18:20.979787+00:00", "session": "1e145659-e1fb-467a-b550-6c80f0f173e4", "from": "active", "to": "closing", "caller": "close:submit"}
{"ts": "2026-04-19T11:18:21.243813+00:00", "session": "1e145659-e1fb-467a-b550-6c80f0f173e4", "from": "closing", "to": "idle", "caller": "host.exit"}
{"ts": "2026-04-19T11:41:29.538016+00:00", "session": "4a7b67ea-e586-4e77-93f0-e04830db7395", "from": "idle", "to": "opening", "caller": "request_open:tools"}
{"ts": "2026-04-19T11:41:48.713697+00:00", "session": "58fd3f5a-e28d-4f8d-b3ed-4d7fe205281b", "from": "idle", "to": "opening", "caller": "request_open:tools"}
{"ts": "2026-04-19T11:42:30.860613+00:00", "session": "58fd3f5a-e28d-4f8d-b3ed-4d7fe205281b", "from": "opening", "to": "cancelled", "caller": "host.exit:forced-cancel"}
{"ts": "2026-04-19T11:42:30.861610+00:00", "session": "58fd3f5a-e28d-4f8d-b3ed-4d7fe205281b", "from": "cancelled", "to": "idle", "caller": "host.exit"}
{"ts": "2026-04-19T11:44:58.715633+00:00", "session": "5e83fc15-d7af-4dff-ba16-13ae56b6aa91", "from": "idle", "to": "opening", "caller": "request_open:tools"}
{"ts": "2026-04-19T11:44:59.039491+00:00", "session": "5e83fc15-d7af-4dff-ba16-13ae56b6aa91", "from": "opening", "to": "active", "caller": "mount:tools"}
{"ts": "2026-04-19T11:45:01.910370+00:00", "session": "5e83fc15-d7af-4dff-ba16-13ae56b6aa91", "from": "active", "to": "closing", "caller": "close:submit"}
{"ts": "2026-04-19T11:45:02.188909+00:00", "session": "5e83fc15-d7af-4dff-ba16-13ae56b6aa91", "from": "closing", "to": "idle", "caller": "host.exit"}
{"ts": "2026-04-19T12:17:58.457828+00:00", "session": "b6a3f47d-eabd-4138-8697-9249b9c5c148", "from": "idle", "to": "opening", "caller": "request_open:tools"}
{"ts": "2026-04-19T12:17:58.778583+00:00", "session": "b6a3f47d-eabd-4138-8697-9249b9c5c148", "from": "opening", "to": "active", "caller": "mount:tools"}
{"ts": "2026-04-19T12:18:32.036923+00:00", "session": "b6a3f47d-eabd-4138-8697-9249b9c5c148", "from": "active", "to": "closing", "caller": "close:submit"}
{"ts": "2026-04-19T12:18:32.314463+00:00", "session": "b6a3f47d-eabd-4138-8697-9249b9c5c148", "from": "closing", "to": "idle", "caller": "host.exit"}
