wall='2026-04-25T09:31:52.910' t_ms='718' event='stl_preview.init.begin' launch_id='' parent='' has_initial_stl='False'
wall='2026-04-25T09:31:52.911' t_ms='718' event='stl_preview.init.done' launch_id='' visible='False'
wall='2026-04-25T09:31:52.912' t_ms='718' event='preview_runtime.warmup_widget.show' widget_type='StlPreviewWidget' geometry='(-32000, -32000, 8, 8)'
wall='2026-04-25T09:31:52.921' t_ms='733' event='stl_preview.show_event' launch_id='' page_ready='False' visible='True' window_active='False'
wall='2026-04-25T09:31:52.921' t_ms='733' event='stl_preview.webview.ensure_scheduled' launch_id='' delay_ms='75' auto_start='True' activation_requested='False'
wall='2026-04-25T09:31:52.925' t_ms='733' event='stl_preview.webview.activate_requested' launch_id='' visible='True' auto_start='True'
wall='2026-04-25T09:31:52.925' t_ms='733' event='stl_preview.webview.create.before' launch_id=''
wall='2026-04-25T09:31:53.560' t_ms='1375' event='stl_preview.webview.create.after' launch_id=''
wall='2026-04-25T09:31:53.561' t_ms='1375' event='stl_preview.webview.load.before' launch_id='' html='C:\\Users\\Omistaja\\Desktop\\NTX Setup Manager\\Tools and jaws Library\\preview\\index.html'
wall='2026-04-25T09:31:53.594' t_ms='1405' event='stl_preview.show_event' launch_id='' page_ready='False' visible='True' window_active='False'
wall='2026-04-25T09:31:53.594' t_ms='1405' event='stl_preview.webview.ensure_scheduled' launch_id='' delay_ms='75' auto_start='True' activation_requested='True'
wall='2026-04-25T09:31:53.597' t_ms='1405' event='stl_preview.webview.load.after' launch_id=''
wall='2026-04-25T09:31:53.750' t_ms='1562' event='preview_runtime.warmup_widget.hide' widget_type='StlPreviewWidget'
wall='2026-04-25T09:31:53.861' t_ms='1672' event='stl_preview.load_finished' launch_id='' ok='True' visible='False' pending_parts='False' pending_stl='False'
wall='2026-04-25T09:32:50.580' t_ms='702' event='stl_preview.init.begin' launch_id='' parent='' has_initial_stl='False'
wall='2026-04-25T09:32:50.581' t_ms='702' event='stl_preview.init.done' launch_id='' visible='False'
wall='2026-04-25T09:32:50.582' t_ms='702' event='preview_runtime.warmup_widget.show' widget_type='StlPreviewWidget' geometry='(-32000, -32000, 8, 8)'
wall='2026-04-25T09:32:50.590' t_ms='717' event='stl_preview.show_event' launch_id='' page_ready='False' visible='True' window_active='False'
wall='2026-04-25T09:32:50.590' t_ms='717' event='stl_preview.webview.ensure_scheduled' launch_id='' delay_ms='75' auto_start='True' activation_requested='False'
wall='2026-04-25T09:32:50.593' t_ms='717' event='stl_preview.webview.activate_requested' launch_id='' visible='True' auto_start='True'
wall='2026-04-25T09:32:50.594' t_ms='717' event='stl_preview.webview.create.before' launch_id=''
wall='2026-04-25T09:32:51.230' t_ms='1359' event='stl_preview.webview.create.after' launch_id=''
wall='2026-04-25T09:32:51.231' t_ms='1359' event='stl_preview.webview.load.before' launch_id='' html='C:\\Users\\Omistaja\\Desktop\\NTX Setup Manager\\Tools and jaws Library\\preview\\index.html'
wall='2026-04-25T09:32:51.261' t_ms='1390' event='stl_preview.show_event' launch_id='' page_ready='False' visible='True' window_active='False'
wall='2026-04-25T09:32:51.262' t_ms='1390' event='stl_preview.webview.ensure_scheduled' launch_id='' delay_ms='75' auto_start='True' activation_requested='True'
wall='2026-04-25T09:32:51.264' t_ms='1390' event='stl_preview.webview.load.after' launch_id=''
wall='2026-04-25T09:32:51.409' t_ms='1530' event='preview_runtime.warmup_widget.hide' widget_type='StlPreviewWidget'
wall='2026-04-25T09:32:51.513' t_ms='1640' event='stl_preview.load_finished' launch_id='' ok='True' visible='False' pending_parts='False' pending_stl='False'
wall='2026-04-25T09:36:08.964' t_ms='717' event='stl_preview.init.begin' launch_id='' parent='' has_initial_stl='False'
wall='2026-04-25T09:36:08.966' t_ms='717' event='stl_preview.init.done' launch_id='' visible='False'
wall='2026-04-25T09:36:08.967' t_ms='717' event='preview_runtime.warmup_widget.show' widget_type='StlPreviewWidget' geometry='(-32000, -32000, 8, 8)' pool_size_before='0'
wall='2026-04-25T09:36:08.975' t_ms='717' event='stl_preview.show_event' launch_id='' page_ready='False' visible='True' window_active='False'
wall='2026-04-25T09:36:08.976' t_ms='717' event='stl_preview.webview.ensure_scheduled' launch_id='' delay_ms='75' auto_start='True' activation_requested='False'
wall='2026-04-25T09:36:08.979' t_ms='734' event='stl_preview.webview.activate_requested' launch_id='' visible='True' auto_start='True'
wall='2026-04-25T09:36:08.979' t_ms='734' event='stl_preview.webview.create.before' launch_id=''
wall='2026-04-25T09:36:09.619' t_ms='1375' event='stl_preview.webview.create.after' launch_id=''
wall='2026-04-25T09:36:09.619' t_ms='1375' event='stl_preview.webview.load.before' launch_id='' html='C:\\Users\\Omistaja\\Desktop\\NTX Setup Manager\\Tools and jaws Library\\preview\\index.html'
wall='2026-04-25T09:36:09.649' t_ms='1405' event='stl_preview.show_event' launch_id='' page_ready='False' visible='True' window_active='False'
wall='2026-04-25T09:36:09.650' t_ms='1405' event='stl_preview.webview.ensure_scheduled' launch_id='' delay_ms='75' auto_start='True' activation_requested='True'
wall='2026-04-25T09:36:09.652' t_ms='1405' event='stl_preview.webview.load.after' launch_id=''
wall='2026-04-25T09:36:09.790' t_ms='1545' event='preview_runtime.warmup_widget.hide' widget_type='StlPreviewWidget'
wall='2026-04-25T09:36:09.905' t_ms='1655' event='stl_preview.load_finished' launch_id='' ok='True' visible='False' pending_parts='False' pending_stl='False'
wall='2026-04-25T09:36:33.323' t_ms='25077' event='preview_runtime.widget_destroyed' widget_type='StlPreviewWidget'
wall='2026-04-25T09:42:24.300' t_ms='686' event='stl_preview.init.begin' launch_id='' parent='' has_initial_stl='False'
wall='2026-04-25T09:42:24.302' t_ms='686' event='stl_preview.init.done' launch_id='' visible='False'
wall='2026-04-25T09:42:24.302' t_ms='686' event='preview_runtime.warmup_widget.show' widget_type='StlPreviewWidget' geometry='(-32000, -32000, 8, 8)' pool_size_before='0'
wall='2026-04-25T09:42:24.311' t_ms='702' event='stl_preview.show_event' launch_id='' page_ready='False' visible='True' window_active='False'
wall='2026-04-25T09:42:24.311' t_ms='702' event='stl_preview.webview.ensure_scheduled' launch_id='' delay_ms='75' auto_start='True' activation_requested='False'
wall='2026-04-25T09:42:24.313' t_ms='702' event='stl_preview.webview.activate_requested' launch_id='' visible='True' auto_start='True'
wall='2026-04-25T09:42:24.313' t_ms='702' event='stl_preview.webview.create.before' launch_id=''
wall='2026-04-25T09:42:24.962' t_ms='1358' event='stl_preview.webview.create.after' launch_id=''
wall='2026-04-25T09:42:24.963' t_ms='1358' event='stl_preview.webview.load.before' launch_id='' html='C:\\Users\\Omistaja\\Desktop\\NTX Setup Manager\\Tools and jaws Library\\preview\\index.html'
wall='2026-04-25T09:42:24.994' t_ms='1390' event='stl_preview.show_event' launch_id='' page_ready='False' visible='True' window_active='False'
wall='2026-04-25T09:42:24.994' t_ms='1390' event='stl_preview.webview.ensure_scheduled' launch_id='' delay_ms='75' auto_start='True' activation_requested='True'
wall='2026-04-25T09:42:24.997' t_ms='1390' event='stl_preview.webview.load.after' launch_id=''
wall='2026-04-25T09:42:25.136' t_ms='1530' event='preview_runtime.warmup_widget.hide' widget_type='StlPreviewWidget'
wall='2026-04-25T09:42:25.261' t_ms='1655' event='stl_preview.load_finished' launch_id='' ok='True' visible='False' pending_parts='False' pending_stl='False'
wall='2026-04-25T09:42:33.939' t_ms='10327' event='preview_runtime.widget_destroyed' widget_type='StlPreviewWidget'
wall='2026-04-25T09:49:34.286' t_ms='702' event='stl_preview.init.begin' launch_id='' parent='' has_initial_stl='False'
wall='2026-04-25T09:49:34.288' t_ms='702' event='stl_preview.init.done' launch_id='' visible='False'
wall='2026-04-25T09:49:34.289' t_ms='702' event='preview_runtime.warmup_widget.show' widget_type='StlPreviewWidget' geometry='(-32000, -32000, 8, 8)' pool_size_before='0'
wall='2026-04-25T09:49:34.300' t_ms='717' event='stl_preview.show_event' launch_id='' page_ready='False' visible='True' window_active='False'
wall='2026-04-25T09:49:34.300' t_ms='717' event='stl_preview.webview.ensure_scheduled' launch_id='' delay_ms='75' auto_start='True' activation_requested='False'
wall='2026-04-25T09:49:34.302' t_ms='717' event='stl_preview.webview.activate_requested' launch_id='' visible='True' auto_start='True'
wall='2026-04-25T09:49:34.302' t_ms='717' event='stl_preview.webview.create.before' launch_id=''
wall='2026-04-25T09:49:34.943' t_ms='1359' event='stl_preview.webview.create.after' launch_id=''
wall='2026-04-25T09:49:34.944' t_ms='1359' event='stl_preview.webview.load.before' launch_id='' html='C:\\Users\\Omistaja\\Desktop\\NTX Setup Manager\\Tools and jaws Library\\preview\\index.html'
wall='2026-04-25T09:49:34.975' t_ms='1390' event='stl_preview.show_event' launch_id='' page_ready='False' visible='True' window_active='False'
wall='2026-04-25T09:49:34.976' t_ms='1390' event='stl_preview.webview.ensure_scheduled' launch_id='' delay_ms='75' auto_start='True' activation_requested='True'
wall='2026-04-25T09:49:34.978' t_ms='1406' event='stl_preview.webview.load.after' launch_id=''
wall='2026-04-25T09:49:35.135' t_ms='1562' event='preview_runtime.warmup_widget.hide' widget_type='StlPreviewWidget'
wall='2026-04-25T09:49:35.234' t_ms='1656' event='stl_preview.load_finished' launch_id='' ok='True' visible='False' pending_parts='False' pending_stl='False'
wall='2026-04-25T09:49:48.799' t_ms='15217' event='preview_runtime.widget_destroyed' widget_type='StlPreviewWidget'
wall='2026-04-25T09:49:54.159' t_ms='718' event='stl_preview.init.begin' launch_id='' parent='' has_initial_stl='False'
wall='2026-04-25T09:49:54.160' t_ms='718' event='stl_preview.init.done' launch_id='' visible='False'
wall='2026-04-25T09:49:54.161' t_ms='718' event='preview_runtime.warmup_widget.show' widget_type='StlPreviewWidget' geometry='(-32000, -32000, 8, 8)' pool_size_before='0'
wall='2026-04-25T09:49:54.173' t_ms='733' event='stl_preview.show_event' launch_id='' page_ready='False' visible='True' window_active='False'
wall='2026-04-25T09:49:54.173' t_ms='733' event='stl_preview.webview.ensure_scheduled' launch_id='' delay_ms='75' auto_start='True' activation_requested='False'
wall='2026-04-25T09:49:54.174' t_ms='733' event='stl_preview.webview.activate_requested' launch_id='' visible='True' auto_start='True'
wall='2026-04-25T09:49:54.175' t_ms='733' event='stl_preview.webview.create.before' launch_id=''
wall='2026-04-25T09:49:54.795' t_ms='1358' event='stl_preview.webview.create.after' launch_id=''
wall='2026-04-25T09:49:54.796' t_ms='1358' event='stl_preview.webview.load.before' launch_id='' html='C:\\Users\\Omistaja\\Desktop\\NTX Setup Manager\\Tools and jaws Library\\preview\\index.html'
wall='2026-04-25T09:49:54.828' t_ms='1390' event='stl_preview.show_event' launch_id='' page_ready='False' visible='True' window_active='False'
wall='2026-04-25T09:49:54.829' t_ms='1390' event='stl_preview.webview.ensure_scheduled' launch_id='' delay_ms='75' auto_start='True' activation_requested='True'
wall='2026-04-25T09:49:54.831' t_ms='1390' event='stl_preview.webview.load.after' launch_id=''
wall='2026-04-25T09:49:54.979' t_ms='1547' event='preview_runtime.warmup_widget.hide' widget_type='StlPreviewWidget'
wall='2026-04-25T09:49:55.094' t_ms='1655' event='stl_preview.load_finished' launch_id='' ok='True' visible='False' pending_parts='False' pending_stl='False'
wall='2026-04-25T09:50:04.733' t_ms='11297' event='preview_runtime.widget_destroyed' widget_type='StlPreviewWidget'
wall='2026-04-25T09:53:01.787' t_ms='718' event='stl_preview.init.begin' launch_id='' parent='' has_initial_stl='False'
wall='2026-04-25T09:53:01.788' t_ms='718' event='stl_preview.init.done' launch_id='' visible='False'
wall='2026-04-25T09:53:01.789' t_ms='718' event='preview_runtime.warmup_widget.show' widget_type='StlPreviewWidget' geometry='(-32000, -32000, 8, 8)' pool_size_before='0'
wall='2026-04-25T09:53:01.801' t_ms='733' event='stl_preview.show_event' launch_id='' page_ready='False' visible='True' window_active='False'
wall='2026-04-25T09:53:01.801' t_ms='733' event='stl_preview.webview.ensure_scheduled' launch_id='' delay_ms='75' auto_start='True' activation_requested='False'
wall='2026-04-25T09:53:01.803' t_ms='733' event='stl_preview.webview.activate_requested' launch_id='' visible='True' auto_start='True'
wall='2026-04-25T09:53:01.803' t_ms='733' event='stl_preview.webview.create.before' launch_id=''
wall='2026-04-25T09:53:02.450' t_ms='1390' event='stl_preview.webview.create.after' launch_id=''
wall='2026-04-25T09:53:02.450' t_ms='1390' event='stl_preview.webview.load.before' launch_id='' html='C:\\Users\\Omistaja\\Desktop\\NTX Setup Manager\\Tools and jaws Library\\preview\\index.html'
wall='2026-04-25T09:53:02.481' t_ms='1422' event='stl_preview.show_event' launch_id='' page_ready='False' visible='True' window_active='False'
wall='2026-04-25T09:53:02.482' t_ms='1422' event='stl_preview.webview.ensure_scheduled' launch_id='' delay_ms='75' auto_start='True' activation_requested='True'
wall='2026-04-25T09:53:02.484' t_ms='1422' event='stl_preview.webview.load.after' launch_id=''
wall='2026-04-25T09:53:02.639' t_ms='1577' event='preview_runtime.warmup_widget.hide' widget_type='StlPreviewWidget'
wall='2026-04-25T09:53:02.753' t_ms='1687' event='stl_preview.load_finished' launch_id='' ok='True' visible='False' pending_parts='False' pending_stl='False'
wall='2026-04-25T09:53:11.285' t_ms='10218' event='preview_runtime.widget_destroyed' widget_type='StlPreviewWidget'
wall='2026-04-25T09:55:13.192' t_ms='687' event='stl_preview.init.begin' launch_id='' parent='' has_initial_stl='False'
wall='2026-04-25T09:55:13.193' t_ms='687' event='stl_preview.init.done' launch_id='' visible='False'
wall='2026-04-25T09:55:13.194' t_ms='687' event='preview_runtime.warmup_widget.show' widget_type='StlPreviewWidget' geometry='(-32000, -32000, 8, 8)' pool_size_before='0'
wall='2026-04-25T09:55:13.206' t_ms='702' event='stl_preview.show_event' launch_id='' page_ready='False' visible='True' window_active='False'
wall='2026-04-25T09:55:13.207' t_ms='702' event='stl_preview.webview.ensure_scheduled' launch_id='' delay_ms='75' auto_start='True' activation_requested='False'
wall='2026-04-25T09:55:13.208' t_ms='702' event='stl_preview.webview.activate_requested' launch_id='' visible='True' auto_start='True'
wall='2026-04-25T09:55:13.208' t_ms='702' event='stl_preview.webview.create.before' launch_id=''
wall='2026-04-25T09:55:13.857' t_ms='1359' event='stl_preview.webview.create.after' launch_id=''
wall='2026-04-25T09:55:13.858' t_ms='1359' event='stl_preview.webview.load.before' launch_id='' html='C:\\Users\\Omistaja\\Desktop\\NTX Setup Manager\\Tools and jaws Library\\preview\\index.html'
wall='2026-04-25T09:55:13.892' t_ms='1390' event='stl_preview.show_event' launch_id='' page_ready='False' visible='True' window_active='False'
wall='2026-04-25T09:55:13.892' t_ms='1390' event='stl_preview.webview.ensure_scheduled' launch_id='' delay_ms='75' auto_start='True' activation_requested='True'
wall='2026-04-25T09:55:13.895' t_ms='1390' event='stl_preview.webview.load.after' launch_id=''
wall='2026-04-25T09:55:14.041' t_ms='1545' event='preview_runtime.warmup_widget.hide' widget_type='StlPreviewWidget'
wall='2026-04-25T09:55:14.168' t_ms='1670' event='stl_preview.load_finished' launch_id='' ok='True' visible='False' pending_parts='False' pending_stl='False'
wall='2026-04-25T09:55:23.707' t_ms='11202' event='preview_runtime.widget_destroyed' widget_type='StlPreviewWidget' stack=''
wall='2026-04-25T09:57:03.544' t_ms='717' event='schedule_background_asset_warmup.fire' include_preview_runtime='True' preview_runtime_ready='False'
wall='2026-04-25T09:57:03.553' t_ms='717' event='warm_preview.starting'
wall='2026-04-25T09:57:03.553' t_ms='717' event='stl_preview.init.begin' launch_id='' parent='' has_initial_stl='False'
wall='2026-04-25T09:57:03.554' t_ms='717' event='stl_preview.init.done' launch_id='' visible='False'
wall='2026-04-25T09:57:03.555' t_ms='717' event='preview_runtime.warmup_widget.show' widget_type='StlPreviewWidget' geometry='(-32000, -32000, 8, 8)' pool_size_before='0'
wall='2026-04-25T09:57:03.568' t_ms='734' event='stl_preview.show_event' launch_id='' page_ready='False' visible='True' window_active='False'
wall='2026-04-25T09:57:03.568' t_ms='734' event='stl_preview.webview.ensure_scheduled' launch_id='' delay_ms='75' auto_start='True' activation_requested='False'
wall='2026-04-25T09:57:03.570' t_ms='734' event='stl_preview.webview.activate_requested' launch_id='' visible='True' auto_start='True'
wall='2026-04-25T09:57:03.570' t_ms='734' event='stl_preview.webview.create.before' launch_id=''
wall='2026-04-25T09:57:04.207' t_ms='1375' event='stl_preview.webview.create.after' launch_id=''
wall='2026-04-25T09:57:04.208' t_ms='1375' event='stl_preview.webview.load.before' launch_id='' html='C:\\Users\\Omistaja\\Desktop\\NTX Setup Manager\\Tools and jaws Library\\preview\\index.html'
wall='2026-04-25T09:57:04.243' t_ms='1422' event='stl_preview.show_event' launch_id='' page_ready='False' visible='True' window_active='False'
wall='2026-04-25T09:57:04.243' t_ms='1422' event='stl_preview.webview.ensure_scheduled' launch_id='' delay_ms='75' auto_start='True' activation_requested='True'
wall='2026-04-25T09:57:04.247' t_ms='1422' event='stl_preview.webview.load.after' launch_id=''
wall='2026-04-25T09:57:04.400' t_ms='1577' event='preview_runtime.warmup_widget.hide' widget_type='StlPreviewWidget'
wall='2026-04-25T09:57:04.401' t_ms='1577' event='warm_preview.done'
wall='2026-04-25T09:57:04.511' t_ms='1687' event='schedule_background_asset_warmup.fire' include_preview_runtime='True' preview_runtime_ready='True'
wall='2026-04-25T09:57:04.521' t_ms='1687' event='stl_preview.load_finished' launch_id='' ok='True' visible='False' pending_parts='False' pending_stl='False'
wall='2026-04-25T09:57:17.182' t_ms='14359' event='preview_runtime.widget_destroyed' widget_type='StlPreviewWidget' stack=''
wall='2026-04-25T10:00:50.814' t_ms='452' event='warm_preview.starting'
wall='2026-04-25T10:00:50.815' t_ms='452' event='stl_preview.init.begin' launch_id='' parent='' has_initial_stl='False'
wall='2026-04-25T10:00:50.816' t_ms='452' event='stl_preview.init.done' launch_id='' visible='False'
wall='2026-04-25T10:00:50.817' t_ms='452' event='preview_runtime.warmup_widget.show' widget_type='StlPreviewWidget' geometry='(-32000, -32000, 8, 8)' pool_size_before='0'
wall='2026-04-25T10:00:50.830' t_ms='468' event='stl_preview.show_event' launch_id='' page_ready='False' visible='True' window_active='False'
wall='2026-04-25T10:00:50.830' t_ms='468' event='stl_preview.webview.ensure_scheduled' launch_id='' delay_ms='75' auto_start='True' activation_requested='False'
wall='2026-04-25T10:00:50.832' t_ms='468' event='stl_preview.webview.activate_requested' launch_id='' visible='True' auto_start='True'
wall='2026-04-25T10:00:50.832' t_ms='468' event='stl_preview.webview.create.before' launch_id=''
wall='2026-04-25T10:00:51.489' t_ms='1125' event='stl_preview.webview.create.after' launch_id=''
wall='2026-04-25T10:00:51.489' t_ms='1125' event='stl_preview.webview.load.before' launch_id='' html='C:\\Users\\Omistaja\\Desktop\\NTX Setup Manager\\Tools and jaws Library\\preview\\index.html'
wall='2026-04-25T10:00:51.524' t_ms='1155' event='stl_preview.show_event' launch_id='' page_ready='False' visible='True' window_active='False'
wall='2026-04-25T10:00:51.524' t_ms='1171' event='stl_preview.webview.ensure_scheduled' launch_id='' delay_ms='75' auto_start='True' activation_requested='True'
wall='2026-04-25T10:00:51.526' t_ms='1171' event='stl_preview.webview.load.after' launch_id=''
wall='2026-04-25T10:00:51.683' t_ms='1327' event='preview_runtime.warmup_widget.hide' widget_type='StlPreviewWidget'
wall='2026-04-25T10:00:51.684' t_ms='1327' event='warm_preview.done'
wall='2026-04-25T10:00:51.803' t_ms='1436' event='stl_preview.load_finished' launch_id='' ok='True' visible='False' pending_parts='False' pending_stl='False'
wall='2026-04-25T10:01:01.011' t_ms='10655' event='preview_runtime.widget_destroyed' widget_type='StlPreviewWidget' stack=''
wall='2026-04-25T10:04:14.226' t_ms='452' event='warm_preview.starting'
wall='2026-04-25T10:04:14.227' t_ms='452' event='stl_preview.init.begin' launch_id='' parent='' has_initial_stl='False'
wall='2026-04-25T10:04:14.228' t_ms='469' event='stl_preview.init.done' launch_id='' visible='False'
wall='2026-04-25T10:04:14.229' t_ms='469' event='preview_runtime.warmup_widget.show' widget_type='StlPreviewWidget' geometry='(-32000, -32000, 8, 8)' pool_size_before='0'
wall='2026-04-25T10:04:14.242' t_ms='469' event='stl_preview.show_event' launch_id='' page_ready='False' visible='True' window_active='False'
wall='2026-04-25T10:04:14.242' t_ms='469' event='stl_preview.webview.ensure_scheduled' launch_id='' delay_ms='75' auto_start='True' activation_requested='False'
wall='2026-04-25T10:04:14.242' t_ms='469' event='stl_preview.webview.create.before' launch_id=''
wall='2026-04-25T10:04:14.905' t_ms='1140' event='stl_preview.webview.create.after' launch_id=''
wall='2026-04-25T10:04:14.906' t_ms='1140' event='stl_preview.webview.load.before' launch_id='' html='C:\\Users\\Omistaja\\Desktop\\NTX Setup Manager\\Tools and jaws Library\\preview\\index.html'
wall='2026-04-25T10:04:14.937' t_ms='1172' event='stl_preview.show_event' launch_id='' page_ready='False' visible='True' window_active='False'
wall='2026-04-25T10:04:14.937' t_ms='1172' event='stl_preview.webview.ensure_scheduled' launch_id='' delay_ms='75' auto_start='True' activation_requested='False'
wall='2026-04-25T10:04:14.939' t_ms='1172' event='stl_preview.webview.load.after' launch_id=''
wall='2026-04-25T10:04:15.088' t_ms='1327' event='preview_runtime.warmup_widget.hide' widget_type='StlPreviewWidget'
wall='2026-04-25T10:04:15.090' t_ms='1327' event='warm_preview.done'
wall='2026-04-25T10:04:15.205' t_ms='1437' event='stl_preview.load_finished' launch_id='' ok='True' visible='False' pending_parts='False' pending_stl='False'
wall='2026-04-25T10:04:24.918' t_ms='11155' event='preview_runtime.widget_destroyed' widget_type='StlPreviewWidget' stack=''
wall='2026-04-25T10:07:00.552' t_ms='467' event='warm_preview.starting'
wall='2026-04-25T10:07:00.552' t_ms='467' event='stl_preview.init.begin' launch_id='' parent='' has_initial_stl='False'
wall='2026-04-25T10:07:00.553' t_ms='467' event='stl_preview.init.done' launch_id='' visible='False'
wall='2026-04-25T10:07:00.554' t_ms='467' event='preview_runtime.warmup_widget.show' widget_type='StlPreviewWidget' geometry='(-32000, -32000, 8, 8)' pool_size_before='0'
wall='2026-04-25T10:07:00.567' t_ms='484' event='stl_preview.show_event' launch_id='' page_ready='False' visible='True' window_active='False'
wall='2026-04-25T10:07:00.568' t_ms='484' event='stl_preview.webview.ensure_scheduled' launch_id='' delay_ms='75' auto_start='True' activation_requested='False'
wall='2026-04-25T10:07:00.568' t_ms='484' event='stl_preview.webview.create.before' launch_id=''
wall='2026-04-25T10:07:01.220' t_ms='1140' event='stl_preview.webview.create.after' launch_id=''
wall='2026-04-25T10:07:01.221' t_ms='1140' event='stl_preview.webview.load.before' launch_id='' html='C:\\Users\\Omistaja\\Desktop\\NTX Setup Manager\\Tools and jaws Library\\preview\\index.html'
wall='2026-04-25T10:07:01.253' t_ms='1172' event='stl_preview.show_event' launch_id='' page_ready='False' visible='True' window_active='False'
wall='2026-04-25T10:07:01.253' t_ms='1172' event='stl_preview.webview.ensure_scheduled' launch_id='' delay_ms='75' auto_start='True' activation_requested='False'
wall='2026-04-25T10:07:01.255' t_ms='1172' event='stl_preview.webview.load.after' launch_id=''
wall='2026-04-25T10:07:01.509' t_ms='1437' event='stl_preview.load_finished' launch_id='' ok='True' visible='True' pending_parts='False' pending_stl='False'
wall='2026-04-25T10:07:01.760' t_ms='1687' event='preview_runtime.warmup_widget.hide' widget_type='StlPreviewWidget'
wall='2026-04-25T10:07:01.761' t_ms='1687' event='warm_preview.done'
wall='2026-04-25T10:07:01.890' t_ms='452' event='warm_preview.starting'
wall='2026-04-25T10:07:01.891' t_ms='452' event='stl_preview.init.begin' launch_id='' parent='' has_initial_stl='False'
wall='2026-04-25T10:07:01.892' t_ms='452' event='stl_preview.init.done' launch_id='' visible='False'
wall='2026-04-25T10:07:01.893' t_ms='452' event='preview_runtime.warmup_widget.show' widget_type='StlPreviewWidget' geometry='(-32000, -32000, 8, 8)' pool_size_before='0'
wall='2026-04-25T10:07:01.904' t_ms='468' event='stl_preview.show_event' launch_id='' page_ready='False' visible='True' window_active='False'
wall='2026-04-25T10:07:01.905' t_ms='468' event='stl_preview.webview.ensure_scheduled' launch_id='' delay_ms='75' auto_start='True' activation_requested='False'
wall='2026-04-25T10:07:01.905' t_ms='468' event='stl_preview.webview.create.before' launch_id=''
wall='2026-04-25T10:07:02.509' t_ms='1077' event='stl_preview.webview.create.after' launch_id=''
wall='2026-04-25T10:07:02.510' t_ms='1077' event='stl_preview.webview.load.before' launch_id='' html='C:\\Users\\Omistaja\\Desktop\\NTX Setup Manager\\Tools and jaws Library\\preview\\index.html'
wall='2026-04-25T10:07:02.540' t_ms='1108' event='stl_preview.show_event' launch_id='' page_ready='False' visible='True' window_active='False'
wall='2026-04-25T10:07:02.541' t_ms='1108' event='stl_preview.webview.ensure_scheduled' launch_id='' delay_ms='75' auto_start='True' activation_requested='False'
wall='2026-04-25T10:07:02.542' t_ms='1108' event='stl_preview.webview.load.after' launch_id=''
wall='2026-04-25T10:07:02.785' t_ms='1343' event='stl_preview.load_finished' launch_id='' ok='True' visible='True' pending_parts='False' pending_stl='False'
wall='2026-04-25T10:07:03.040' t_ms='1608' event='preview_runtime.warmup_widget.hide' widget_type='StlPreviewWidget'
wall='2026-04-25T10:07:03.041' t_ms='1608' event='warm_preview.done'
wall='2026-04-25T10:07:11.726' t_ms='11640' event='preview_runtime.widget_destroyed' widget_type='StlPreviewWidget' stack=''
wall='2026-04-25T11:13:53.078' t_ms='452' event='warm_preview.starting'
wall='2026-04-25T11:13:53.078' t_ms='452' event='stl_preview.init.begin' launch_id='' parent='' has_initial_stl='False'
wall='2026-04-25T11:13:53.079' t_ms='452' event='stl_preview.init.done' launch_id='' visible='False'
wall='2026-04-25T11:13:53.080' t_ms='452' event='preview_runtime.warmup_widget.init' widget_type='StlPreviewWidget' pool_size_before='0'
wall='2026-04-25T11:13:53.093' t_ms='467' event='stl_preview.show_event' launch_id='' page_ready='False' visible='True' window_active='False'
wall='2026-04-25T11:13:53.094' t_ms='467' event='stl_preview.webview.ensure_scheduled' launch_id='' delay_ms='75' auto_start='True' activation_requested='False'
wall='2026-04-25T11:13:53.094' t_ms='467' event='stl_preview.webview.create.before' launch_id=''
wall='2026-04-25T11:13:53.751' t_ms='1125' event='stl_preview.webview.create.after' launch_id=''
wall='2026-04-25T11:13:53.752' t_ms='1125' event='stl_preview.webview.load.before' launch_id='' html='C:\\Users\\Omistaja\\Desktop\\NTX Setup Manager\\Tools and jaws Library\\preview\\index.html'
wall='2026-04-25T11:13:53.788' t_ms='1155' event='stl_preview.show_event' launch_id='' page_ready='False' visible='True' window_active='False'
wall='2026-04-25T11:13:53.790' t_ms='1170' event='stl_preview.webview.load.after' launch_id=''
wall='2026-04-25T11:13:54.071' t_ms='1452' event='stl_preview.load_finished' launch_id='' ok='True' visible='True' pending_parts='False' pending_stl='False'
wall='2026-04-25T11:13:54.291' t_ms='1670' event='preview_runtime.warmup_widget.ready' widget_type='StlPreviewWidget'
wall='2026-04-25T11:13:54.293' t_ms='1670' event='warm_preview.done'
wall='2026-04-25T11:13:54.420' t_ms='452' event='warm_preview.starting'
wall='2026-04-25T11:13:54.420' t_ms='452' event='stl_preview.init.begin' launch_id='' parent='' has_initial_stl='False'
wall='2026-04-25T11:13:54.421' t_ms='452' event='stl_preview.init.done' launch_id='' visible='False'
wall='2026-04-25T11:13:54.422' t_ms='452' event='preview_runtime.warmup_widget.init' widget_type='StlPreviewWidget' pool_size_before='0'
wall='2026-04-25T11:13:54.443' t_ms='469' event='stl_preview.show_event' launch_id='' page_ready='False' visible='True' window_active='False'
wall='2026-04-25T11:13:54.443' t_ms='469' event='stl_preview.webview.ensure_scheduled' launch_id='' delay_ms='75' auto_start='True' activation_requested='False'
wall='2026-04-25T11:13:54.444' t_ms='469' event='stl_preview.webview.create.before' launch_id=''
wall='2026-04-25T11:13:55.049' t_ms='1077' event='stl_preview.webview.create.after' launch_id=''
wall='2026-04-25T11:13:55.050' t_ms='1077' event='stl_preview.webview.load.before' launch_id='' html='C:\\Users\\Omistaja\\Desktop\\NTX Setup Manager\\Tools and jaws Library\\preview\\index.html'
wall='2026-04-25T11:13:55.081' t_ms='1109' event='stl_preview.show_event' launch_id='' page_ready='False' visible='True' window_active='False'
wall='2026-04-25T11:13:55.083' t_ms='1109' event='stl_preview.webview.load.after' launch_id=''
wall='2026-04-25T11:13:55.353' t_ms='1391' event='stl_preview.load_finished' launch_id='' ok='True' visible='True' pending_parts='False' pending_stl='False'
wall='2026-04-25T11:13:55.592' t_ms='1625' event='preview_runtime.warmup_widget.ready' widget_type='StlPreviewWidget'
wall='2026-04-25T11:13:55.594' t_ms='1625' event='warm_preview.done'
wall='2026-04-25T11:14:03.547' t_ms='11217' event='selector_session.embedded.open.begin' active_class='LatheWorkEditorDialog' active_object='' active_title='Muokkaa työtä' active_visible='True' active_active='True' active_opacity='1.0' kind='tools'
wall='2026-04-25T11:14:06.633' t_ms='14000' event='preview_runtime.widget_destroyed' widget_type='StlPreviewWidget' stack=''
