{"ts": "2026-04-25T05:41:39.588742+00:00", "event": "init.begin", "pid": 35492, "dialog_class": "LatheWorkEditorDialog"}
{"ts": "2026-04-25T05:41:39.590742+00:00", "event": "init.setup_tabs.done", "pid": 35492, "dialog_class": "LatheWorkEditorDialog"}
{"ts": "2026-04-25T05:41:39.597742+00:00", "event": "init.base_tabs.done", "pid": 35492, "dialog_class": "LatheWorkEditorDialog"}
{"ts": "2026-04-25T05:41:39.601243+00:00", "event": "init.button_row.done", "pid": 35492, "dialog_class": "LatheWorkEditorDialog"}
{"ts": "2026-04-25T05:41:39.602744+00:00", "event": "init.load_external_refs.done", "pid": 35492, "dialog_class": "LatheWorkEditorDialog"}
{"ts": "2026-04-25T05:41:39.602744+00:00", "event": "init.load_work.done", "pid": 35492, "dialog_class": "LatheWorkEditorDialog"}
{"ts": "2026-04-25T05:41:39.628251+00:00", "event": "init.zeros_tab.built", "pid": 35492, "dialog_class": "LatheWorkEditorDialog"}
{"ts": "2026-04-25T05:41:39.628749+00:00", "event": "init.zeros_tab.payload_applied", "pid": 35492, "dialog_class": "LatheWorkEditorDialog"}
{"ts": "2026-04-25T05:41:39.629250+00:00", "event": "tools_tab.begin", "pid": 35492, "dialog_class": "LatheWorkEditorDialog", "bypass_ordered_lists": false, "bypass_shared_actions": false}
{"ts": "2026-04-25T05:41:39.675258+00:00", "event": "tools_tab.end", "pid": 35492, "dialog_class": "LatheWorkEditorDialog"}
{"ts": "2026-04-25T05:41:39.675759+00:00", "event": "init.tools_tab.built", "pid": 35492, "dialog_class": "LatheWorkEditorDialog"}
{"ts": "2026-04-25T05:41:39.675759+00:00", "event": "init.tools_tab.payload_applied", "pid": 35492, "dialog_class": "LatheWorkEditorDialog"}
{"ts": "2026-04-25T05:41:39.676258+00:00", "event": "init.tool_head_widgets.refreshed", "pid": 35492, "dialog_class": "LatheWorkEditorDialog"}
{"ts": "2026-04-25T05:41:39.676258+00:00", "event": "init.tool_head_view.synced", "pid": 35492, "dialog_class": "LatheWorkEditorDialog"}
{"ts": "2026-04-25T05:41:39.676758+00:00", "event": "init.family_shell.done", "pid": 35492, "dialog_class": "LatheWorkEditorDialog"}
{"ts": "2026-04-25T05:41:39.722259+00:00", "event": "init.host_style.done", "pid": 35492, "dialog_class": "LatheWorkEditorDialog"}
{"ts": "2026-04-25T05:41:39.726759+00:00", "event": "init.secondary_buttons.done", "pid": 35492, "dialog_class": "LatheWorkEditorDialog"}
{"ts": "2026-04-25T05:41:39.734264+00:00", "event": "init.finalize.done", "pid": 35492, "dialog_class": "LatheWorkEditorDialog"}
{"ts": "2026-04-25T05:41:39.734264+00:00", "event": "init.end", "pid": 35492, "dialog_class": "LatheWorkEditorDialog"}
{"ts": "2026-04-25T05:45:25.416134+00:00", "event": "init.begin", "pid": 18512, "dialog_class": "LatheWorkEditorDialog"}
{"ts": "2026-04-25T05:45:25.418134+00:00", "event": "init.setup_tabs.done", "pid": 18512, "dialog_class": "LatheWorkEditorDialog"}
{"ts": "2026-04-25T05:45:25.425634+00:00", "event": "init.base_tabs.done", "pid": 18512, "dialog_class": "LatheWorkEditorDialog"}
{"ts": "2026-04-25T05:45:25.428634+00:00", "event": "init.button_row.done", "pid": 18512, "dialog_class": "LatheWorkEditorDialog"}
{"ts": "2026-04-25T05:45:25.430134+00:00", "event": "init.load_external_refs.done", "pid": 18512, "dialog_class": "LatheWorkEditorDialog"}
{"ts": "2026-04-25T05:45:25.430134+00:00", "event": "init.load_work.done", "pid": 18512, "dialog_class": "LatheWorkEditorDialog"}
{"ts": "2026-04-25T05:45:25.456133+00:00", "event": "init.zeros_tab.built", "pid": 18512, "dialog_class": "LatheWorkEditorDialog"}
{"ts": "2026-04-25T05:45:25.456634+00:00", "event": "init.zeros_tab.payload_applied", "pid": 18512, "dialog_class": "LatheWorkEditorDialog"}
{"ts": "2026-04-25T05:45:25.456634+00:00", "event": "tools_tab.begin", "pid": 18512, "dialog_class": "LatheWorkEditorDialog", "bypass_ordered_lists": false, "bypass_shared_actions": false}
{"ts": "2026-04-25T05:45:25.505144+00:00", "event": "tools_tab.end", "pid": 18512, "dialog_class": "LatheWorkEditorDialog"}
{"ts": "2026-04-25T05:45:25.505644+00:00", "event": "init.tools_tab.built", "pid": 18512, "dialog_class": "LatheWorkEditorDialog"}
{"ts": "2026-04-25T05:45:25.506143+00:00", "event": "init.tools_tab.payload_applied", "pid": 18512, "dialog_class": "LatheWorkEditorDialog"}
{"ts": "2026-04-25T05:45:25.506143+00:00", "event": "init.tool_head_widgets.refreshed", "pid": 18512, "dialog_class": "LatheWorkEditorDialog"}
{"ts": "2026-04-25T05:45:25.506643+00:00", "event": "init.tool_head_view.synced", "pid": 18512, "dialog_class": "LatheWorkEditorDialog"}
{"ts": "2026-04-25T05:45:25.506643+00:00", "event": "init.family_shell.done", "pid": 18512, "dialog_class": "LatheWorkEditorDialog"}
{"ts": "2026-04-25T05:45:25.554642+00:00", "event": "init.host_style.done", "pid": 18512, "dialog_class": "LatheWorkEditorDialog"}
{"ts": "2026-04-25T05:45:25.559642+00:00", "event": "init.secondary_buttons.done", "pid": 18512, "dialog_class": "LatheWorkEditorDialog"}
{"ts": "2026-04-25T05:45:25.567143+00:00", "event": "init.finalize.done", "pid": 18512, "dialog_class": "LatheWorkEditorDialog"}
{"ts": "2026-04-25T05:45:25.567642+00:00", "event": "init.end", "pid": 18512, "dialog_class": "LatheWorkEditorDialog"}
{"ts": "2026-04-25T05:50:49.728296+00:00", "event": "init.begin", "pid": 3744, "dialog_class": "LatheWorkEditorDialog"}
{"ts": "2026-04-25T05:50:49.730296+00:00", "event": "init.setup_tabs.done", "pid": 3744, "dialog_class": "LatheWorkEditorDialog"}
{"ts": "2026-04-25T05:50:49.737296+00:00", "event": "init.base_tabs.done", "pid": 3744, "dialog_class": "LatheWorkEditorDialog"}
{"ts": "2026-04-25T05:50:49.740295+00:00", "event": "init.button_row.done", "pid": 3744, "dialog_class": "LatheWorkEditorDialog"}
{"ts": "2026-04-25T05:50:49.741795+00:00", "event": "init.load_external_refs.done", "pid": 3744, "dialog_class": "LatheWorkEditorDialog"}
{"ts": "2026-04-25T05:50:49.741795+00:00", "event": "init.load_work.done", "pid": 3744, "dialog_class": "LatheWorkEditorDialog"}
{"ts": "2026-04-25T05:50:49.766795+00:00", "event": "init.zeros_tab.built", "pid": 3744, "dialog_class": "LatheWorkEditorDialog"}
{"ts": "2026-04-25T05:50:49.767295+00:00", "event": "init.zeros_tab.payload_applied", "pid": 3744, "dialog_class": "LatheWorkEditorDialog"}
{"ts": "2026-04-25T05:50:49.767295+00:00", "event": "tools_tab.begin", "pid": 3744, "dialog_class": "LatheWorkEditorDialog", "bypass_ordered_lists": false, "bypass_shared_actions": false}
{"ts": "2026-04-25T05:50:49.814798+00:00", "event": "tools_tab.end", "pid": 3744, "dialog_class": "LatheWorkEditorDialog"}
{"ts": "2026-04-25T05:50:49.814798+00:00", "event": "init.tools_tab.built", "pid": 3744, "dialog_class": "LatheWorkEditorDialog"}
{"ts": "2026-04-25T05:50:49.815296+00:00", "event": "init.tools_tab.payload_applied", "pid": 3744, "dialog_class": "LatheWorkEditorDialog"}
{"ts": "2026-04-25T05:50:49.815296+00:00", "event": "init.tool_head_widgets.refreshed", "pid": 3744, "dialog_class": "LatheWorkEditorDialog"}
{"ts": "2026-04-25T05:50:49.815797+00:00", "event": "init.tool_head_view.synced", "pid": 3744, "dialog_class": "LatheWorkEditorDialog"}
{"ts": "2026-04-25T05:50:49.815797+00:00", "event": "init.family_shell.done", "pid": 3744, "dialog_class": "LatheWorkEditorDialog"}
{"ts": "2026-04-25T05:50:49.862795+00:00", "event": "init.host_style.done", "pid": 3744, "dialog_class": "LatheWorkEditorDialog"}
{"ts": "2026-04-25T05:50:49.867297+00:00", "event": "init.secondary_buttons.done", "pid": 3744, "dialog_class": "LatheWorkEditorDialog"}
{"ts": "2026-04-25T05:50:49.874795+00:00", "event": "init.finalize.done", "pid": 3744, "dialog_class": "LatheWorkEditorDialog"}
{"ts": "2026-04-25T05:50:49.875295+00:00", "event": "init.end", "pid": 3744, "dialog_class": "LatheWorkEditorDialog"}
{"ts": "2026-04-25T05:52:05.056621+00:00", "event": "init.begin", "pid": 24764, "dialog_class": "LatheWorkEditorDialog"}
{"ts": "2026-04-25T05:52:05.058619+00:00", "event": "init.setup_tabs.done", "pid": 24764, "dialog_class": "LatheWorkEditorDialog"}
{"ts": "2026-04-25T05:52:05.065621+00:00", "event": "init.base_tabs.done", "pid": 24764, "dialog_class": "LatheWorkEditorDialog"}
{"ts": "2026-04-25T05:52:05.069119+00:00", "event": "init.button_row.done", "pid": 24764, "dialog_class": "LatheWorkEditorDialog"}
{"ts": "2026-04-25T05:52:05.071119+00:00", "event": "init.load_external_refs.done", "pid": 24764, "dialog_class": "LatheWorkEditorDialog"}
{"ts": "2026-04-25T05:52:05.071119+00:00", "event": "init.load_work.done", "pid": 24764, "dialog_class": "LatheWorkEditorDialog"}
{"ts": "2026-04-25T05:52:05.096119+00:00", "event": "init.zeros_tab.built", "pid": 24764, "dialog_class": "LatheWorkEditorDialog"}
{"ts": "2026-04-25T05:52:05.096619+00:00", "event": "init.zeros_tab.payload_applied", "pid": 24764, "dialog_class": "LatheWorkEditorDialog"}
{"ts": "2026-04-25T05:52:05.096619+00:00", "event": "tools_tab.begin", "pid": 24764, "dialog_class": "LatheWorkEditorDialog", "bypass_ordered_lists": false, "bypass_shared_actions": false}
{"ts": "2026-04-25T05:52:05.142619+00:00", "event": "tools_tab.end", "pid": 24764, "dialog_class": "LatheWorkEditorDialog"}
{"ts": "2026-04-25T05:52:05.143122+00:00", "event": "init.tools_tab.built", "pid": 24764, "dialog_class": "LatheWorkEditorDialog"}
{"ts": "2026-04-25T05:52:05.143122+00:00", "event": "init.tools_tab.payload_applied", "pid": 24764, "dialog_class": "LatheWorkEditorDialog"}
{"ts": "2026-04-25T05:52:05.143620+00:00", "event": "init.tool_head_widgets.refreshed", "pid": 24764, "dialog_class": "LatheWorkEditorDialog"}
{"ts": "2026-04-25T05:52:05.143620+00:00", "event": "init.tool_head_view.synced", "pid": 24764, "dialog_class": "LatheWorkEditorDialog"}
{"ts": "2026-04-25T05:52:05.144121+00:00", "event": "init.family_shell.done", "pid": 24764, "dialog_class": "LatheWorkEditorDialog"}
{"ts": "2026-04-25T05:52:05.190119+00:00", "event": "init.host_style.done", "pid": 24764, "dialog_class": "LatheWorkEditorDialog"}
{"ts": "2026-04-25T05:52:05.194619+00:00", "event": "init.secondary_buttons.done", "pid": 24764, "dialog_class": "LatheWorkEditorDialog"}
{"ts": "2026-04-25T05:52:05.202120+00:00", "event": "init.finalize.done", "pid": 24764, "dialog_class": "LatheWorkEditorDialog"}
{"ts": "2026-04-25T05:52:05.202120+00:00", "event": "init.end", "pid": 24764, "dialog_class": "LatheWorkEditorDialog"}
{"ts": "2026-04-25T05:52:28.233632+00:00", "event": "init.begin", "pid": 19912, "dialog_class": "LatheWorkEditorDialog"}
{"ts": "2026-04-25T05:52:28.235632+00:00", "event": "init.setup_tabs.done", "pid": 19912, "dialog_class": "LatheWorkEditorDialog"}
{"ts": "2026-04-25T05:52:28.242632+00:00", "event": "init.base_tabs.done", "pid": 19912, "dialog_class": "LatheWorkEditorDialog"}
{"ts": "2026-04-25T05:52:28.245632+00:00", "event": "init.button_row.done", "pid": 19912, "dialog_class": "LatheWorkEditorDialog"}
{"ts": "2026-04-25T05:52:28.247134+00:00", "event": "init.load_external_refs.done", "pid": 19912, "dialog_class": "LatheWorkEditorDialog"}
{"ts": "2026-04-25T05:52:28.247134+00:00", "event": "init.load_work.done", "pid": 19912, "dialog_class": "LatheWorkEditorDialog"}
{"ts": "2026-04-25T05:52:28.272632+00:00", "event": "init.zeros_tab.built", "pid": 19912, "dialog_class": "LatheWorkEditorDialog"}
{"ts": "2026-04-25T05:52:28.272632+00:00", "event": "init.zeros_tab.payload_applied", "pid": 19912, "dialog_class": "LatheWorkEditorDialog"}
{"ts": "2026-04-25T05:52:28.273133+00:00", "event": "tools_tab.begin", "pid": 19912, "dialog_class": "LatheWorkEditorDialog", "bypass_ordered_lists": false, "bypass_shared_actions": false}
{"ts": "2026-04-25T05:52:28.320134+00:00", "event": "tools_tab.end", "pid": 19912, "dialog_class": "LatheWorkEditorDialog"}
{"ts": "2026-04-25T05:52:28.320134+00:00", "event": "init.tools_tab.built", "pid": 19912, "dialog_class": "LatheWorkEditorDialog"}
{"ts": "2026-04-25T05:52:28.320134+00:00", "event": "init.tools_tab.payload_applied", "pid": 19912, "dialog_class": "LatheWorkEditorDialog"}
{"ts": "2026-04-25T05:52:28.320639+00:00", "event": "init.tool_head_widgets.refreshed", "pid": 19912, "dialog_class": "LatheWorkEditorDialog"}
{"ts": "2026-04-25T05:52:28.321132+00:00", "event": "init.tool_head_view.synced", "pid": 19912, "dialog_class": "LatheWorkEditorDialog"}
{"ts": "2026-04-25T05:52:28.321132+00:00", "event": "init.family_shell.done", "pid": 19912, "dialog_class": "LatheWorkEditorDialog"}
{"ts": "2026-04-25T05:52:28.366632+00:00", "event": "init.host_style.done", "pid": 19912, "dialog_class": "LatheWorkEditorDialog"}
{"ts": "2026-04-25T05:52:28.370631+00:00", "event": "init.secondary_buttons.done", "pid": 19912, "dialog_class": "LatheWorkEditorDialog"}
{"ts": "2026-04-25T05:52:28.378131+00:00", "event": "init.finalize.done", "pid": 19912, "dialog_class": "LatheWorkEditorDialog"}
{"ts": "2026-04-25T05:52:28.378131+00:00", "event": "init.end", "pid": 19912, "dialog_class": "LatheWorkEditorDialog"}
{"ts": "2026-04-25T05:53:42.332207+00:00", "event": "init.begin", "pid": 29900, "dialog_class": "LatheWorkEditorDialog"}
{"ts": "2026-04-25T05:53:42.333708+00:00", "event": "init.setup_tabs.done", "pid": 29900, "dialog_class": "LatheWorkEditorDialog"}
{"ts": "2026-04-25T05:53:42.340707+00:00", "event": "init.base_tabs.done", "pid": 29900, "dialog_class": "LatheWorkEditorDialog"}
{"ts": "2026-04-25T05:53:42.343707+00:00", "event": "init.button_row.done", "pid": 29900, "dialog_class": "LatheWorkEditorDialog"}
{"ts": "2026-04-25T05:53:42.344708+00:00", "event": "init.load_external_refs.done", "pid": 29900, "dialog_class": "LatheWorkEditorDialog"}
{"ts": "2026-04-25T05:53:42.345208+00:00", "event": "init.load_work.done", "pid": 29900, "dialog_class": "LatheWorkEditorDialog"}
{"ts": "2026-04-25T05:53:42.369207+00:00", "event": "init.zeros_tab.built", "pid": 29900, "dialog_class": "LatheWorkEditorDialog"}
{"ts": "2026-04-25T05:53:42.369707+00:00", "event": "init.zeros_tab.payload_applied", "pid": 29900, "dialog_class": "LatheWorkEditorDialog"}
{"ts": "2026-04-25T05:53:42.369707+00:00", "event": "tools_tab.begin", "pid": 29900, "dialog_class": "LatheWorkEditorDialog", "bypass_ordered_lists": false, "bypass_shared_actions": false}
{"ts": "2026-04-25T05:53:42.414210+00:00", "event": "tools_tab.end", "pid": 29900, "dialog_class": "LatheWorkEditorDialog"}
{"ts": "2026-04-25T05:53:42.414210+00:00", "event": "init.tools_tab.built", "pid": 29900, "dialog_class": "LatheWorkEditorDialog"}
{"ts": "2026-04-25T05:53:42.414711+00:00", "event": "init.tools_tab.payload_applied", "pid": 29900, "dialog_class": "LatheWorkEditorDialog"}
{"ts": "2026-04-25T05:53:42.414711+00:00", "event": "init.tool_head_widgets.refreshed", "pid": 29900, "dialog_class": "LatheWorkEditorDialog"}
{"ts": "2026-04-25T05:53:42.415209+00:00", "event": "init.tool_head_view.synced", "pid": 29900, "dialog_class": "LatheWorkEditorDialog"}
{"ts": "2026-04-25T05:53:42.415209+00:00", "event": "init.family_shell.done", "pid": 29900, "dialog_class": "LatheWorkEditorDialog"}
{"ts": "2026-04-25T05:53:42.461708+00:00", "event": "init.host_style.done", "pid": 29900, "dialog_class": "LatheWorkEditorDialog"}
{"ts": "2026-04-25T05:53:42.466207+00:00", "event": "init.secondary_buttons.done", "pid": 29900, "dialog_class": "LatheWorkEditorDialog"}
{"ts": "2026-04-25T05:53:42.473708+00:00", "event": "init.finalize.done", "pid": 29900, "dialog_class": "LatheWorkEditorDialog"}
{"ts": "2026-04-25T05:53:42.474208+00:00", "event": "init.end", "pid": 29900, "dialog_class": "LatheWorkEditorDialog"}
{"ts": "2026-04-25T06:14:13.760655+00:00", "event": "init.begin", "pid": 6296, "dialog_class": "LatheWorkEditorDialog"}
{"ts": "2026-04-25T06:14:13.762154+00:00", "event": "init.setup_tabs.done", "pid": 6296, "dialog_class": "LatheWorkEditorDialog"}
{"ts": "2026-04-25T06:14:13.769654+00:00", "event": "init.base_tabs.done", "pid": 6296, "dialog_class": "LatheWorkEditorDialog"}
{"ts": "2026-04-25T06:14:13.772655+00:00", "event": "init.button_row.done", "pid": 6296, "dialog_class": "LatheWorkEditorDialog"}
{"ts": "2026-04-25T06:14:13.774654+00:00", "event": "init.load_external_refs.done", "pid": 6296, "dialog_class": "LatheWorkEditorDialog"}
{"ts": "2026-04-25T06:14:13.774654+00:00", "event": "init.load_work.done", "pid": 6296, "dialog_class": "LatheWorkEditorDialog"}
{"ts": "2026-04-25T06:14:13.800154+00:00", "event": "init.zeros_tab.built", "pid": 6296, "dialog_class": "LatheWorkEditorDialog"}
{"ts": "2026-04-25T06:14:13.800154+00:00", "event": "init.zeros_tab.payload_applied", "pid": 6296, "dialog_class": "LatheWorkEditorDialog"}
{"ts": "2026-04-25T06:14:13.800656+00:00", "event": "tools_tab.begin", "pid": 6296, "dialog_class": "LatheWorkEditorDialog", "bypass_ordered_lists": false, "bypass_shared_actions": false}
{"ts": "2026-04-25T06:14:13.847657+00:00", "event": "tools_tab.end", "pid": 6296, "dialog_class": "LatheWorkEditorDialog"}
{"ts": "2026-04-25T06:14:13.847657+00:00", "event": "init.tools_tab.built", "pid": 6296, "dialog_class": "LatheWorkEditorDialog"}
{"ts": "2026-04-25T06:14:13.848155+00:00", "event": "init.tools_tab.payload_applied", "pid": 6296, "dialog_class": "LatheWorkEditorDialog"}
{"ts": "2026-04-25T06:14:13.848155+00:00", "event": "init.tool_head_widgets.refreshed", "pid": 6296, "dialog_class": "LatheWorkEditorDialog"}
{"ts": "2026-04-25T06:14:13.848655+00:00", "event": "init.tool_head_view.synced", "pid": 6296, "dialog_class": "LatheWorkEditorDialog"}
{"ts": "2026-04-25T06:14:13.848655+00:00", "event": "init.family_shell.done", "pid": 6296, "dialog_class": "LatheWorkEditorDialog"}
{"ts": "2026-04-25T06:14:13.895154+00:00", "event": "init.host_style.done", "pid": 6296, "dialog_class": "LatheWorkEditorDialog"}
{"ts": "2026-04-25T06:14:13.900158+00:00", "event": "init.secondary_buttons.done", "pid": 6296, "dialog_class": "LatheWorkEditorDialog"}
{"ts": "2026-04-25T06:14:13.907654+00:00", "event": "init.finalize.done", "pid": 6296, "dialog_class": "LatheWorkEditorDialog"}
{"ts": "2026-04-25T06:14:13.908154+00:00", "event": "init.end", "pid": 6296, "dialog_class": "LatheWorkEditorDialog"}
