{"ts": "2026-04-20T13:06:12.042841+00:00", "session": "bb8c90ab-530a-4bf5-9905-ac319ec0f1cc", "from": "idle", "to": "opening", "caller": "tools"}
{"ts": "2026-04-20T13:11:29.425727+00:00", "session": "658a6c2e-766b-4767-9b7b-8c7fdef351e9", "from": "idle", "to": "opening", "caller": "tools"}
{"ts": "2026-04-20T13:17:08.360616+00:00", "session": "9f267f0f-516e-42ba-8a28-e7b488927af5", "from": "idle", "to": "opening", "caller": "tools"}
{"ts": "2026-04-20T13:17:17.220305+00:00", "session": "dfc1b938-93d1-4c19-bfae-a589048a6977", "from": "idle", "to": "opening", "caller": "tools"}
{"ts": "2026-04-20T13:17:24.777794+00:00", "session": "cd7dbb23-8439-4d4c-8374-bc54ee841587", "from": "idle", "to": "opening", "caller": "tools"}
{"ts": "2026-04-20T13:17:32.533395+00:00", "session": "977e289f-d8ff-45e0-bcdc-3d107045e1b1", "from": "idle", "to": "opening", "caller": "tools"}
{"ts": "2026-04-20T13:17:40.142289+00:00", "session": "d798d6df-5be8-4ec1-950d-11cd88989bb2", "from": "idle", "to": "opening", "caller": "tools"}
{"ts": "2026-04-20T13:19:05.640869+00:00", "session": "4e89cfb1-5488-4f99-9722-6b6346343603", "from": "idle", "to": "opening", "caller": "tools"}
{"ts": "2026-04-20T13:22:28.067932+00:00", "session": "350d6468-deb9-42cb-9cd8-2ee1dbd23b50", "from": "idle", "to": "opening", "caller": "tools"}
{"ts": "2026-04-20T13:23:02.042533+00:00", "session": "ae415e3a-b56e-4558-ae39-aa3095474f29", "from": "idle", "to": "opening", "caller": "tools"}
{"ts": "2026-04-20T13:31:49.253899+00:00", "session": "dfee4a68-0f56-4b25-9959-9642c42cd3ca", "from": "idle", "to": "opening", "caller": "tools"}
{"ts": "2026-04-20T13:38:11.791008+00:00", "session": "e2761a27-efc9-4002-9b3e-3734f0650cb4", "from": "idle", "to": "opening", "caller": "tools"}
{"ts": "2026-04-20T13:43:24.156328+00:00", "session": "6e56adaa-e2af-4790-8030-b8c8c592dbc9", "from": "idle", "to": "opening", "caller": "tools"}
{"ts": "2026-04-20T13:49:19.534717+00:00", "session": "3941e76c-9660-4a1e-b41c-2ce8eec0a87f", "from": "idle", "to": "opening", "caller": "tools"}
{"ts": "2026-04-20T13:49:34.252885+00:00", "session": "cb503db0-d21a-4281-bafb-fc35627de9fe", "from": "idle", "to": "opening", "caller": "tools"}
{"ts": "2026-04-20T13:51:04.236100+00:00", "session": "00c23ef8-ea97-47f1-96a3-5a607ac84c26", "from": "idle", "to": "opening", "caller": "tools"}
{"ts": "2026-04-20T14:06:33.917510+00:00", "session": "de889736-5c5d-448d-9c7c-1de004e7a1cf", "from": "idle", "to": "opening", "caller": "tools"}
{"ts": "2026-04-20T14:06:59.681552+00:00", "session": "7701efcf-ba38-42a2-ae52-b26d2eb0fc70", "from": "idle", "to": "opening", "caller": "tools"}
{"ts": "2026-04-20T14:07:13.144956+00:00", "session": "ded44491-fff6-4c09-a127-780cff1a8800", "from": "idle", "to": "opening", "caller": "tools"}
{"ts": "2026-04-20T14:10:51.829059+00:00", "session": "3e6be4c9-9104-424b-8275-5f1eec27afac", "from": "idle", "to": "opening", "caller": "tools"}
{"ts": "2026-04-20T14:20:41.501596+00:00", "session": "c1f25cec-f2d5-4457-b5e8-df19ce02324f", "from": "idle", "to": "opening", "caller": "tools"}
{"ts": "2026-04-20T14:28:51.330093+00:00", "session": "3c12292a-d282-42ef-884a-41853d5b1f92", "from": "idle", "to": "opening", "caller": "tools"}
{"ts": "2026-04-20T15:09:29.114730+00:00", "session": "821abb7e-14db-4d61-be84-d95a5edc58e8", "from": "idle", "to": "opening", "caller": "tools"}
{"ts": "2026-04-20T15:18:08.635860+00:00", "session": "5c400be6-236f-4102-84aa-13feca1b59b8", "from": "idle", "to": "opening", "caller": "tools"}
{"ts": "2026-04-20T15:23:57.546859+00:00", "session": "0a5cdc60-4f50-4fbf-b870-b7084e478348", "from": "idle", "to": "opening", "caller": "tools"}
{"ts": "2026-04-20T15:27:03.042054+00:00", "session": "51e11ef6-94bd-4452-a6e3-3237912d4bd1", "from": "idle", "to": "opening", "caller": "tools"}
{"ts": "2026-04-20T15:32:28.424341+00:00", "session": "855d4ed2-8f1a-4f6c-b74d-3a817d21986f", "from": "idle", "to": "opening", "caller": "tools"}
{"ts": "2026-04-20T15:39:43.226125+00:00", "session": "8a1b479f-4528-4178-a12d-3192832ea88e", "from": "idle", "to": "opening", "caller": "tools"}
{"ts": "2026-04-20T15:41:54.812144+00:00", "session": "1b8b7fd7-584d-450e-b3b0-88aa5f00021c", "from": "idle", "to": "opening", "caller": "tools"}
{"ts": "2026-04-20T15:44:43.972778+00:00", "session": "3b5fdbfc-498c-407f-a1cc-978f55c500ab", "from": "idle", "to": "opening", "caller": "tools"}
{"ts": "2026-04-20T15:54:57.966207+00:00", "session": "c4590fc0-784d-4cc8-9015-6ea45005c73f", "from": "idle", "to": "opening", "caller": "tools"}
{"ts": "2026-04-20T15:56:48.656000+00:00", "session": "81ba814c-6b83-4da7-922e-a57c095fc3f0", "from": "idle", "to": "opening", "caller": "tools"}
{"ts": "2026-04-20T16:03:26.954976+00:00", "session": "7436f05b-9d82-4569-bf18-4f278eba88d2", "from": "idle", "to": "opening", "caller": "tools"}
{"ts": "2026-04-20T16:06:43.464185+00:00", "session": "daf9d4f4-3bd6-41a0-b9fe-4328ea70e42f", "from": "idle", "to": "opening", "caller": "tools"}
{"ts": "2026-04-20T16:12:55.387769+00:00", "session": "84ffcaed-cefe-48a9-b43a-3963df75651c", "from": "idle", "to": "opening", "caller": "tools"}
{"ts": "2026-04-20T16:17:39.694102+00:00", "session": "be3123da-58f6-4c14-8d36-e8e817df663e", "from": "idle", "to": "opening", "caller": "tools"}
{"ts": "2026-04-20T16:20:43.999343+00:00", "session": "49f64c25-ddf2-4dc5-8072-2c10d2ee5d8d", "from": "idle", "to": "opening", "caller": "tools"}
{"ts": "2026-04-20T16:23:31.355271+00:00", "session": "82130219-1f9c-4e21-8573-9617f9da8e95", "from": "idle", "to": "opening", "caller": "tools"}
{"ts": "2026-04-20T16:25:04.072751+00:00", "session": "55200b4e-a4f5-4e28-b4a8-35921653a596", "from": "idle", "to": "opening", "caller": "tools"}
{"ts": "2026-04-20T16:26:58.005545+00:00", "session": "d2841905-b8ce-408c-858d-cce8380e01be", "from": "idle", "to": "opening", "caller": "tools"}
{"ts": "2026-04-20T16:29:30.481738+00:00", "session": "04296599-472d-45a1-ac9c-0fa8901a0824", "from": "idle", "to": "opening", "caller": "tools"}
{"ts": "2026-04-20T16:32:57.425029+00:00", "session": "28c63bdc-65e7-4bfd-ba0e-4d64e13657b2", "from": "idle", "to": "opening", "caller": "tools"}
{"ts": "2026-04-20T16:45:32.013777+00:00", "session": "b2fc443b-45e9-496f-ad2e-a0dbe539cc6a", "from": "idle", "to": "opening", "caller": "tools"}
{"ts": "2026-04-20T16:47:43.879162+00:00", "session": "1df8debc-48ba-4e8c-9804-edd7b903d7fc", "from": "idle", "to": "opening", "caller": "tools"}
{"ts": "2026-04-20T16:51:51.116039+00:00", "session": "3aa95f42-d763-417b-8560-7ef0b67d6f49", "from": "idle", "to": "opening", "caller": "tools"}
{"ts": "2026-04-21T03:39:50.117021+00:00", "session": "f54cc9ea-2eb9-4617-b8ac-7d83114f8c21", "from": "idle", "to": "opening", "caller": "tools"}
{"ts": "2026-04-21T03:46:45.331175+00:00", "session": "da383ade-15da-4980-82ac-2ba065cfb44d", "from": "idle", "to": "opening", "caller": "tools"}
{"ts": "2026-04-21T03:50:48.063287+00:00", "session": "9a79f1e0-b3f2-41ab-8259-d8c01836d24e", "from": "idle", "to": "opening", "caller": "tools"}
{"ts": "2026-04-21T03:53:33.044185+00:00", "session": "af512efd-a1d1-402d-a64b-ec3de9d8c674", "from": "idle", "to": "opening", "caller": "tools"}
{"ts": "2026-04-21T04:00:53.320548+00:00", "session": "ab32d9ae-0328-493a-8bc3-cb9c037c4293", "from": "idle", "to": "opening", "caller": "tools"}
{"ts": "2026-04-21T04:04:27.231652+00:00", "session": "f0bd9cd0-0ccb-4a38-9fbd-66dbf73d25c6", "from": "idle", "to": "opening", "caller": "tools"}
{"ts": "2026-04-21T04:08:44.547176+00:00", "session": "51ae8fff-de5e-4fb0-b136-8e8f7d93070f", "from": "idle", "to": "opening", "caller": "tools"}
{"ts": "2026-04-21T04:11:52.915391+00:00", "session": "df7c70ee-430d-41f8-8d31-f2286844a498", "from": "idle", "to": "opening", "caller": "tools"}
{"ts": "2026-04-21T04:14:48.502426+00:00", "session": "b890dc5a-f7c3-4d6a-acfd-9f225c8269ae", "from": "idle", "to": "opening", "caller": "tools"}
{"ts": "2026-04-21T04:17:09.770458+00:00", "session": "6d943f90-4edb-4655-92ae-c22b4ab69df5", "from": "idle", "to": "opening", "caller": "tools"}
{"ts": "2026-04-21T04:21:47.916712+00:00", "session": "744e9fd3-2459-452f-a2cb-7593ca460ec5", "from": "idle", "to": "opening", "caller": "tools"}
{"ts": "2026-04-21T04:23:39.947946+00:00", "session": "858fb75d-7ea6-4ab4-8460-2ad06bac1a5a", "from": "idle", "to": "opening", "caller": "tools"}
{"ts": "2026-04-22T06:10:45.928406+00:00", "session": "0a1794ea-3648-4155-aee3-86c1a58a9a71", "from": "idle", "to": "opening", "caller": "tools"}
{"ts": "2026-04-22T06:11:16.205174+00:00", "session": "25543901-db50-4395-90b8-2e6204ccc925", "from": "idle", "to": "opening", "caller": "tools"}
{"ts": "2026-04-22T06:11:21.503747+00:00", "session": "e385af07-afec-46ef-86bf-6c92d1e2528f", "from": "idle", "to": "opening", "caller": "tools"}
{"ts": "2026-04-22T06:11:27.102671+00:00", "session": "cfe08d25-6041-4118-90bf-3f3e143d4115", "from": "idle", "to": "opening", "caller": "tools"}
{"ts": "2026-04-22T06:11:33.239969+00:00", "session": "4fe7ee8b-3538-47f7-a14e-338e23645974", "from": "idle", "to": "opening", "caller": "tools"}
{"ts": "2026-04-22T06:11:41.027921+00:00", "session": "54b1672d-2140-4371-81d5-432cfc011e7b", "from": "idle", "to": "opening", "caller": "tools"}
{"ts": "2026-04-22T06:16:20.008525+00:00", "session": "f342b9d9-9a58-47b6-bc1a-b591cc66b666", "from": "idle", "to": "opening", "caller": "tools"}
{"ts": "2026-04-22T06:16:34.748529+00:00", "session": "4f005961-cc51-4ae0-b6af-342edd3dfd72", "from": "idle", "to": "opening", "caller": "tools"}
{"ts": "2026-04-22T06:16:43.091370+00:00", "session": "ad49af9d-405a-4acd-9547-d23fda9a782e", "from": "idle", "to": "opening", "caller": "tools"}
{"ts": "2026-04-22T06:16:52.110041+00:00", "session": "19cbf11d-edea-4260-abb6-341ff58951ff", "from": "idle", "to": "opening", "caller": "tools"}
{"ts": "2026-04-22T06:16:59.117392+00:00", "session": "9ec82140-df3e-414e-a78c-af836d94e302", "from": "idle", "to": "opening", "caller": "tools"}
{"ts": "2026-04-22T06:17:06.915541+00:00", "session": "814d3873-b9bb-487d-bf1e-5abb919ed9b4", "from": "idle", "to": "opening", "caller": "tools"}
{"ts": "2026-04-22T06:17:23.860560+00:00", "session": "be7f82f6-1e7b-42b5-b7b0-26e6dc2bffb1", "from": "idle", "to": "opening", "caller": "tools"}
{"ts": "2026-04-22T06:17:30.333435+00:00", "session": "f803c2f4-5076-4ce0-8b67-d84caa39c9d9", "from": "idle", "to": "opening", "caller": "tools"}
{"ts": "2026-04-22T06:17:41.183502+00:00", "session": "2050c04e-bb61-459c-b97c-e42092a21cf3", "from": "idle", "to": "opening", "caller": "tools"}
{"ts": "2026-04-22T06:17:51.486948+00:00", "session": "3bcc71fe-3703-4d70-9072-79b7dec93ef4", "from": "idle", "to": "opening", "caller": "tools"}
{"ts": "2026-04-22T06:18:10.689736+00:00", "session": "247b0b17-bce2-4392-b934-b94e966ebf41", "from": "idle", "to": "opening", "caller": "tools"}
{"ts": "2026-04-22T06:18:23.591446+00:00", "session": "6f099647-2ede-4c54-a1c5-79205428a1c7", "from": "idle", "to": "opening", "caller": "tools"}
{"ts": "2026-04-22T06:23:45.088242+00:00", "session": "a74774b7-8dcf-43ee-95f0-99bc58064a16", "from": "idle", "to": "opening", "caller": "tools"}
{"ts": "2026-04-22T06:23:52.320061+00:00", "session": "7ed9cd65-0470-4a12-b8fc-942f360eb887", "from": "idle", "to": "opening", "caller": "tools"}
{"ts": "2026-04-22T06:27:16.306562+00:00", "session": "d011f81b-2141-4f3f-bf3a-64ec8e1602ff", "from": "idle", "to": "opening", "caller": "tools"}
{"ts": "2026-04-22T08:16:58.666601+00:00", "session": "cbef4ea6-9eac-42e5-b386-b4fbed2721d6", "from": "idle", "to": "opening", "caller": "tools"}
{"ts": "2026-04-22T08:24:27.541612+00:00", "session": "da9716b1-3c8a-4eb2-8014-be3fbc21ed96", "from": "idle", "to": "opening", "caller": "tools"}
{"ts": "2026-04-22T08:28:26.487304+00:00", "session": "e14ae922-9b68-4667-aebe-d5e0de8ef0bc", "from": "idle", "to": "opening", "caller": "tools"}
{"ts": "2026-04-22T11:36:44.532849+00:00", "session": "01fde146-bfcb-4a38-b73a-514161c32564", "from": "idle", "to": "opening", "caller": "embedded.jaws"}
{"ts": "2026-04-22T11:36:44.623099+00:00", "session": "01fde146-bfcb-4a38-b73a-514161c32564", "from": "opening", "to": "active", "caller": "embedded.mounted"}
{"ts": "2026-04-22T11:36:45.946746+00:00", "session": "01fde146-bfcb-4a38-b73a-514161c32564", "from": "active", "to": "closing", "caller": "embedded.submit"}
{"ts": "2026-04-22T11:36:45.977246+00:00", "session": "01fde146-bfcb-4a38-b73a-514161c32564", "from": "closing", "to": "idle", "caller": "embedded.submit.teardown"}
{"ts": "2026-04-22T16:26:12.537777+00:00", "session": "bfc7321d-a577-49d2-a981-4106cf7b7f7e", "from": "idle", "to": "opening", "caller": "tools"}
{"ts": "2026-04-22T16:40:57.512745+00:00", "session": "b7875cdb-0d00-467e-a23c-dd9c7d398514", "from": "idle", "to": "opening", "caller": "tools"}
{"ts": "2026-04-22T16:41:53.839719+00:00", "session": "e684c34d-ea9e-4db5-bf6a-d671ecd1eee6", "from": "idle", "to": "opening", "caller": "tools"}
